#
# There is insufficient memory for the Java Runtime Environment to continue.
# Native memory allocation (mmap) failed to map 65536 bytes for Failed to commit metaspace.
# Possible reasons:
#   The system is out of physical RAM or swap space
#   The process is running with CompressedOops enabled, and the Java Heap may be blocking the growth of the native heap
# Possible solutions:
#   Reduce memory load on the system
#   Increase physical memory or swap space
#   Check if swap backing store is full
#   Decrease Java heap size (-Xmx/-Xms)
#   Decrease number of Java threads
#   Decrease Java thread stack sizes (-Xss)
#   Set larger code cache with -XX:ReservedCodeCacheSize=
#   JVM is running with Unscaled Compressed Oops mode in which the Java heap is
#     placed in the first 4GB address space. The Java Heap base address is the
#     maximum limit for the native heap growth. Please use -XX:HeapBaseMinAddress
#     to set the Java Heap base and to place the Java Heap above 4GB virtual address.
# This output file may be truncated or incomplete.
#
#  Out of Memory Error (virtualSpaceNode.cpp:110), pid=17896, tid=9040
#
# JRE version: OpenJDK Runtime Environment Temurin-17.0.10+7 (17.0.10+7) (build 17.0.10+7)
# Java VM: OpenJDK 64-Bit Server VM Temurin-17.0.10+7 (17.0.10+7, mixed mode, sharing, tiered, compressed oops, compressed class ptrs, g1 gc, windows-amd64)
# No core dump will be written. Minidumps are not enabled by default on client versions of Windows
#

---------------  S U M M A R Y ------------

Command Line: -XX:+ShowCodeDetailsInExceptionMessages main.ui.LandingFrame

Host: AMD 3020e with Radeon Graphics                 , 2 cores, 3G,  Windows 11 , 64 bit Build 22621 (10.0.22621.3527)
Time: Sat May 18 05:05:00 2024 Afr. centrale Ouest elapsed time: 1.658815 seconds (0d 0h 0m 1s)

---------------  T H R E A D  ---------------

Current thread (0x0000022a7f730050):  JavaThread "main" [_thread_in_vm, id=9040, stack(0x0000006079000000,0x0000006079100000)]

Stack: [0x0000006079000000,0x0000006079100000]
Native frames: (J=compiled Java code, j=interpreted, Vv=VM code, C=native code)
V  [jvm.dll+0x67d2c9]
V  [jvm.dll+0x834afa]
V  [jvm.dll+0x8365be]
V  [jvm.dll+0x836c23]
V  [jvm.dll+0x2477ff]
V  [jvm.dll+0x8307bb]
V  [jvm.dll+0x621d16]
V  [jvm.dll+0x621d7a]
V  [jvm.dll+0x6245aa]
V  [jvm.dll+0x6226b6]
V  [jvm.dll+0x23bd4f]
V  [jvm.dll+0x62c565]
V  [jvm.dll+0x1eb80b]
V  [jvm.dll+0x1ebd45]
V  [jvm.dll+0x1ec800]
V  [jvm.dll+0x1e1c01]
V  [jvm.dll+0x5427ce]
V  [jvm.dll+0x1f2647]
V  [jvm.dll+0x7adf9b]
V  [jvm.dll+0x7af36c]
V  [jvm.dll+0x7af6b8]
V  [jvm.dll+0x23face]
V  [jvm.dll+0x38260e]
C  0x0000022a103cb6ce

The last pc belongs to new (printed below).
Java frames: (J=compiled Java code, j=interpreted, Vv=VM code)
j  javax.swing.JComponent.getClientProperties()Ljavax/swing/ArrayTable;+8 java.desktop@17.0.10
j  javax.swing.JComponent.putClientProperty(Ljava/lang/Object;Ljava/lang/Object;)V+39 java.desktop@17.0.10
j  javax.swing.JLayeredPane.setLayer(Ljava/awt/Component;II)V+49 java.desktop@17.0.10
j  javax.swing.JLayeredPane.setLayer(Ljava/awt/Component;I)V+4 java.desktop@17.0.10
j  javax.swing.JLayeredPane.addImpl(Ljava/awt/Component;Ljava/lang/Object;I)V+20 java.desktop@17.0.10
j  java.awt.Container.add(Ljava/awt/Component;Ljava/lang/Object;)V+4 java.desktop@17.0.10
j  javax.swing.JRootPane.setContentPane(Ljava/awt/Container;)V+62 java.desktop@17.0.10
j  javax.swing.JRootPane.<init>()V+30 java.desktop@17.0.10
j  javax.swing.JFrame.createRootPane()Ljavax/swing/JRootPane;+4 java.desktop@17.0.10
j  javax.swing.JFrame.frameInit()V+16 java.desktop@17.0.10
j  javax.swing.JFrame.<init>()V+20 java.desktop@17.0.10
j  main.ui.LandingFrame.<init>()V+1
j  main.ui.LandingFrame.main([Ljava/lang/String;)V+4
v  ~StubRoutines::call_stub
new  187 new  [0x0000022a103cb540, 0x0000022a103cb760]  544 bytes
[MachCode]
  0x0000022a103cb540: 4883 ec08 | c5fa 1104 | 24eb 1f48 | 83ec 10c5 | fb11 0424 | eb14 4883 | ec10 4889 | 0424 48c7 
  0x0000022a103cb560: 4424 0800 | 0000 00eb | 0150 410f | b755 010f | cac1 ea10 | 488b 4de8 | 488b 4908 | 488b 4908 
  0x0000022a103cb580: 488b 4108 | 807c 1004 | 070f 85df | 0000 0066 | 8b54 d148 | 488b 4928 | 488b 4cd1 | 0851 80b9 
  0x0000022a103cb5a0: 3301 0000 | 040f 85c2 | 0000 008b | 5108 f7c2 | 0100 0000 | 0f85 b300 | 0000 498b | 8708 0100 
  0x0000022a103cb5c0: 0048 8d1c | 1049 3b9f | 1801 0000 | 0f87 9b00 | 0000 4989 | 9f08 0100 | 00e9 0000 | 0000 4883 
  0x0000022a103cb5e0: ea10 0f84 | 0f00 0000 | 33c9 c1ea | 0348 894c | d008 48ff | ca75 f648 | c700 0100 | 0000 5933 
  0x0000022a103cb600: f689 700c | 49ba 0000 | 001c 2a02 | 0000 492b | ca89 4808 | 49ba 7a35 | 5756 f97f | 0000 4180 
  0x0000022a103cb620: 3a00 0f84 | 4000 0000 | 5048 8bc8 | 4883 ec20 | f7c4 0f00 | 0000 0f84 | 1a00 0000 | 4883 ec08 
  0x0000022a103cb640: 49ba 2030 | 0d56 f97f | 0000 41ff | d248 83c4 | 08e9 0d00 | 0000 49ba | 2030 0d56 | f97f 0000 
  0x0000022a103cb660: 41ff d248 | 83c4 2058 | e9cd 0000 | 0059 488b | 55e8 488b | 5208 488b | 5208 450f | b745 0141 
  0x0000022a103cb680: 0fc8 41c1 | e810 e805 | 0000 00e9 | aa00 0000 | 488d 4424 | 084c 896d | c049 8bcf | c5f8 7749 
  0x0000022a103cb6a0: 89af a802 | 0000 4989 | 8798 0200 | 0048 83ec | 20f7 c40f | 0000 000f | 841a 0000 | 0048 83ec 
  0x0000022a103cb6c0: 0849 bac0 | 25d7 55f9 | 7f00 0041 | ffd2 4883 | c408 e90d | 0000 0049 | bac0 25d7 | 55f9 7f00 
  0x0000022a103cb6e0: 0041 ffd2 | 4883 c420 | 49c7 8798 | 0200 0000 | 0000 0049 | c787 a802 | 0000 0000 | 0000 49c7 
  0x0000022a103cb700: 87a0 0200 | 0000 0000 | 00c5 f877 | 4981 7f08 | 0000 0000 | 0f84 0500 | 0000 e9e1 | 57fe ff49 
  0x0000022a103cb720: 8b87 f002 | 0000 49c7 | 87f0 0200 | 0000 0000 | 004c 8b6d | c04c 8b75 | c8c3 410f | b65d 0349 
  0x0000022a103cb740: 83c5 0349 | ba90 a159 | 56f9 7f00 | 0041 ff24 | da0f 1f80 | 0000 0000 | 0000 0000 | 0000 0000 
[/MachCode]

---------------  P R O C E S S  ---------------

Threads class SMR info:
_java_thread_list=0x0000022a612609f0, length=15, elements={
0x0000022a7f730050, 0x0000022a7f7cd960, 0x0000022a7f7ce5f0, 0x0000022a1bb78ae0,
0x0000022a1bb794b0, 0x0000022a1bb79f80, 0x0000022a1bb7c960, 0x0000022a1bb7d610,
0x0000022a1bb7ffe0, 0x0000022a1bb840b0, 0x0000022a6105e030, 0x0000022a61068940,
0x0000022a6126f400, 0x0000022a612acaf0, 0x0000022a612b26e0
}

Java Threads: ( => current thread )
=>0x0000022a7f730050 JavaThread "main" [_thread_in_vm, id=9040, stack(0x0000006079000000,0x0000006079100000)]
  0x0000022a7f7cd960 JavaThread "Reference Handler" daemon [_thread_blocked, id=11564, stack(0x0000006079700000,0x0000006079800000)]
  0x0000022a7f7ce5f0 JavaThread "Finalizer" daemon [_thread_blocked, id=18300, stack(0x0000006079800000,0x0000006079900000)]
  0x0000022a1bb78ae0 JavaThread "Signal Dispatcher" daemon [_thread_blocked, id=20196, stack(0x0000006079900000,0x0000006079a00000)]
  0x0000022a1bb794b0 JavaThread "Attach Listener" daemon [_thread_blocked, id=19244, stack(0x0000006079a00000,0x0000006079b00000)]
  0x0000022a1bb79f80 JavaThread "Service Thread" daemon [_thread_blocked, id=19144, stack(0x0000006079b00000,0x0000006079c00000)]
  0x0000022a1bb7c960 JavaThread "Monitor Deflation Thread" daemon [_thread_blocked, id=17436, stack(0x0000006079c00000,0x0000006079d00000)]
  0x0000022a1bb7d610 JavaThread "C2 CompilerThread0" daemon [_thread_blocked, id=19816, stack(0x0000006079d00000,0x0000006079e00000)]
  0x0000022a1bb7ffe0 JavaThread "C1 CompilerThread0" daemon [_thread_blocked, id=20296, stack(0x0000006079e00000,0x0000006079f00000)]
  0x0000022a1bb840b0 JavaThread "Sweeper thread" daemon [_thread_blocked, id=9116, stack(0x0000006079f00000,0x000000607a000000)]
  0x0000022a6105e030 JavaThread "Notification Thread" daemon [_thread_blocked, id=17056, stack(0x000000607a000000,0x000000607a100000)]
  0x0000022a61068940 JavaThread "Common-Cleaner" daemon [_thread_blocked, id=10268, stack(0x000000607a200000,0x000000607a300000)]
  0x0000022a6126f400 JavaThread "Java2D Disposer" daemon [_thread_blocked, id=676, stack(0x000000607a300000,0x000000607a400000)]
  0x0000022a612acaf0 JavaThread "AWT-Shutdown" [_thread_blocked, id=15584, stack(0x000000607a400000,0x000000607a500000)]
  0x0000022a612b26e0 JavaThread "AWT-Windows" daemon [_thread_in_native, id=19712, stack(0x000000607a500000,0x000000607a600000)]

Other Threads:
  0x0000022a7f7c4ae0 VMThread "VM Thread" [stack: 0x0000006079600000,0x0000006079700000] [id=15684]
  0x0000022a61064530 WatcherThread [stack: 0x000000607a100000,0x000000607a200000] [id=4444]
  0x0000022a7f7688a0 GCTaskThread "GC Thread#0" [stack: 0x0000006079100000,0x0000006079200000] [id=20220]
  0x0000022a7f770ea0 ConcurrentGCThread "G1 Main Marker" [stack: 0x0000006079200000,0x0000006079300000] [id=16240]
  0x0000022a7f7718c0 ConcurrentGCThread "G1 Conc#0" [stack: 0x0000006079300000,0x0000006079400000] [id=692]
  0x0000022a7f7a84e0 ConcurrentGCThread "G1 Refine#0" [stack: 0x0000006079400000,0x0000006079500000] [id=9064]
  0x0000022a7f7a8f10 ConcurrentGCThread "G1 Service" [stack: 0x0000006079500000,0x0000006079600000] [id=20328]

Threads with active compile tasks:

VM state: not at safepoint (normal execution)

VM Mutex/Monitor currently owned by a thread:  ([mutex/lock_event])
[0x0000022a7f729320] Metaspace_lock - owner thread: 0x0000022a7f730050

Heap address: 0x00000000c8e00000, size: 882 MB, Compressed Oops mode: 32-bit

CDS archive(s) mapped at: [0x0000022a1c000000-0x0000022a1cbb0000-0x0000022a1cbb0000), size 12255232, SharedBaseAddress: 0x0000022a1c000000, ArchiveRelocationMode: 1.
Compressed class space mapped at: 0x0000022a1d000000-0x0000022a5d000000, reserved size: 1073741824
Narrow klass base: 0x0000022a1c000000, Narrow klass shift: 0, Narrow klass range: 0x100000000

GC Precious Log:
 CPUs: 2 total, 2 available
 Memory: 3521M
 Large Page Support: Disabled
 NUMA Support: Disabled
 Compressed Oops: Enabled (32-bit)
 Heap Region Size: 1M
 Heap Min Capacity: 8M
 Heap Initial Capacity: 56M
 Heap Max Capacity: 882M
 Pre-touch: Disabled
 Parallel Workers: 2
 Concurrent Workers: 1
 Concurrent Refinement Workers: 2
 Periodic GC: Disabled

Heap:
 garbage-first heap   total 57344K, used 2048K [0x00000000c8e00000, 0x0000000100000000)
  region size 1024K, 4 young (4096K), 0 survivors (0K)
 Metaspace       used 3992K, committed 4160K, reserved 1114112K
  class space    used 430K, committed 512K, reserved 1048576K

Heap Regions: E=young(eden), S=young(survivor), O=old, HS=humongous(starts), HC=humongous(continues), CS=collection set, F=free, OA=open archive, CA=closed archive, TAMS=top-at-mark-start (previous, next)
|   0|0x00000000c8e00000, 0x00000000c8e00000, 0x00000000c8f00000|  0%| F|  |TAMS 0x00000000c8e00000, 0x00000000c8e00000| Untracked 
|   1|0x00000000c8f00000, 0x00000000c8f00000, 0x00000000c9000000|  0%| F|  |TAMS 0x00000000c8f00000, 0x00000000c8f00000| Untracked 
|   2|0x00000000c9000000, 0x00000000c9000000, 0x00000000c9100000|  0%| F|  |TAMS 0x00000000c9000000, 0x00000000c9000000| Untracked 
|   3|0x00000000c9100000, 0x00000000c9100000, 0x00000000c9200000|  0%| F|  |TAMS 0x00000000c9100000, 0x00000000c9100000| Untracked 
|   4|0x00000000c9200000, 0x00000000c9200000, 0x00000000c9300000|  0%| F|  |TAMS 0x00000000c9200000, 0x00000000c9200000| Untracked 
|   5|0x00000000c9300000, 0x00000000c9300000, 0x00000000c9400000|  0%| F|  |TAMS 0x00000000c9300000, 0x00000000c9300000| Untracked 
|   6|0x00000000c9400000, 0x00000000c9400000, 0x00000000c9500000|  0%| F|  |TAMS 0x00000000c9400000, 0x00000000c9400000| Untracked 
|   7|0x00000000c9500000, 0x00000000c9500000, 0x00000000c9600000|  0%| F|  |TAMS 0x00000000c9500000, 0x00000000c9500000| Untracked 
|   8|0x00000000c9600000, 0x00000000c9600000, 0x00000000c9700000|  0%| F|  |TAMS 0x00000000c9600000, 0x00000000c9600000| Untracked 
|   9|0x00000000c9700000, 0x00000000c9700000, 0x00000000c9800000|  0%| F|  |TAMS 0x00000000c9700000, 0x00000000c9700000| Untracked 
|  10|0x00000000c9800000, 0x00000000c9800000, 0x00000000c9900000|  0%| F|  |TAMS 0x00000000c9800000, 0x00000000c9800000| Untracked 
|  11|0x00000000c9900000, 0x00000000c9900000, 0x00000000c9a00000|  0%| F|  |TAMS 0x00000000c9900000, 0x00000000c9900000| Untracked 
|  12|0x00000000c9a00000, 0x00000000c9a00000, 0x00000000c9b00000|  0%| F|  |TAMS 0x00000000c9a00000, 0x00000000c9a00000| Untracked 
|  13|0x00000000c9b00000, 0x00000000c9b00000, 0x00000000c9c00000|  0%| F|  |TAMS 0x00000000c9b00000, 0x00000000c9b00000| Untracked 
|  14|0x00000000c9c00000, 0x00000000c9c00000, 0x00000000c9d00000|  0%| F|  |TAMS 0x00000000c9c00000, 0x00000000c9c00000| Untracked 
|  15|0x00000000c9d00000, 0x00000000c9d00000, 0x00000000c9e00000|  0%| F|  |TAMS 0x00000000c9d00000, 0x00000000c9d00000| Untracked 
|  16|0x00000000c9e00000, 0x00000000c9e00000, 0x00000000c9f00000|  0%| F|  |TAMS 0x00000000c9e00000, 0x00000000c9e00000| Untracked 
|  17|0x00000000c9f00000, 0x00000000c9f00000, 0x00000000ca000000|  0%| F|  |TAMS 0x00000000c9f00000, 0x00000000c9f00000| Untracked 
|  18|0x00000000ca000000, 0x00000000ca000000, 0x00000000ca100000|  0%| F|  |TAMS 0x00000000ca000000, 0x00000000ca000000| Untracked 
|  19|0x00000000ca100000, 0x00000000ca100000, 0x00000000ca200000|  0%| F|  |TAMS 0x00000000ca100000, 0x00000000ca100000| Untracked 
|  20|0x00000000ca200000, 0x00000000ca200000, 0x00000000ca300000|  0%| F|  |TAMS 0x00000000ca200000, 0x00000000ca200000| Untracked 
|  21|0x00000000ca300000, 0x00000000ca300000, 0x00000000ca400000|  0%| F|  |TAMS 0x00000000ca300000, 0x00000000ca300000| Untracked 
|  22|0x00000000ca400000, 0x00000000ca400000, 0x00000000ca500000|  0%| F|  |TAMS 0x00000000ca400000, 0x00000000ca400000| Untracked 
|  23|0x00000000ca500000, 0x00000000ca500000, 0x00000000ca600000|  0%| F|  |TAMS 0x00000000ca500000, 0x00000000ca500000| Untracked 
|  24|0x00000000ca600000, 0x00000000ca600000, 0x00000000ca700000|  0%| F|  |TAMS 0x00000000ca600000, 0x00000000ca600000| Untracked 
|  25|0x00000000ca700000, 0x00000000ca700000, 0x00000000ca800000|  0%| F|  |TAMS 0x00000000ca700000, 0x00000000ca700000| Untracked 
|  26|0x00000000ca800000, 0x00000000ca800000, 0x00000000ca900000|  0%| F|  |TAMS 0x00000000ca800000, 0x00000000ca800000| Untracked 
|  27|0x00000000ca900000, 0x00000000ca900000, 0x00000000caa00000|  0%| F|  |TAMS 0x00000000ca900000, 0x00000000ca900000| Untracked 
|  28|0x00000000caa00000, 0x00000000caa00000, 0x00000000cab00000|  0%| F|  |TAMS 0x00000000caa00000, 0x00000000caa00000| Untracked 
|  29|0x00000000cab00000, 0x00000000cab00000, 0x00000000cac00000|  0%| F|  |TAMS 0x00000000cab00000, 0x00000000cab00000| Untracked 
|  30|0x00000000cac00000, 0x00000000cac00000, 0x00000000cad00000|  0%| F|  |TAMS 0x00000000cac00000, 0x00000000cac00000| Untracked 
|  31|0x00000000cad00000, 0x00000000cad00000, 0x00000000cae00000|  0%| F|  |TAMS 0x00000000cad00000, 0x00000000cad00000| Untracked 
|  32|0x00000000cae00000, 0x00000000cae00000, 0x00000000caf00000|  0%| F|  |TAMS 0x00000000cae00000, 0x00000000cae00000| Untracked 
|  33|0x00000000caf00000, 0x00000000caf00000, 0x00000000cb000000|  0%| F|  |TAMS 0x00000000caf00000, 0x00000000caf00000| Untracked 
|  34|0x00000000cb000000, 0x00000000cb000000, 0x00000000cb100000|  0%| F|  |TAMS 0x00000000cb000000, 0x00000000cb000000| Untracked 
|  35|0x00000000cb100000, 0x00000000cb100000, 0x00000000cb200000|  0%| F|  |TAMS 0x00000000cb100000, 0x00000000cb100000| Untracked 
|  36|0x00000000cb200000, 0x00000000cb200000, 0x00000000cb300000|  0%| F|  |TAMS 0x00000000cb200000, 0x00000000cb200000| Untracked 
|  37|0x00000000cb300000, 0x00000000cb300000, 0x00000000cb400000|  0%| F|  |TAMS 0x00000000cb300000, 0x00000000cb300000| Untracked 
|  38|0x00000000cb400000, 0x00000000cb400000, 0x00000000cb500000|  0%| F|  |TAMS 0x00000000cb400000, 0x00000000cb400000| Untracked 
|  39|0x00000000cb500000, 0x00000000cb500000, 0x00000000cb600000|  0%| F|  |TAMS 0x00000000cb500000, 0x00000000cb500000| Untracked 
|  40|0x00000000cb600000, 0x00000000cb600000, 0x00000000cb700000|  0%| F|  |TAMS 0x00000000cb600000, 0x00000000cb600000| Untracked 
|  41|0x00000000cb700000, 0x00000000cb700000, 0x00000000cb800000|  0%| F|  |TAMS 0x00000000cb700000, 0x00000000cb700000| Untracked 
|  42|0x00000000cb800000, 0x00000000cb800000, 0x00000000cb900000|  0%| F|  |TAMS 0x00000000cb800000, 0x00000000cb800000| Untracked 
|  43|0x00000000cb900000, 0x00000000cb900000, 0x00000000cba00000|  0%| F|  |TAMS 0x00000000cb900000, 0x00000000cb900000| Untracked 
|  44|0x00000000cba00000, 0x00000000cba00000, 0x00000000cbb00000|  0%| F|  |TAMS 0x00000000cba00000, 0x00000000cba00000| Untracked 
|  45|0x00000000cbb00000, 0x00000000cbb00000, 0x00000000cbc00000|  0%| F|  |TAMS 0x00000000cbb00000, 0x00000000cbb00000| Untracked 
|  46|0x00000000cbc00000, 0x00000000cbc00000, 0x00000000cbd00000|  0%| F|  |TAMS 0x00000000cbc00000, 0x00000000cbc00000| Untracked 
|  47|0x00000000cbd00000, 0x00000000cbd00000, 0x00000000cbe00000|  0%| F|  |TAMS 0x00000000cbd00000, 0x00000000cbd00000| Untracked 
|  48|0x00000000cbe00000, 0x00000000cbe00000, 0x00000000cbf00000|  0%| F|  |TAMS 0x00000000cbe00000, 0x00000000cbe00000| Untracked 
|  49|0x00000000cbf00000, 0x00000000cbf00000, 0x00000000cc000000|  0%| F|  |TAMS 0x00000000cbf00000, 0x00000000cbf00000| Untracked 
|  50|0x00000000cc000000, 0x00000000cc000000, 0x00000000cc100000|  0%| F|  |TAMS 0x00000000cc000000, 0x00000000cc000000| Untracked 
|  51|0x00000000cc100000, 0x00000000cc100000, 0x00000000cc200000|  0%| F|  |TAMS 0x00000000cc100000, 0x00000000cc100000| Untracked 
|  52|0x00000000cc200000, 0x00000000cc2d7de8, 0x00000000cc300000| 84%| E|  |TAMS 0x00000000cc200000, 0x00000000cc200000| Complete 
|  53|0x00000000cc300000, 0x00000000cc400000, 0x00000000cc400000|100%| E|CS|TAMS 0x00000000cc300000, 0x00000000cc300000| Complete 
|  54|0x00000000cc400000, 0x00000000cc500000, 0x00000000cc500000|100%| E|CS|TAMS 0x00000000cc400000, 0x00000000cc400000| Complete 
|  55|0x00000000cc500000, 0x00000000cc600000, 0x00000000cc600000|100%| E|  |TAMS 0x00000000cc500000, 0x00000000cc500000| Complete 

Card table byte_map: [0x0000022a7f4a0000,0x0000022a7f660000] _byte_map_base: 0x0000022a7ee59000

Marking Bits (Prev, Next): (CMBitMap*) 0x0000022a7f768ec0, (CMBitMap*) 0x0000022a7f768f00
 Prev Bits: [0x0000022a17e80000, 0x0000022a18c48000)
 Next Bits: [0x0000022a18c50000, 0x0000022a19a18000)

Polling page: 0x0000022a7e8a0000

Metaspace:

Usage:
  Non-class:      3.48 MB used.
      Class:    430.03 KB used.
       Both:      3.90 MB used.

Virtual space:
  Non-class space:       64.00 MB reserved,       3.56 MB (  6%) committed,  1 nodes.
      Class space:        1.00 GB reserved,     512.00 KB ( <1%) committed,  1 nodes.
             Both:        1.06 GB reserved,       4.06 MB ( <1%) committed. 

Chunk freelists:
   Non-Class:  11.86 MB
       Class:  15.51 MB
        Both:  27.37 MB

MaxMetaspaceSize: unlimited
CompressedClassSpaceSize: 1.00 GB
Initial GC threshold: 21.00 MB
Current GC threshold: 21.00 MB
CDS: on
MetaspaceReclaimPolicy: balanced
 - commit_granule_bytes: 65536.
 - commit_granule_words: 8192.
 - virtual_space_node_default_size: 8388608.
 - enlarge_chunks_in_place: 1.
 - new_chunks_are_fully_committed: 0.
 - uncommit_free_chunks: 1.
 - use_allocation_guard: 0.
 - handle_deallocations: 1.


Internal statistics:

num_allocs_failed_limit: 0.
num_arena_births: 88.
num_arena_deaths: 0.
num_vsnodes_births: 2.
num_vsnodes_deaths: 0.
num_space_committed: 65.
num_space_uncommitted: 0.
num_chunks_returned_to_freelist: 0.
num_chunks_taken_from_freelist: 100.
num_chunk_merges: 0.
num_chunk_splits: 69.
num_chunks_enlarged: 44.
num_inconsistent_stats: 0.

CodeHeap 'non-profiled nmethods': size=120064Kb used=124Kb max_used=124Kb free=119939Kb
 bounds [0x0000022a10940000, 0x0000022a10bb0000, 0x0000022a17e80000]
CodeHeap 'profiled nmethods': size=120000Kb used=722Kb max_used=722Kb free=119277Kb
 bounds [0x0000022a08e80000, 0x0000022a090f0000, 0x0000022a103b0000]
CodeHeap 'non-nmethods': size=5696Kb used=1178Kb max_used=1191Kb free=4517Kb
 bounds [0x0000022a103b0000, 0x0000022a10620000, 0x0000022a10940000]
 total_blobs=960 nmethods=481 adapters=392
 compilation: enabled
              stopped_count=0, restarted_count=0
 full_count=0

Compilation events (20 events):
Event: 1.607 Thread 0x0000022a1bb7ffe0 nmethod 471 0x0000022a1095df90 code [0x0000022a1095e120, 0x0000022a1095e1d8]
Event: 1.607 Thread 0x0000022a1bb7ffe0  472       1       java.lang.invoke.MethodHandleImpl::isCompileConstant (2 bytes)
Event: 1.607 Thread 0x0000022a1bb7ffe0 nmethod 472 0x0000022a1095e290 code [0x0000022a1095e420, 0x0000022a1095e4d8]
Event: 1.608 Thread 0x0000022a1bb7ffe0  474       3       java.lang.invoke.ConstantCallSite::getTarget (20 bytes)
Event: 1.608 Thread 0x0000022a1bb7d610 nmethod 470 0x0000022a1095e590 code [0x0000022a1095e700, 0x0000022a1095e8d8]
Event: 1.608 Thread 0x0000022a1bb7ffe0 nmethod 474 0x0000022a08f31c10 code [0x0000022a08f31dc0, 0x0000022a08f31fc8]
Event: 1.608 Thread 0x0000022a1bb7d610  473       4       java.lang.invoke.MemberName::getReferenceKind (12 bytes)
Event: 1.610 Thread 0x0000022a1bb7d610 nmethod 473 0x0000022a1095e990 code [0x0000022a1095eb00, 0x0000022a1095eb78]
Event: 1.616 Thread 0x0000022a1bb7ffe0  475       3       java.util.HashMap$KeyIterator::next (8 bytes)
Event: 1.616 Thread 0x0000022a1bb7ffe0 nmethod 475 0x0000022a08f32090 code [0x0000022a08f32240, 0x0000022a08f32388]
Event: 1.617 Thread 0x0000022a1bb7ffe0  476       3       java.util.ImmutableCollections$List12::size (16 bytes)
Event: 1.617 Thread 0x0000022a1bb7ffe0 nmethod 476 0x0000022a08f32490 code [0x0000022a08f32620, 0x0000022a08f327b8]
Event: 1.618 Thread 0x0000022a1bb7ffe0  477       3       sun.util.ResourceBundleEnumeration::hasMoreElements (117 bytes)
Event: 1.619 Thread 0x0000022a1bb7ffe0 nmethod 477 0x0000022a08f32890 code [0x0000022a08f32ac0, 0x0000022a08f33588]
Event: 1.619 Thread 0x0000022a1bb7ffe0  478       3       java.lang.String::endsWith (15 bytes)
Event: 1.619 Thread 0x0000022a1bb7ffe0 nmethod 478 0x0000022a08f33790 code [0x0000022a08f33960, 0x0000022a08f33ca8]
Event: 1.619 Thread 0x0000022a1bb7ffe0  479       3       sun.util.ResourceBundleEnumeration::nextElement (5 bytes)
Event: 1.620 Thread 0x0000022a1bb7ffe0 nmethod 479 0x0000022a08f33e90 code [0x0000022a08f34060, 0x0000022a08f34318]
Event: 1.623 Thread 0x0000022a1bb7ffe0  480       3       java.lang.StringConcatHelper::checkOverflow (17 bytes)
Event: 1.623 Thread 0x0000022a1bb7ffe0 nmethod 480 0x0000022a08f34410 code [0x0000022a08f345c0, 0x0000022a08f347a8]

GC Heap History (0 events):
No events

Dll operation events (7 events):
Event: 0.071 Loaded shared library C:\Users\Aouimeur Sabrine\AppData\Local\Programs\Eclipse Adoptium\jdk-17.0.10.7-hotspot\bin\java.dll
Event: 0.169 Loaded shared library C:\Users\Aouimeur Sabrine\AppData\Local\Programs\Eclipse Adoptium\jdk-17.0.10.7-hotspot\bin\jsvml.dll
Event: 0.399 Loaded shared library C:\Users\Aouimeur Sabrine\AppData\Local\Programs\Eclipse Adoptium\jdk-17.0.10.7-hotspot\bin\jimage.dll
Event: 0.444 Loaded shared library C:\Users\Aouimeur Sabrine\AppData\Local\Programs\Eclipse Adoptium\jdk-17.0.10.7-hotspot\bin\net.dll
Event: 0.454 Loaded shared library C:\Users\Aouimeur Sabrine\AppData\Local\Programs\Eclipse Adoptium\jdk-17.0.10.7-hotspot\bin\nio.dll
Event: 0.477 Loaded shared library C:\Users\Aouimeur Sabrine\AppData\Local\Programs\Eclipse Adoptium\jdk-17.0.10.7-hotspot\bin\zip.dll
Event: 0.623 Loaded shared library C:\Users\Aouimeur Sabrine\AppData\Local\Programs\Eclipse Adoptium\jdk-17.0.10.7-hotspot\bin\awt.dll

Deoptimization events (0 events):
No events

Classes unloaded (0 events):
No events

Classes redefined (0 events):
No events

Internal exceptions (10 events):
Event: 0.550 Thread 0x0000022a7f730050 Exception <a 'java/lang/ClassNotFoundException'{0x00000000cc45cf50}: sun/awt/resources/spi/awtProvider> (0x00000000cc45cf50) 
thrown [s\src\hotspot\share\classfile\systemDictionary.cpp, line 256]
Event: 0.780 Thread 0x0000022a7f730050 Exception <a 'java/io/FileNotFoundException'{0x00000000cc4b5ba8}> (0x00000000cc4b5ba8) 
thrown [s\src\hotspot\share\prims\jni.cpp, line 516]
Event: 0.812 Thread 0x0000022a7f730050 Exception <a 'java/io/FileNotFoundException'{0x00000000cc4e3020}> (0x00000000cc4e3020) 
thrown [s\src\hotspot\share\prims\jni.cpp, line 516]
Event: 1.124 Thread 0x0000022a7f730050 Exception <a 'java/lang/NoSuchMethodError'{0x00000000cc335568}: 'java.lang.Object java.lang.invoke.DirectMethodHandle$Holder.invokeStaticInit(java.lang.Object)'> (0x00000000cc335568) 
thrown [s\src\hotspot\share\interpreter\linkResolver.cpp, line 759]
Event: 1.477 Thread 0x0000022a7f730050 Exception <a 'java/lang/NoSuchMethodError'{0x00000000cc3a1298}: 'void java.lang.invoke.DirectMethodHandle$Holder.invokeSpecial(java.lang.Object, java.lang.Object, java.lang.Object)'> (0x00000000cc3a1298) 
thrown [s\src\hotspot\share\interpreter\linkResolver.cpp, line 759]
Event: 1.522 Thread 0x0000022a7f730050 Exception <a 'java/lang/NoSuchMethodError'{0x00000000cc3cb5b8}: 'java.lang.Object java.lang.invoke.DirectMethodHandle$Holder.newInvokeSpecial(java.lang.Object, java.lang.Object, java.lang.Object, java.lang.Object, java.lang.Object)'> (0x00000000cc3cb5b8) 
thrown [s\src\hotspot\share\interpreter\linkResolver.cpp, line 759]
Event: 1.545 Thread 0x0000022a7f730050 Exception <a 'java/lang/NoSuchMethodError'{0x00000000cc3d6f80}: 'java.lang.Object java.lang.invoke.DirectMethodHandle$Holder.invokeStatic(java.lang.Object, int, java.lang.Object, java.lang.Object, java.lang.Object, java.lang.Object)'> (0x00000000cc3d6f80) 
thrown [s\src\hotspot\share\interpreter\linkResolver.cpp, line 759]
Event: 1.555 Thread 0x0000022a7f730050 Exception <a 'java/lang/NoSuchMethodError'{0x00000000cc3fcde0}: 'java.lang.Object java.lang.invoke.DirectMethodHandle$Holder.invokeStatic(java.lang.Object, int, java.lang.Object)'> (0x00000000cc3fcde0) 
thrown [s\src\hotspot\share\interpreter\linkResolver.cpp, line 759]
Event: 1.614 Thread 0x0000022a7f730050 Exception <a 'java/lang/ClassNotFoundException'{0x00000000cc2b58a8}: com/sun/swing/internal/plaf/metal/resources/spi/metalProvider> (0x00000000cc2b58a8) 
thrown [s\src\hotspot\share\classfile\systemDictionary.cpp, line 256]
Event: 1.616 Thread 0x0000022a7f730050 Exception <a 'java/lang/ClassNotFoundException'{0x00000000cc2ba558}: com/sun/swing/internal/plaf/basic/resources/spi/basicProvider> (0x00000000cc2ba558) 
thrown [s\src\hotspot\share\classfile\systemDictionary.cpp, line 256]

VM Operations (4 events):
Event: 0.499 Executing VM operation: HandshakeAllThreads
Event: 0.499 Executing VM operation: HandshakeAllThreads done
Event: 1.504 Executing VM operation: Cleanup
Event: 1.508 Executing VM operation: Cleanup done

Events (20 events):
Event: 1.617 loading class com/sun/swing/internal/plaf/basic/resources/basic_fr_CA done
Event: 1.619 loading class sun/reflect/misc/ReflectUtil
Event: 1.619 loading class sun/reflect/misc/ReflectUtil done
Event: 1.619 loading class javax/swing/plaf/basic/BasicPanelUI
Event: 1.619 loading class javax/swing/plaf/PanelUI
Event: 1.620 loading class javax/swing/plaf/ComponentUI
Event: 1.620 loading class javax/swing/plaf/ComponentUI done
Event: 1.620 loading class javax/swing/plaf/PanelUI done
Event: 1.620 loading class javax/swing/plaf/basic/BasicPanelUI done
Event: 1.620 loading class java/awt/Component$BaselineResizeBehavior
Event: 1.620 loading class java/awt/Component$BaselineResizeBehavior done
Event: 1.621 loading class javax/swing/RepaintManager$ProcessingRunnable
Event: 1.621 loading class javax/swing/RepaintManager$ProcessingRunnable done
Event: 1.621 loading class com/sun/java/swing/SwingUtilities3
Event: 1.622 loading class com/sun/java/swing/SwingUtilities3 done
Event: 1.624 loading class javax/swing/JLayeredPane
Event: 1.624 loading class javax/swing/JLayeredPane done
Event: 1.626 loading class javax/swing/JRootPane$1
Event: 1.627 loading class javax/swing/JRootPane$1 done
Event: 1.627 loading class javax/swing/ArrayTable


Dynamic libraries:
0x00007ff6e5970000 - 0x00007ff6e597e000 	C:\Users\Aouimeur Sabrine\AppData\Local\Programs\Eclipse Adoptium\jdk-17.0.10.7-hotspot\bin\java.exe
0x00007ff9aaab0000 - 0x00007ff9aacc7000 	C:\WINDOWS\SYSTEM32\ntdll.dll
0x00007ff9a08c0000 - 0x00007ff9a08d9000 	C:\Program Files\AVG\Antivirus\aswhook.dll
0x00007ff9a8fc0000 - 0x00007ff9a9084000 	C:\WINDOWS\System32\KERNEL32.DLL
0x00007ff9a7e50000 - 0x00007ff9a81f7000 	C:\WINDOWS\System32\KERNELBASE.dll
0x00007ff9a83e0000 - 0x00007ff9a84f1000 	C:\WINDOWS\System32\ucrtbase.dll
0x00007ff98d990000 - 0x00007ff98d9a7000 	C:\Users\Aouimeur Sabrine\AppData\Local\Programs\Eclipse Adoptium\jdk-17.0.10.7-hotspot\bin\jli.dll
0x00007ff98d470000 - 0x00007ff98d48b000 	C:\Users\Aouimeur Sabrine\AppData\Local\Programs\Eclipse Adoptium\jdk-17.0.10.7-hotspot\bin\VCRUNTIME140.dll
0x00007ff9a8ae0000 - 0x00007ff9a8c8e000 	C:\WINDOWS\System32\USER32.dll
0x00007ff9a8780000 - 0x00007ff9a87a6000 	C:\WINDOWS\System32\win32u.dll
0x00007ff9999a0000 - 0x00007ff999c33000 	C:\WINDOWS\WinSxS\amd64_microsoft.windows.common-controls_6595b64144ccf1df_6.0.22621.3527_none_270e469b73872a76\COMCTL32.dll
0x00007ff9aaa40000 - 0x00007ff9aaa69000 	C:\WINDOWS\System32\GDI32.dll
0x00007ff9a8660000 - 0x00007ff9a8779000 	C:\WINDOWS\System32\gdi32full.dll
0x00007ff9a85c0000 - 0x00007ff9a865a000 	C:\WINDOWS\System32\msvcp_win.dll
0x00007ff9a88c0000 - 0x00007ff9a8967000 	C:\WINDOWS\System32\msvcrt.dll
0x00007ff9a8f80000 - 0x00007ff9a8fb1000 	C:\WINDOWS\System32\IMM32.DLL
0x00007ff997140000 - 0x00007ff99714c000 	C:\Users\Aouimeur Sabrine\AppData\Local\Programs\Eclipse Adoptium\jdk-17.0.10.7-hotspot\bin\vcruntime140_1.dll
0x00007ff9650e0000 - 0x00007ff96516d000 	C:\Users\Aouimeur Sabrine\AppData\Local\Programs\Eclipse Adoptium\jdk-17.0.10.7-hotspot\bin\msvcp140.dll
0x00007ff9559f0000 - 0x00007ff956652000 	C:\Users\Aouimeur Sabrine\AppData\Local\Programs\Eclipse Adoptium\jdk-17.0.10.7-hotspot\bin\server\jvm.dll
0x00007ff9aa120000 - 0x00007ff9aa1d2000 	C:\WINDOWS\System32\ADVAPI32.dll
0x00007ff9a8c90000 - 0x00007ff9a8d38000 	C:\WINDOWS\System32\sechost.dll
0x00007ff9a87b0000 - 0x00007ff9a87d8000 	C:\WINDOWS\System32\bcrypt.dll
0x00007ff9a9a40000 - 0x00007ff9a9b55000 	C:\WINDOWS\System32\RPCRT4.dll
0x00007ff9a7c90000 - 0x00007ff9a7cdd000 	C:\WINDOWS\SYSTEM32\POWRPROF.dll
0x00007ff9a0c90000 - 0x00007ff9a0c9a000 	C:\WINDOWS\SYSTEM32\VERSION.dll
0x00007ff9a0ca0000 - 0x00007ff9a0cd4000 	C:\WINDOWS\SYSTEM32\WINMM.dll
0x00007ff994a10000 - 0x00007ff994a19000 	C:\WINDOWS\SYSTEM32\WSOCK32.dll
0x00007ff9a9f00000 - 0x00007ff9a9f71000 	C:\WINDOWS\System32\WS2_32.dll
0x00007ff9a7c70000 - 0x00007ff9a7c83000 	C:\WINDOWS\SYSTEM32\UMPDC.dll
0x00007ff9a6df0000 - 0x00007ff9a6e08000 	C:\WINDOWS\SYSTEM32\kernel.appcore.dll
0x00007ff995df0000 - 0x00007ff995dfa000 	C:\Users\Aouimeur Sabrine\AppData\Local\Programs\Eclipse Adoptium\jdk-17.0.10.7-hotspot\bin\jimage.dll
0x00007ff99b290000 - 0x00007ff99b4c2000 	C:\WINDOWS\SYSTEM32\DBGHELP.DLL
0x00007ff9a9b60000 - 0x00007ff9a9ee8000 	C:\WINDOWS\System32\combase.dll
0x00007ff9a87e0000 - 0x00007ff9a88b7000 	C:\WINDOWS\System32\OLEAUT32.dll
0x00007ff998810000 - 0x00007ff998842000 	C:\WINDOWS\SYSTEM32\dbgcore.DLL
0x00007ff9a7dd0000 - 0x00007ff9a7e49000 	C:\WINDOWS\System32\bcryptPrimitives.dll
0x00007ff985400000 - 0x00007ff985425000 	C:\Users\Aouimeur Sabrine\AppData\Local\Programs\Eclipse Adoptium\jdk-17.0.10.7-hotspot\bin\java.dll
0x00007ff9603e0000 - 0x00007ff9604b7000 	C:\Users\Aouimeur Sabrine\AppData\Local\Programs\Eclipse Adoptium\jdk-17.0.10.7-hotspot\bin\jsvml.dll
0x00007ff9aa1e0000 - 0x00007ff9aaa3c000 	C:\WINDOWS\System32\SHELL32.dll
0x00007ff9a5d10000 - 0x00007ff9a6606000 	C:\WINDOWS\SYSTEM32\windows.storage.dll
0x00007ff9a5bd0000 - 0x00007ff9a5d0e000 	C:\WINDOWS\SYSTEM32\wintypes.dll
0x00007ff9a89e0000 - 0x00007ff9a8ad5000 	C:\WINDOWS\System32\SHCORE.dll
0x00007ff9a8d40000 - 0x00007ff9a8d9e000 	C:\WINDOWS\System32\shlwapi.dll
0x00007ff9a7d00000 - 0x00007ff9a7d21000 	C:\WINDOWS\SYSTEM32\profapi.dll
0x00007ff98d1b0000 - 0x00007ff98d1c9000 	C:\Users\Aouimeur Sabrine\AppData\Local\Programs\Eclipse Adoptium\jdk-17.0.10.7-hotspot\bin\net.dll
0x00007ff9a08e0000 - 0x00007ff9a0a16000 	C:\WINDOWS\SYSTEM32\WINHTTP.dll
0x00007ff9a7260000 - 0x00007ff9a72c9000 	C:\WINDOWS\system32\mswsock.dll
0x00007ff985d40000 - 0x00007ff985d56000 	C:\Users\Aouimeur Sabrine\AppData\Local\Programs\Eclipse Adoptium\jdk-17.0.10.7-hotspot\bin\nio.dll
0x00007ff9857d0000 - 0x00007ff9857e8000 	C:\Users\Aouimeur Sabrine\AppData\Local\Programs\Eclipse Adoptium\jdk-17.0.10.7-hotspot\bin\zip.dll
0x00007ff95ec70000 - 0x00007ff95ee00000 	C:\Users\Aouimeur Sabrine\AppData\Local\Programs\Eclipse Adoptium\jdk-17.0.10.7-hotspot\bin\awt.dll
0x00007ff9a5170000 - 0x00007ff9a5207000 	C:\WINDOWS\SYSTEM32\apphelp.dll
0x00007ff9a5760000 - 0x00007ff9a578b000 	C:\WINDOWS\system32\DWMAPI.DLL
0x00007ff9a5330000 - 0x00007ff9a53db000 	C:\WINDOWS\system32\uxtheme.dll
0x00007ff938f40000 - 0x00007ff939040000 	C:\WINDOWS\system32\opengl32.dll
0x00007ff938a00000 - 0x00007ff938a2d000 	C:\WINDOWS\SYSTEM32\GLU32.dll
0x00007ff9a5430000 - 0x00007ff9a5469000 	C:\WINDOWS\SYSTEM32\dxcore.dll
0x00007ff9a8e20000 - 0x00007ff9a8f73000 	C:\WINDOWS\System32\MSCTF.dll
0x00007ff9a9770000 - 0x00007ff9a9915000 	C:\WINDOWS\System32\ole32.dll
0x00007ff965e30000 - 0x00007ff965fd9000 	C:\WINDOWS\system32\d3d9.dll
0x00007ff9a0ce0000 - 0x00007ff9a0ebb000 	C:\WINDOWS\System32\DriverStore\FileRepository\u0364341.inf_amd64_c22b73fb0c3a32d3\B364190\aticfx64.dll
0x00007ff9745e0000 - 0x00007ff974613000 	C:\WINDOWS\System32\DriverStore\FileRepository\u0364341.inf_amd64_c22b73fb0c3a32d3\B364190\atiu9p64.dll
0x00007ff954d50000 - 0x00007ff9559e6000 	C:\WINDOWS\System32\DriverStore\FileRepository\u0364341.inf_amd64_c22b73fb0c3a32d3\B364190\atiumd64.dll
0x00007ff9a0aa0000 - 0x00007ff9a0acf000 	C:\WINDOWS\SYSTEM32\amdihk64.dll
0x00007ff9a3020000 - 0x00007ff9a306a000 	C:\WINDOWS\SYSTEM32\directxdatabasehelper.dll

dbghelp: loaded successfully - version: 4.0.5 - missing functions: none
symbol engine: initialized successfully - sym options: 0x614 - pdb path: .;C:\Users\Aouimeur Sabrine\AppData\Local\Programs\Eclipse Adoptium\jdk-17.0.10.7-hotspot\bin;C:\WINDOWS\SYSTEM32;C:\Program Files\AVG\Antivirus;C:\WINDOWS\WinSxS\amd64_microsoft.windows.common-controls_6595b64144ccf1df_6.0.22621.3527_none_270e469b73872a76;C:\Users\Aouimeur Sabrine\AppData\Local\Programs\Eclipse Adoptium\jdk-17.0.10.7-hotspot\bin\server;C:\WINDOWS\System32\DriverStore\FileRepository\u0364341.inf_amd64_c22b73fb0c3a32d3\B364190

VM Arguments:
jvm_args: -XX:+ShowCodeDetailsInExceptionMessages 
java_command: main.ui.LandingFrame
java_class_path (initial): C:\Users\Aouimeur Sabrine\AppData\Roaming\Code\User\workspaceStorage\71e7c252d79c2a0c943cfb81f7c9264c\redhat.java\jdt_ws\Real-estate-agency-app_b6ae75e9\bin;c:\Users\Aouimeur Sabrine\Downloads\rs2xml.jar;c:\Users\Aouimeur Sabrine\Downloads\ojdbc11.jar;c:\Users\Aouimeur Sabrine\Documents\GitHub\Real-estate-agency-app\AppImmo\lib\smtp-1.4.4.jar
Launcher Type: SUN_STANDARD

[Global flags]
     intx CICompilerCount                          = 2                                         {product} {ergonomic}
     uint ConcGCThreads                            = 1                                         {product} {ergonomic}
     uint G1ConcRefinementThreads                  = 2                                         {product} {ergonomic}
   size_t G1HeapRegionSize                         = 1048576                                   {product} {ergonomic}
    uintx GCDrainStackTargetSize                   = 64                                        {product} {ergonomic}
   size_t InitialHeapSize                          = 58720256                                  {product} {ergonomic}
   size_t MarkStackSize                            = 4194304                                   {product} {ergonomic}
   size_t MaxHeapSize                              = 924844032                                 {product} {ergonomic}
   size_t MaxNewSize                               = 554696704                                 {product} {ergonomic}
   size_t MinHeapDeltaBytes                        = 1048576                                   {product} {ergonomic}
   size_t MinHeapSize                              = 8388608                                   {product} {ergonomic}
    uintx NonNMethodCodeHeapSize                   = 5826188                                {pd product} {ergonomic}
    uintx NonProfiledCodeHeapSize                  = 122916026                              {pd product} {ergonomic}
    uintx ProfiledCodeHeapSize                     = 122916026                              {pd product} {ergonomic}
    uintx ReservedCodeCacheSize                    = 251658240                              {pd product} {ergonomic}
     bool SegmentedCodeCache                       = true                                      {product} {ergonomic}
     bool ShowCodeDetailsInExceptionMessages       = true                                   {manageable} {command line}
   size_t SoftMaxHeapSize                          = 924844032                              {manageable} {ergonomic}
     bool UseCompressedClassPointers               = true                           {product lp64_product} {ergonomic}
     bool UseCompressedOops                        = true                           {product lp64_product} {ergonomic}
     bool UseG1GC                                  = true                                      {product} {ergonomic}
     bool UseLargePagesIndividualAllocation        = false                                  {pd product} {ergonomic}

Logging:
Log output configuration:
 #0: stdout all=warning uptime,level,tags
 #1: stderr all=off uptime,level,tags

Environment Variables:
JAVA_HOME=C:\Users\Aouimeur Sabrine\AppData\Local\Programs\Eclipse Adoptium\jdk-17.0.10.7-hotspot\
PATH=C:\oraclexe\app\oracle\product\11.2.0\server\bin;C:\Program Files (x86)\VMware\VMware Workstation\bin\;C:\WINDOWS\system32;C:\WINDOWS;C:\WINDOWS\System32\Wbem;C:\WINDOWS\System32\WindowsPowerShell\v1.0\;C:\WINDOWS\System32\OpenSSH\;C:\Users\Aouimeur Sabrine\AppData\Local\Programs\Eclipse Adoptium\jdk-17.0.10.7-hotspot\bin;C:\Python\Python312\Scripts\;C:\Python\Python312\;C:\Users\Aouimeur Sabrine\AppData\Local\Microsoft\WindowsApps;C:\Users\Aouimeur Sabrine\AppData\Local\Programs\Microsoft VS Code\bin;C:\Users\Aouimeur Sabrine\AppData\Local\GitHubDesktop\bin
USERNAME=Aouimeur Sabrine
LANG=en_US.UTF-8
OS=Windows_NT
PROCESSOR_IDENTIFIER=AMD64 Family 23 Model 32 Stepping 1, AuthenticAMD
TMP=C:\Users\AOUIME~1\AppData\Local\Temp
TEMP=C:\Users\AOUIME~1\AppData\Local\Temp



Periodic native trim disabled


---------------  S Y S T E M  ---------------

OS:
 Windows 11 , 64 bit Build 22621 (10.0.22621.3527)
OS uptime: 1 days 4:29 hours

CPU: total 2 (initial active 2) (2 cores per cpu, 1 threads per core) family 23 model 32 stepping 1 microcode 0x0, cx8, cmov, fxsr, mmx, 3dnowpref, sse, sse2, sse3, ssse3, sse4a, sse4.1, sse4.2, popcnt, lzcnt, tsc, tscinvbit, avx, avx2, aes, clmul, bmi1, bmi2, adx, sha, fma, vzeroupper, clflush, clflushopt
Processor Information for all 2 processors :
  Max Mhz: 1200, Current Mhz: 1200, Mhz Limit: 1200

Memory: 4k page, system-wide physical 3521M (51M free)
TotalPageFile size 14273M (AvailPageFile size 4M)
current process WorkingSet (physical memory assigned to process): 49M, peak: 49M
current process commit charge ("private bytes"): 130M, peak: 136M

vm_info: OpenJDK 64-Bit Server VM (17.0.10+7) for windows-amd64 JRE (17.0.10+7), built on Jan 16 2024 23:25:11 by "admin" with MS VC++ 16.10 / 16.11 (VS2019)

END.
