#
# There is insufficient memory for the Java Runtime Environment to continue.
# Native memory allocation (malloc) failed to allocate 1038240 bytes for Chunk::new
# Possible reasons:
#   The system is out of physical RAM or swap space
#   The process is running with CompressedOops enabled, and the Java Heap may be blocking the growth of the native heap
# Possible solutions:
#   Reduce memory load on the system
#   Increase physical memory or swap space
#   Check if swap backing store is full
#   Decrease Java heap size (-Xmx/-Xms)
#   Decrease number of Java threads
#   Decrease Java thread stack sizes (-Xss)
#   Set larger code cache with -XX:ReservedCodeCacheSize=
#   JVM is running with Unscaled Compressed Oops mode in which the Java heap is
#     placed in the first 4GB address space. The Java Heap base address is the
#     maximum limit for the native heap growth. Please use -XX:HeapBaseMinAddress
#     to set the Java Heap base and to place the Java Heap above 4GB virtual address.
# This output file may be truncated or incomplete.
#
#  Out of Memory Error (arena.cpp:191), pid=17652, tid=15932
#
# JRE version: OpenJDK Runtime Environment Temurin-17.0.10+7 (17.0.10+7) (build 17.0.10+7)
# Java VM: OpenJDK 64-Bit Server VM Temurin-17.0.10+7 (17.0.10+7, mixed mode, tiered, compressed oops, compressed class ptrs, parallel gc, windows-amd64)
# No core dump will be written. Minidumps are not enabled by default on client versions of Windows
#

---------------  S U M M A R Y ------------

Command Line: --add-modules=ALL-SYSTEM --add-opens=java.base/java.util=ALL-UNNAMED --add-opens=java.base/java.lang=ALL-UNNAMED --add-opens=java.base/sun.nio.fs=ALL-UNNAMED -Declipse.application=org.eclipse.jdt.ls.core.id1 -Dosgi.bundles.defaultStartLevel=4 -Declipse.product=org.eclipse.jdt.ls.core.product -Djava.import.generatesMetadataFilesAtProjectRoot=false -DDetectVMInstallationsJob.disabled=true -Dfile.encoding=utf8 -XX:+UseParallelGC -XX:GCTimeRatio=4 -XX:AdaptiveSizePolicyWeight=90 -Dsun.zip.disableMemoryMapping=true -Xmx1G -Xms100m -Xlog:disable -javaagent:c:\Users\Aouimeur Sabrine\.vscode\extensions\redhat.java-1.30.0-win32-x64\lombok\lombok-1.18.32.jar -XX:+HeapDumpOnOutOfMemoryError -XX:HeapDumpPath=c:\Users\Aouimeur Sabrine\AppData\Roaming\Code\User\workspaceStorage\71e7c252d79c2a0c943cfb81f7c9264c\redhat.java -Daether.dependencyCollector.impl=bf c:\Users\Aouimeur Sabrine\.vscode\extensions\redhat.java-1.30.0-win32-x64\server\plugins\org.eclipse.equinox.launcher_1.6.800.v20240330-1250.jar -configuration c:\Users\Aouimeur Sabrine\AppData\Roaming\Code\User\globalStorage\redhat.java\1.30.0\config_win -data c:\Users\Aouimeur Sabrine\AppData\Roaming\Code\User\workspaceStorage\71e7c252d79c2a0c943cfb81f7c9264c\redhat.java\jdt_ws --pipe=\\.\pipe\lsp-a33b97bf3232e7b1a084edfe94b55961-sock

Host: AMD 3020e with Radeon Graphics                 , 2 cores, 3G,  Windows 11 , 64 bit Build 22621 (10.0.22621.3527)
Time: Sat May 18 02:26:18 2024 Afr. centrale Ouest elapsed time: 2666.141155 seconds (0d 0h 44m 26s)

---------------  T H R E A D  ---------------

Current thread (0x000001834cb8b9f0):  JavaThread "C2 CompilerThread0" daemon [_thread_in_native, id=15932, stack(0x00000039a5500000,0x00000039a5600000)]


Current CompileTask:
C2:2666141 26067       4       org.eclipse.jdt.internal.codeassist.complete.CompletionParser::consumeToken (4079 bytes)

Stack: [0x00000039a5500000,0x00000039a5600000]
Native frames: (J=compiled Java code, j=interpreted, Vv=VM code, C=native code)
V  [jvm.dll+0x67d2c9]
V  [jvm.dll+0x834afa]
V  [jvm.dll+0x8365be]
V  [jvm.dll+0x836c23]
V  [jvm.dll+0x2477ff]
V  [jvm.dll+0xac514]
V  [jvm.dll+0xacb5c]
V  [jvm.dll+0x3667d7]
V  [jvm.dll+0x330bfa]
V  [jvm.dll+0x33009a]
V  [jvm.dll+0x219ef1]
V  [jvm.dll+0x219311]
V  [jvm.dll+0x1a502d]
V  [jvm.dll+0x2290de]
V  [jvm.dll+0x2272ac]
V  [jvm.dll+0x7e9bb7]
V  [jvm.dll+0x7e3fba]
V  [jvm.dll+0x67c1b5]
C  [ucrtbase.dll+0x29333]
C  [KERNEL32.DLL+0x1257d]
C  [ntdll.dll+0x5aa48]


---------------  P R O C E S S  ---------------

Threads class SMR info:
_java_thread_list=0x00000183556c35a0, length=59, elements={
0x0000018338d56450, 0x000001834cb4f240, 0x000001834cb50630, 0x000001834cb872c0,
0x000001834cb89ba0, 0x000001834cb8a470, 0x000001834cb8ad40, 0x000001834cb8b9f0,
0x00000183517a2950, 0x00000183517a5620, 0x0000018351870fb0, 0x0000018351a4d300,
0x00000183519b10b0, 0x0000018351958020, 0x0000018351958960, 0x0000018351ad1600,
0x00000183527daee0, 0x0000018351a2d240, 0x0000018351a2b8f0, 0x0000018351a2aed0,
0x0000018351a2d750, 0x0000018351a2be00, 0x0000018351a2c310, 0x0000018354501460,
0x00000183545037d0, 0x00000183545041f0, 0x0000018354507490, 0x0000018354501970,
0x0000018354506a70, 0x0000018354506050, 0x00000183556b9230, 0x00000183556b6ec0,
0x00000183556b7df0, 0x0000018354500530, 0x0000018354506560, 0x0000018354501e80,
0x0000018354504700, 0x00000183545032c0, 0x0000018354506f80, 0x0000018354500020,
0x00000183556b5570, 0x00000183556b69b0, 0x00000183556b9740, 0x00000183556b73d0,
0x00000183556b5a80, 0x00000183556b3c20, 0x00000183556b1dc0, 0x00000183556b78e0,
0x00000183556b8810, 0x00000183556b22d0, 0x0000018354502390, 0x0000018354500f50,
0x0000018354502db0, 0x0000018354503ce0, 0x0000018351a2c820, 0x0000018354504c10,
0x00000183545028a0, 0x00000183556b27e0, 0x00000183556b2cf0
}

Java Threads: ( => current thread )
  0x0000018338d56450 JavaThread "main" [_thread_blocked, id=20472, stack(0x00000039a4c00000,0x00000039a4d00000)]
  0x000001834cb4f240 JavaThread "Reference Handler" daemon [_thread_blocked, id=12360, stack(0x00000039a4f00000,0x00000039a5000000)]
  0x000001834cb50630 JavaThread "Finalizer" daemon [_thread_blocked, id=17712, stack(0x00000039a5000000,0x00000039a5100000)]
  0x000001834cb872c0 JavaThread "Signal Dispatcher" daemon [_thread_blocked, id=17336, stack(0x00000039a5100000,0x00000039a5200000)]
  0x000001834cb89ba0 JavaThread "Attach Listener" daemon [_thread_blocked, id=16356, stack(0x00000039a5200000,0x00000039a5300000)]
  0x000001834cb8a470 JavaThread "Service Thread" daemon [_thread_blocked, id=12048, stack(0x00000039a5300000,0x00000039a5400000)]
  0x000001834cb8ad40 JavaThread "Monitor Deflation Thread" daemon [_thread_blocked, id=14784, stack(0x00000039a5400000,0x00000039a5500000)]
=>0x000001834cb8b9f0 JavaThread "C2 CompilerThread0" daemon [_thread_in_native, id=15932, stack(0x00000039a5500000,0x00000039a5600000)]
  0x00000183517a2950 JavaThread "C1 CompilerThread0" daemon [_thread_blocked, id=12320, stack(0x00000039a5600000,0x00000039a5700000)]
  0x00000183517a5620 JavaThread "Sweeper thread" daemon [_thread_blocked, id=12496, stack(0x00000039a5700000,0x00000039a5800000)]
  0x0000018351870fb0 JavaThread "Common-Cleaner" daemon [_thread_blocked, id=16532, stack(0x00000039a5800000,0x00000039a5900000)]
  0x0000018351a4d300 JavaThread "Notification Thread" daemon [_thread_blocked, id=15756, stack(0x00000039a5900000,0x00000039a5a00000)]
  0x00000183519b10b0 JavaThread "Active Thread: Equinox Container: 4effa899-68b4-438a-b170-2ed27930b11c" [_thread_blocked, id=20368, stack(0x00000039a5c00000,0x00000039a5d00000)]
  0x0000018351958020 JavaThread "Framework Event Dispatcher: Equinox Container: 4effa899-68b4-438a-b170-2ed27930b11c" daemon [_thread_blocked, id=16684, stack(0x00000039a5d00000,0x00000039a5e00000)]
  0x0000018351958960 JavaThread "Start Level: Equinox Container: 4effa899-68b4-438a-b170-2ed27930b11c" daemon [_thread_blocked, id=17400, stack(0x00000039a5e00000,0x00000039a5f00000)]
  0x0000018351ad1600 JavaThread "Bundle File Closer" daemon [_thread_blocked, id=2536, stack(0x00000039a5f00000,0x00000039a6000000)]
  0x00000183527daee0 JavaThread "SCR Component Actor" daemon [_thread_blocked, id=18436, stack(0x00000039a6000000,0x00000039a6100000)]
  0x0000018351a2d240 JavaThread "Worker-JM" [_thread_blocked, id=18596, stack(0x00000039a6200000,0x00000039a6300000)]
  0x0000018351a2b8f0 JavaThread "Java indexing" daemon [_thread_in_native, id=6588, stack(0x00000039a6100000,0x00000039a6200000)]
  0x0000018351a2aed0 JavaThread "JNA Cleaner" daemon [_thread_blocked, id=19972, stack(0x00000039a6700000,0x00000039a6800000)]
  0x0000018351a2d750 JavaThread "Thread-2" daemon [_thread_in_native, id=12444, stack(0x00000039a6800000,0x00000039a6900000)]
  0x0000018351a2be00 JavaThread "Thread-3" daemon [_thread_in_native, id=19892, stack(0x00000039a6900000,0x00000039a6a00000)]
  0x0000018351a2c310 JavaThread "Thread-4" daemon [_thread_in_native, id=16736, stack(0x00000039a6a00000,0x00000039a6b00000)]
  0x0000018354501460 JavaThread "pool-2-thread-1" [_thread_blocked, id=8272, stack(0x00000039a6b00000,0x00000039a6c00000)]
  0x00000183545037d0 JavaThread "WorkspaceEventsHandler" [_thread_blocked, id=16056, stack(0x00000039a6c00000,0x00000039a6d00000)]
  0x00000183545041f0 JavaThread "pool-1-thread-1" [_thread_in_Java, id=18164, stack(0x00000039a6d00000,0x00000039a6e00000)]
  0x0000018354507490 JavaThread "Cleaner-0" daemon [_thread_blocked, id=12568, stack(0x00000039a7100000,0x00000039a7200000)]
  0x0000018354501970 JavaThread "Java Debug Server" [_thread_in_native, id=17376, stack(0x00000039a7300000,0x00000039a7400000)]
  0x0000018354506a70 JavaThread "RxSchedulerPurge-1" daemon [_thread_blocked, id=20024, stack(0x00000039a7400000,0x00000039a7500000)]
  0x0000018354506050 JavaThread "RxCachedWorkerPoolEvictor-1" daemon [_thread_blocked, id=18344, stack(0x00000039a7500000,0x00000039a7600000)]
  0x00000183556b9230 JavaThread "pool-3-thread-14" [_thread_in_native, id=15744, stack(0x00000039a4a00000,0x00000039a4b00000)]
  0x00000183556b6ec0 JavaThread "process reaper (pid 15412)" daemon [_thread_in_native, id=12716, stack(0x00000039a4b20000,0x00000039a4b40000)]
  0x00000183556b7df0 JavaThread "process reaper (pid 17676)" daemon [_thread_in_native, id=11616, stack(0x00000039a4b40000,0x00000039a4b60000)]
  0x0000018354500530 JavaThread "pool-3-thread-16" [_thread_in_native, id=3972, stack(0x00000039a6f00000,0x00000039a7000000)]
  0x0000018354506560 JavaThread "RxNewThreadScheduler-37" daemon [_thread_blocked, id=17364, stack(0x00000039a7200000,0x00000039a7300000)]
  0x0000018354501e80 JavaThread "process reaper (pid 16348)" daemon [_thread_in_native, id=13536, stack(0x00000039a4b60000,0x00000039a4b80000)]
  0x0000018354504700 JavaThread "RxNewThreadScheduler-39" daemon [_thread_blocked, id=18968, stack(0x00000039a6300000,0x00000039a6400000)]
  0x00000183545032c0 JavaThread "pool-3-thread-17" [_thread_in_native, id=18624, stack(0x00000039a7000000,0x00000039a7100000)]
  0x0000018354506f80 JavaThread "RxNewThreadScheduler-41" daemon [_thread_blocked, id=8764, stack(0x00000039a6e00000,0x00000039a6f00000)]
  0x0000018354500020 JavaThread "Worker-19" [_thread_blocked, id=19544, stack(0x00000039a6600000,0x00000039a6700000)]
  0x00000183556b5570 JavaThread "Worker-20" [_thread_blocked, id=11180, stack(0x00000039a6400000,0x00000039a6500000)]
  0x00000183556b69b0 JavaThread "pool-3-thread-19" [_thread_in_native, id=12556, stack(0x00000039a7800000,0x00000039a7900000)]
  0x00000183556b9740 JavaThread "RxNewThreadScheduler-45" daemon [_thread_blocked, id=17240, stack(0x00000039a7a00000,0x00000039a7b00000)]
  0x00000183556b73d0 JavaThread "process reaper (pid 14356)" daemon [_thread_in_native, id=8988, stack(0x00000039a4b00000,0x00000039a4b20000)]
  0x00000183556b5a80 JavaThread "Worker-21: Building" [_thread_in_Java, id=20388, stack(0x00000039a7700000,0x00000039a7800000)]
  0x00000183556b3c20 JavaThread "Worker-22" [_thread_blocked, id=8352, stack(0x00000039a6500000,0x00000039a6600000)]
  0x00000183556b1dc0 JavaThread "pool-3-thread-20" [_thread_in_native, id=13420, stack(0x00000039a7600000,0x00000039a7700000)]
  0x00000183556b78e0 JavaThread "RxNewThreadScheduler-47" daemon [_thread_blocked, id=8312, stack(0x00000039a7c00000,0x00000039a7d00000)]
  0x00000183556b8810 JavaThread "process reaper (pid 20212)" daemon [_thread_in_native, id=15432, stack(0x00000039a4b80000,0x00000039a4ba0000)]
  0x00000183556b22d0 JavaThread "Worker-23" [_thread_blocked, id=2748, stack(0x00000039a7d00000,0x00000039a7e00000)]
  0x0000018354502390 JavaThread "pool-3-thread-21" [_thread_in_native, id=13516, stack(0x00000039a8000000,0x00000039a8100000)]
  0x0000018354500f50 JavaThread "RxNewThreadScheduler-49" daemon [_thread_blocked, id=16496, stack(0x00000039a7f00000,0x00000039a8000000)]
  0x0000018354502db0 JavaThread "process reaper (pid 17148)" daemon [_thread_in_native, id=16452, stack(0x00000039a4ba0000,0x00000039a4bc0000)]
  0x0000018354503ce0 JavaThread "process reaper" daemon [_thread_blocked, id=1928, stack(0x00000039a4bc0000,0x00000039a4be0000)]
  0x0000018351a2c820 JavaThread "ForkJoinPool.commonPool-worker-15" daemon [_thread_blocked, id=9104, stack(0x00000039a7e00000,0x00000039a7f00000)]
  0x0000018354504c10 JavaThread "Worker-24" [_thread_blocked, id=19752, stack(0x00000039a8200000,0x00000039a8300000)]
  0x00000183545028a0 JavaThread "Thread-2507" [_thread_blocked, id=15768, stack(0x00000039a8100000,0x00000039a8200000)]
  0x00000183556b27e0 JavaThread "Thread-2508" [_thread_blocked, id=16244, stack(0x00000039a8400000,0x00000039a8500000)]
  0x00000183556b2cf0 JavaThread "Thread-2509" [_thread_blocked, id=13800, stack(0x00000039a8500000,0x00000039a8600000)]

Other Threads:
  0x0000018338ddda50 VMThread "VM Thread" [stack: 0x00000039a4e00000,0x00000039a4f00000] [id=14660]
  0x0000018351a4d7e0 WatcherThread [stack: 0x00000039a5a00000,0x00000039a5b00000] [id=19700]
  0x0000018338d69b80 GCTaskThread "GC Thread#0" [stack: 0x00000039a4d00000,0x00000039a4e00000] [id=19968]
  0x0000018351d85030 GCTaskThread "GC Thread#1" [stack: 0x00000039a5b00000,0x00000039a5c00000] [id=16940]

Threads with active compile tasks:
C2 CompilerThread0  2666256 26067       4       org.eclipse.jdt.internal.codeassist.complete.CompletionParser::consumeToken (4079 bytes)

VM state: not at safepoint (normal execution)

VM Mutex/Monitor currently owned by a thread: None

Heap address: 0x00000000c0000000, size: 1024 MB, Compressed Oops mode: 32-bit

CDS archive(s) not mapped
Compressed class space mapped at: 0x0000000100000000-0x0000000140000000, reserved size: 1073741824
Narrow klass base: 0x0000000000000000, Narrow klass shift: 3, Narrow klass range: 0x140000000

GC Precious Log:
 CPUs: 2 total, 2 available
 Memory: 3521M
 Large Page Support: Disabled
 NUMA Support: Disabled
 Compressed Oops: Enabled (32-bit)
 Alignments: Space 512K, Generation 512K, Heap 2M
 Heap Min Capacity: 100M
 Heap Initial Capacity: 100M
 Heap Max Capacity: 1G
 Pre-touch: Disabled
 Parallel Workers: 2

Heap:
 PSYoungGen      total 5632K, used 4111K [0x00000000eab00000, 0x00000000eb200000, 0x0000000100000000)
  eden space 5120K, 70% used [0x00000000eab00000,0x00000000eae83d30,0x00000000eb000000)
  from space 512K, 100% used [0x00000000eb180000,0x00000000eb200000,0x00000000eb200000)
  to   space 1024K, 0% used [0x00000000eb000000,0x00000000eb000000,0x00000000eb100000)
 ParOldGen       total 142848K, used 115921K [0x00000000c0000000, 0x00000000c8b80000, 0x00000000eab00000)
  object space 142848K, 81% used [0x00000000c0000000,0x00000000c7134480,0x00000000c8b80000)
 Metaspace       used 90294K, committed 91520K, reserved 1179648K
  class space    used 8988K, committed 9536K, reserved 1048576K

Card table byte_map: [0x00000183386e0000,0x00000183388f0000] _byte_map_base: 0x00000183380e0000

Marking Bits: (ParMarkBitMap*) 0x00007ff8d477d7d0
 Begin Bits: [0x000001834a9e0000, 0x000001834b9e0000)
 End Bits:   [0x000001834b9e0000, 0x000001834c9e0000)

Polling page: 0x0000018336bd0000

Metaspace:

Usage:
  Non-class:     79.40 MB used.
      Class:      8.78 MB used.
       Both:     88.18 MB used.

Virtual space:
  Non-class space:      128.00 MB reserved,      80.06 MB ( 63%) committed,  2 nodes.
      Class space:        1.00 GB reserved,       9.31 MB ( <1%) committed,  1 nodes.
             Both:        1.12 GB reserved,      89.38 MB (  8%) committed. 

Chunk freelists:
   Non-Class:  15.22 MB
       Class:  6.71 MB
        Both:  21.93 MB

MaxMetaspaceSize: unlimited
CompressedClassSpaceSize: 1.00 GB
Initial GC threshold: 21.00 MB
Current GC threshold: 148.88 MB
CDS: off
MetaspaceReclaimPolicy: balanced
 - commit_granule_bytes: 65536.
 - commit_granule_words: 8192.
 - virtual_space_node_default_size: 8388608.
 - enlarge_chunks_in_place: 1.
 - new_chunks_are_fully_committed: 0.
 - uncommit_free_chunks: 1.
 - use_allocation_guard: 0.
 - handle_deallocations: 1.


Internal statistics:

num_allocs_failed_limit: 9.
num_arena_births: 1016.
num_arena_deaths: 292.
num_vsnodes_births: 3.
num_vsnodes_deaths: 0.
num_space_committed: 1430.
num_space_uncommitted: 0.
num_chunks_returned_to_freelist: 329.
num_chunks_taken_from_freelist: 5016.
num_chunk_merges: 121.
num_chunk_splits: 3012.
num_chunks_enlarged: 1726.
num_inconsistent_stats: 0.

CodeHeap 'non-profiled nmethods': size=120064Kb used=22216Kb max_used=22216Kb free=97847Kb
 bounds [0x00000183434a0000, 0x0000018344a60000, 0x000001834a9e0000]
CodeHeap 'profiled nmethods': size=120000Kb used=36419Kb max_used=36419Kb free=83580Kb
 bounds [0x000001833b9e0000, 0x000001833dd90000, 0x0000018342f10000]
CodeHeap 'non-nmethods': size=5696Kb used=1424Kb max_used=1498Kb free=4271Kb
 bounds [0x0000018342f10000, 0x0000018343180000, 0x00000183434a0000]
 total_blobs=17808 nmethods=17025 adapters=694
 compilation: enabled
              stopped_count=0, restarted_count=0
 full_count=0

Compilation events (20 events):
Event: 2664.175 Thread 0x00000183517a2950 nmethod 26061 0x000001833c722a10 code [0x000001833c722bc0, 0x000001833c722e88]
Event: 2664.207 Thread 0x00000183517a2950 26062       3       org.eclipse.jdt.internal.compiler.ast.Block::traverse (64 bytes)
Event: 2664.208 Thread 0x00000183517a2950 nmethod 26062 0x000001833c722190 code [0x000001833c722360, 0x000001833c722868]
Event: 2664.376 Thread 0x00000183517a2950 26063       3       org.eclipse.jdt.internal.core.search.indexing.IndexManager::writeSavedIndexNamesFile (144 bytes)
Event: 2664.382 Thread 0x00000183517a2950 nmethod 26063 0x000001833c597f10 code [0x000001833c5981a0, 0x000001833c599048]
Event: 2665.804 Thread 0x000001834cb8b9f0 26064       4       org.eclipse.jdt.internal.compiler.parser.Parser::consumePrimaryNoNewArrayThis (32 bytes)
Event: 2665.809 Thread 0x000001834cb8b9f0 nmethod 26064 0x0000018344a51790 code [0x0000018344a51920, 0x0000018344a51b98]
Event: 2665.955 Thread 0x000001834cb8b9f0 26065       4       org.eclipse.jdt.internal.compiler.ast.FalseLiteral::computeConstant (9 bytes)
Event: 2665.956 Thread 0x000001834cb8b9f0 nmethod 26065 0x0000018344a51e10 code [0x0000018344a51f80, 0x0000018344a52018]
Event: 2665.978 Thread 0x00000183517a2950 26066       3       org.eclipse.jdt.internal.codeassist.complete.CompletionScanner::getCurrentIdentifierSource (186 bytes)
Event: 2665.979 Thread 0x00000183517a2950 nmethod 26066 0x000001833ce45f10 code [0x000001833ce46100, 0x000001833ce46768]
Event: 2665.979 Thread 0x000001834cb8b9f0 26067       4       org.eclipse.jdt.internal.codeassist.complete.CompletionParser::consumeToken (4079 bytes)
Event: 2665.981 Thread 0x00000183517a2950 26069       3       org.eclipse.jdt.internal.codeassist.complete.CompletionScanner::scanNumber (41 bytes)
Event: 2665.981 Thread 0x00000183517a2950 nmethod 26069 0x000001833c597990 code [0x000001833c597b40, 0x000001833c597dd8]
Event: 2665.981 Thread 0x00000183517a2950 26070       3       org.eclipse.jdt.internal.codeassist.complete.CompletionParser::consumeModifiers (33 bytes)
Event: 2665.984 Thread 0x00000183517a2950 nmethod 26070 0x000001833ce45a90 code [0x000001833ce45c40, 0x000001833ce45de8]
Event: 2666.097 Thread 0x00000183517a2950 26072       3       org.eclipse.core.internal.resources.MarkerSet::add (140 bytes)
Event: 2666.099 Thread 0x00000183517a2950 nmethod 26072 0x000001833d239b10 code [0x000001833d239d80, 0x000001833d23a848]
Event: 2666.099 Thread 0x00000183517a2950 26073       3       org.eclipse.core.internal.resources.MarkerSet::shouldGrow (23 bytes)
Event: 2666.100 Thread 0x00000183517a2950 nmethod 26073 0x000001833ce45490 code [0x000001833ce45660, 0x000001833ce45818]

GC Heap History (20 events):
Event: 2664.198 GC heap before
{Heap before GC invocations=4634 (full 111):
 PSYoungGen      total 4608K, used 4478K [0x00000000eab00000, 0x00000000eb200000, 0x0000000100000000)
  eden space 4096K, 100% used [0x00000000eab00000,0x00000000eaf00000,0x00000000eaf00000)
  from space 512K, 74% used [0x00000000eb180000,0x00000000eb1dfb18,0x00000000eb200000)
  to   space 1536K, 0% used [0x00000000eaf00000,0x00000000eaf00000,0x00000000eb080000)
 ParOldGen       total 140800K, used 137057K [0x00000000c0000000, 0x00000000c8980000, 0x00000000eab00000)
  object space 140800K, 97% used [0x00000000c0000000,0x00000000c85d8480,0x00000000c8980000)
 Metaspace       used 90281K, committed 91520K, reserved 1179648K
  class space    used 8984K, committed 9536K, reserved 1048576K
}
Event: 2664.201 GC heap after
{Heap after GC invocations=4634 (full 111):
 PSYoungGen      total 5632K, used 381K [0x00000000eab00000, 0x00000000eb200000, 0x0000000100000000)
  eden space 4096K, 0% used [0x00000000eab00000,0x00000000eab00000,0x00000000eaf00000)
  from space 1536K, 24% used [0x00000000eaf00000,0x00000000eaf5f610,0x00000000eb080000)
  to   space 512K, 0% used [0x00000000eb180000,0x00000000eb180000,0x00000000eb200000)
 ParOldGen       total 140800K, used 137089K [0x00000000c0000000, 0x00000000c8980000, 0x00000000eab00000)
  object space 140800K, 97% used [0x00000000c0000000,0x00000000c85e0480,0x00000000c8980000)
 Metaspace       used 90281K, committed 91520K, reserved 1179648K
  class space    used 8984K, committed 9536K, reserved 1048576K
}
Event: 2664.225 GC heap before
{Heap before GC invocations=4635 (full 111):
 PSYoungGen      total 5632K, used 4477K [0x00000000eab00000, 0x00000000eb200000, 0x0000000100000000)
  eden space 4096K, 100% used [0x00000000eab00000,0x00000000eaf00000,0x00000000eaf00000)
  from space 1536K, 24% used [0x00000000eaf00000,0x00000000eaf5f610,0x00000000eb080000)
  to   space 512K, 0% used [0x00000000eb180000,0x00000000eb180000,0x00000000eb200000)
 ParOldGen       total 140800K, used 137089K [0x00000000c0000000, 0x00000000c8980000, 0x00000000eab00000)
  object space 140800K, 97% used [0x00000000c0000000,0x00000000c85e0480,0x00000000c8980000)
 Metaspace       used 90281K, committed 91520K, reserved 1179648K
  class space    used 8984K, committed 9536K, reserved 1048576K
}
Event: 2664.228 GC heap after
{Heap after GC invocations=4635 (full 111):
 PSYoungGen      total 4608K, used 206K [0x00000000eab00000, 0x00000000eb200000, 0x0000000100000000)
  eden space 4096K, 0% used [0x00000000eab00000,0x00000000eab00000,0x00000000eaf00000)
  from space 512K, 40% used [0x00000000eb180000,0x00000000eb1b3b08,0x00000000eb200000)
  to   space 512K, 0% used [0x00000000eb100000,0x00000000eb100000,0x00000000eb180000)
 ParOldGen       total 140800K, used 137215K [0x00000000c0000000, 0x00000000c8980000, 0x00000000eab00000)
  object space 140800K, 97% used [0x00000000c0000000,0x00000000c85fff88,0x00000000c8980000)
 Metaspace       used 90281K, committed 91520K, reserved 1179648K
  class space    used 8984K, committed 9536K, reserved 1048576K
}
Event: 2664.261 GC heap before
{Heap before GC invocations=4636 (full 111):
 PSYoungGen      total 4608K, used 4302K [0x00000000eab00000, 0x00000000eb200000, 0x0000000100000000)
  eden space 4096K, 100% used [0x00000000eab00000,0x00000000eaf00000,0x00000000eaf00000)
  from space 512K, 40% used [0x00000000eb180000,0x00000000eb1b3b08,0x00000000eb200000)
  to   space 512K, 0% used [0x00000000eb100000,0x00000000eb100000,0x00000000eb180000)
 ParOldGen       total 140800K, used 137215K [0x00000000c0000000, 0x00000000c8980000, 0x00000000eab00000)
  object space 140800K, 97% used [0x00000000c0000000,0x00000000c85fff88,0x00000000c8980000)
 Metaspace       used 90281K, committed 91520K, reserved 1179648K
  class space    used 8984K, committed 9536K, reserved 1048576K
}
Event: 2664.268 GC heap after
{Heap after GC invocations=4636 (full 111):
 PSYoungGen      total 4608K, used 494K [0x00000000eab00000, 0x00000000eb200000, 0x0000000100000000)
  eden space 4096K, 0% used [0x00000000eab00000,0x00000000eab00000,0x00000000eaf00000)
  from space 512K, 96% used [0x00000000eb100000,0x00000000eb17bb28,0x00000000eb180000)
  to   space 512K, 0% used [0x00000000eb180000,0x00000000eb180000,0x00000000eb200000)
 ParOldGen       total 140800K, used 137832K [0x00000000c0000000, 0x00000000c8980000, 0x00000000eab00000)
  object space 140800K, 97% used [0x00000000c0000000,0x00000000c869a1a8,0x00000000c8980000)
 Metaspace       used 90281K, committed 91520K, reserved 1179648K
  class space    used 8984K, committed 9536K, reserved 1048576K
}
Event: 2664.299 GC heap before
{Heap before GC invocations=4637 (full 111):
 PSYoungGen      total 4608K, used 4590K [0x00000000eab00000, 0x00000000eb200000, 0x0000000100000000)
  eden space 4096K, 100% used [0x00000000eab00000,0x00000000eaf00000,0x00000000eaf00000)
  from space 512K, 96% used [0x00000000eb100000,0x00000000eb17bb28,0x00000000eb180000)
  to   space 512K, 0% used [0x00000000eb180000,0x00000000eb180000,0x00000000eb200000)
 ParOldGen       total 140800K, used 137832K [0x00000000c0000000, 0x00000000c8980000, 0x00000000eab00000)
  object space 140800K, 97% used [0x00000000c0000000,0x00000000c869a1a8,0x00000000c8980000)
 Metaspace       used 90281K, committed 91520K, reserved 1179648K
  class space    used 8984K, committed 9536K, reserved 1048576K
}
Event: 2664.310 GC heap after
{Heap after GC invocations=4637 (full 111):
 PSYoungGen      total 5632K, used 448K [0x00000000eab00000, 0x00000000eb200000, 0x0000000100000000)
  eden space 5120K, 0% used [0x00000000eab00000,0x00000000eab00000,0x00000000eb000000)
  from space 512K, 87% used [0x00000000eb180000,0x00000000eb1f0000,0x00000000eb200000)
  to   space 1024K, 0% used [0x00000000eb000000,0x00000000eb000000,0x00000000eb100000)
 ParOldGen       total 140800K, used 138287K [0x00000000c0000000, 0x00000000c8980000, 0x00000000eab00000)
  object space 140800K, 98% used [0x00000000c0000000,0x00000000c870bcf0,0x00000000c8980000)
 Metaspace       used 90281K, committed 91520K, reserved 1179648K
  class space    used 8984K, committed 9536K, reserved 1048576K
}
Event: 2664.328 GC heap before
{Heap before GC invocations=4638 (full 111):
 PSYoungGen      total 5632K, used 5568K [0x00000000eab00000, 0x00000000eb200000, 0x0000000100000000)
  eden space 5120K, 100% used [0x00000000eab00000,0x00000000eb000000,0x00000000eb000000)
  from space 512K, 87% used [0x00000000eb180000,0x00000000eb1f0000,0x00000000eb200000)
  to   space 1024K, 0% used [0x00000000eb000000,0x00000000eb000000,0x00000000eb100000)
 ParOldGen       total 140800K, used 138287K [0x00000000c0000000, 0x00000000c8980000, 0x00000000eab00000)
  object space 140800K, 98% used [0x00000000c0000000,0x00000000c870bcf0,0x00000000c8980000)
 Metaspace       used 90281K, committed 91520K, reserved 1179648K
  class space    used 8984K, committed 9536K, reserved 1048576K
}
Event: 2664.332 GC heap after
{Heap after GC invocations=4638 (full 111):
 PSYoungGen      total 6144K, used 1006K [0x00000000eab00000, 0x00000000eb200000, 0x0000000100000000)
  eden space 5120K, 0% used [0x00000000eab00000,0x00000000eab00000,0x00000000eb000000)
  from space 1024K, 98% used [0x00000000eb000000,0x00000000eb0fbb08,0x00000000eb100000)
  to   space 512K, 0% used [0x00000000eb180000,0x00000000eb180000,0x00000000eb200000)
 ParOldGen       total 140800K, used 138715K [0x00000000c0000000, 0x00000000c8980000, 0x00000000eab00000)
  object space 140800K, 98% used [0x00000000c0000000,0x00000000c8776f68,0x00000000c8980000)
 Metaspace       used 90281K, committed 91520K, reserved 1179648K
  class space    used 8984K, committed 9536K, reserved 1048576K
}
Event: 2664.391 GC heap before
{Heap before GC invocations=4639 (full 111):
 PSYoungGen      total 6144K, used 6126K [0x00000000eab00000, 0x00000000eb200000, 0x0000000100000000)
  eden space 5120K, 100% used [0x00000000eab00000,0x00000000eb000000,0x00000000eb000000)
  from space 1024K, 98% used [0x00000000eb000000,0x00000000eb0fbb08,0x00000000eb100000)
  to   space 512K, 0% used [0x00000000eb180000,0x00000000eb180000,0x00000000eb200000)
 ParOldGen       total 140800K, used 138715K [0x00000000c0000000, 0x00000000c8980000, 0x00000000eab00000)
  object space 140800K, 98% used [0x00000000c0000000,0x00000000c8776f68,0x00000000c8980000)
 Metaspace       used 90282K, committed 91520K, reserved 1179648K
  class space    used 8984K, committed 9536K, reserved 1048576K
}
Event: 2664.397 GC heap after
{Heap after GC invocations=4639 (full 111):
 PSYoungGen      total 5632K, used 512K [0x00000000eab00000, 0x00000000eb200000, 0x0000000100000000)
  eden space 5120K, 0% used [0x00000000eab00000,0x00000000eab00000,0x00000000eb000000)
  from space 512K, 100% used [0x00000000eb180000,0x00000000eb200000,0x00000000eb200000)
  to   space 1024K, 0% used [0x00000000eb000000,0x00000000eb000000,0x00000000eb100000)
 ParOldGen       total 140800K, used 140514K [0x00000000c0000000, 0x00000000c8980000, 0x00000000eab00000)
  object space 140800K, 99% used [0x00000000c0000000,0x00000000c8938810,0x00000000c8980000)
 Metaspace       used 90282K, committed 91520K, reserved 1179648K
  class space    used 8984K, committed 9536K, reserved 1048576K
}
Event: 2664.397 GC heap before
{Heap before GC invocations=4640 (full 112):
 PSYoungGen      total 5632K, used 512K [0x00000000eab00000, 0x00000000eb200000, 0x0000000100000000)
  eden space 5120K, 0% used [0x00000000eab00000,0x00000000eab00000,0x00000000eb000000)
  from space 512K, 100% used [0x00000000eb180000,0x00000000eb200000,0x00000000eb200000)
  to   space 1024K, 0% used [0x00000000eb000000,0x00000000eb000000,0x00000000eb100000)
 ParOldGen       total 140800K, used 140514K [0x00000000c0000000, 0x00000000c8980000, 0x00000000eab00000)
  object space 140800K, 99% used [0x00000000c0000000,0x00000000c8938810,0x00000000c8980000)
 Metaspace       used 90282K, committed 91520K, reserved 1179648K
  class space    used 8984K, committed 9536K, reserved 1048576K
}
Event: 2665.557 GC heap after
{Heap after GC invocations=4640 (full 112):
 PSYoungGen      total 6144K, used 0K [0x00000000eab00000, 0x00000000eb200000, 0x0000000100000000)
  eden space 5120K, 0% used [0x00000000eab00000,0x00000000eab00000,0x00000000eb000000)
  from space 1024K, 0% used [0x00000000eb000000,0x00000000eb000000,0x00000000eb100000)
  to   space 512K, 0% used [0x00000000eb180000,0x00000000eb180000,0x00000000eb200000)
 ParOldGen       total 142848K, used 112607K [0x00000000c0000000, 0x00000000c8b80000, 0x00000000eab00000)
  object space 142848K, 78% used [0x00000000c0000000,0x00000000c6df7e70,0x00000000c8b80000)
 Metaspace       used 90282K, committed 91520K, reserved 1179648K
  class space    used 8984K, committed 9536K, reserved 1048576K
}
Event: 2665.789 GC heap before
{Heap before GC invocations=4641 (full 112):
 PSYoungGen      total 6144K, used 5120K [0x00000000eab00000, 0x00000000eb200000, 0x0000000100000000)
  eden space 5120K, 100% used [0x00000000eab00000,0x00000000eb000000,0x00000000eb000000)
  from space 1024K, 0% used [0x00000000eb000000,0x00000000eb000000,0x00000000eb100000)
  to   space 512K, 0% used [0x00000000eb180000,0x00000000eb180000,0x00000000eb200000)
 ParOldGen       total 142848K, used 112607K [0x00000000c0000000, 0x00000000c8b80000, 0x00000000eab00000)
  object space 142848K, 78% used [0x00000000c0000000,0x00000000c6df7e70,0x00000000c8b80000)
 Metaspace       used 90282K, committed 91520K, reserved 1179648K
  class space    used 8984K, committed 9536K, reserved 1048576K
}
Event: 2665.796 GC heap after
{Heap after GC invocations=4641 (full 112):
 PSYoungGen      total 5632K, used 494K [0x00000000eab00000, 0x00000000eb200000, 0x0000000100000000)
  eden space 5120K, 0% used [0x00000000eab00000,0x00000000eab00000,0x00000000eb000000)
  from space 512K, 96% used [0x00000000eb180000,0x00000000eb1fbb08,0x00000000eb200000)
  to   space 1024K, 0% used [0x00000000eb000000,0x00000000eb000000,0x00000000eb100000)
 ParOldGen       total 142848K, used 113303K [0x00000000c0000000, 0x00000000c8b80000, 0x00000000eab00000)
  object space 142848K, 79% used [0x00000000c0000000,0x00000000c6ea5eb0,0x00000000c8b80000)
 Metaspace       used 90282K, committed 91520K, reserved 1179648K
  class space    used 8984K, committed 9536K, reserved 1048576K
}
Event: 2665.854 GC heap before
{Heap before GC invocations=4642 (full 112):
 PSYoungGen      total 5632K, used 5614K [0x00000000eab00000, 0x00000000eb200000, 0x0000000100000000)
  eden space 5120K, 100% used [0x00000000eab00000,0x00000000eb000000,0x00000000eb000000)
  from space 512K, 96% used [0x00000000eb180000,0x00000000eb1fbb08,0x00000000eb200000)
  to   space 1024K, 0% used [0x00000000eb000000,0x00000000eb000000,0x00000000eb100000)
 ParOldGen       total 142848K, used 113303K [0x00000000c0000000, 0x00000000c8b80000, 0x00000000eab00000)
  object space 142848K, 79% used [0x00000000c0000000,0x00000000c6ea5eb0,0x00000000c8b80000)
 Metaspace       used 90282K, committed 91520K, reserved 1179648K
  class space    used 8984K, committed 9536K, reserved 1048576K
}
Event: 2665.859 GC heap after
{Heap after GC invocations=4642 (full 112):
 PSYoungGen      total 6144K, used 1006K [0x00000000eab00000, 0x00000000eb200000, 0x0000000100000000)
  eden space 5120K, 0% used [0x00000000eab00000,0x00000000eab00000,0x00000000eb000000)
  from space 1024K, 98% used [0x00000000eb000000,0x00000000eb0fbb28,0x00000000eb100000)
  to   space 512K, 0% used [0x00000000eb180000,0x00000000eb180000,0x00000000eb200000)
 ParOldGen       total 142848K, used 114180K [0x00000000c0000000, 0x00000000c8b80000, 0x00000000eab00000)
  object space 142848K, 79% used [0x00000000c0000000,0x00000000c6f81338,0x00000000c8b80000)
 Metaspace       used 90282K, committed 91520K, reserved 1179648K
  class space    used 8984K, committed 9536K, reserved 1048576K
}
Event: 2665.993 GC heap before
{Heap before GC invocations=4643 (full 112):
 PSYoungGen      total 6144K, used 6126K [0x00000000eab00000, 0x00000000eb200000, 0x0000000100000000)
  eden space 5120K, 100% used [0x00000000eab00000,0x00000000eb000000,0x00000000eb000000)
  from space 1024K, 98% used [0x00000000eb000000,0x00000000eb0fbb28,0x00000000eb100000)
  to   space 512K, 0% used [0x00000000eb180000,0x00000000eb180000,0x00000000eb200000)
 ParOldGen       total 142848K, used 114180K [0x00000000c0000000, 0x00000000c8b80000, 0x00000000eab00000)
  object space 142848K, 79% used [0x00000000c0000000,0x00000000c6f81338,0x00000000c8b80000)
 Metaspace       used 90282K, committed 91520K, reserved 1179648K
  class space    used 8984K, committed 9536K, reserved 1048576K
}
Event: 2666.004 GC heap after
{Heap after GC invocations=4643 (full 112):
 PSYoungGen      total 5632K, used 512K [0x00000000eab00000, 0x00000000eb200000, 0x0000000100000000)
  eden space 5120K, 0% used [0x00000000eab00000,0x00000000eab00000,0x00000000eb000000)
  from space 512K, 100% used [0x00000000eb180000,0x00000000eb200000,0x00000000eb200000)
  to   space 1024K, 0% used [0x00000000eb000000,0x00000000eb000000,0x00000000eb100000)
 ParOldGen       total 142848K, used 115921K [0x00000000c0000000, 0x00000000c8b80000, 0x00000000eab00000)
  object space 142848K, 81% used [0x00000000c0000000,0x00000000c7134480,0x00000000c8b80000)
 Metaspace       used 90282K, committed 91520K, reserved 1179648K
  class space    used 8984K, committed 9536K, reserved 1048576K
}

Dll operation events (11 events):
Event: 0.256 Loaded shared library c:\Users\Aouimeur Sabrine\.vscode\extensions\redhat.java-1.30.0-win32-x64\jre\17.0.10-win32-x86_64\bin\java.dll
Event: 1.896 Loaded shared library c:\Users\Aouimeur Sabrine\.vscode\extensions\redhat.java-1.30.0-win32-x64\jre\17.0.10-win32-x86_64\bin\zip.dll
Event: 1.907 Loaded shared library C:\Users\Aouimeur Sabrine\.vscode\extensions\redhat.java-1.30.0-win32-x64\jre\17.0.10-win32-x86_64\bin\instrument.dll
Event: 1.933 Loaded shared library C:\Users\Aouimeur Sabrine\.vscode\extensions\redhat.java-1.30.0-win32-x64\jre\17.0.10-win32-x86_64\bin\net.dll
Event: 1.998 Loaded shared library C:\Users\Aouimeur Sabrine\.vscode\extensions\redhat.java-1.30.0-win32-x64\jre\17.0.10-win32-x86_64\bin\nio.dll
Event: 2.010 Loaded shared library C:\Users\Aouimeur Sabrine\.vscode\extensions\redhat.java-1.30.0-win32-x64\jre\17.0.10-win32-x86_64\bin\zip.dll
Event: 2.157 Loaded shared library C:\Users\Aouimeur Sabrine\.vscode\extensions\redhat.java-1.30.0-win32-x64\jre\17.0.10-win32-x86_64\bin\jimage.dll
Event: 3.053 Loaded shared library c:\Users\Aouimeur Sabrine\.vscode\extensions\redhat.java-1.30.0-win32-x64\jre\17.0.10-win32-x86_64\bin\verify.dll
Event: 11.557 Loaded shared library C:\Users\Aouimeur Sabrine\AppData\Roaming\Code\User\globalStorage\redhat.java\1.30.0\config_win\org.eclipse.equinox.launcher\org.eclipse.equinox.launcher.win32.win32.x86_64_1.2.900.v20240213-1244\eclipse_11900.dll
Event: 34.820 Loaded shared library C:\Users\Aouimeur Sabrine\AppData\Local\Temp\jna--921003687\jna11172885132976556938.dll
Event: 86.404 Loaded shared library C:\Users\Aouimeur Sabrine\.vscode\extensions\redhat.java-1.30.0-win32-x64\jre\17.0.10-win32-x86_64\bin\extnet.dll

Deoptimization events (20 events):
Event: 2662.441 Thread 0x00000183545041f0 Uncommon trap: trap_request=0xffffff45 fr.pc=0x0000018343e1ea40 relative=0x0000000000000520
Event: 2662.441 Thread 0x00000183545041f0 Uncommon trap: reason=unstable_if action=reinterpret pc=0x0000018343e1ea40 method=org.eclipse.jdt.core.compiler.CharOperation.concatWith([[C[CC)[C @ 35 c2
Event: 2662.441 Thread 0x00000183545041f0 DEOPT PACKING pc=0x0000018343e1ea40 sp=0x00000039a6dfd7f0
Event: 2662.441 Thread 0x00000183545041f0 DEOPT UNPACKING pc=0x0000018342f666a3 sp=0x00000039a6dfd7a8 mode 2
Event: 2662.607 Thread 0x00000183545041f0 Uncommon trap: trap_request=0xffffff45 fr.pc=0x00000183447ad470 relative=0x0000000000000450
Event: 2662.607 Thread 0x00000183545041f0 Uncommon trap: reason=unstable_if action=reinterpret pc=0x00000183447ad470 method=org.eclipse.jdt.internal.compiler.util.SimpleSetOfCharArray.add([C)Ljava/lang/Object; @ 81 c2
Event: 2662.607 Thread 0x00000183545041f0 DEOPT PACKING pc=0x00000183447ad470 sp=0x00000039a6dfd7b0
Event: 2662.607 Thread 0x00000183545041f0 DEOPT UNPACKING pc=0x0000018342f666a3 sp=0x00000039a6dfd740 mode 2
Event: 2662.629 Thread 0x00000183545041f0 Uncommon trap: trap_request=0xffffffbe fr.pc=0x000001834408af7c relative=0x000000000000341c
Event: 2662.629 Thread 0x00000183545041f0 Uncommon trap: reason=profile_predicate action=maybe_recompile pc=0x000001834408af7c method=org.eclipse.jdt.internal.core.NameLookup.seekPackageFragments(Ljava/lang/String;ZLorg/eclipse/jdt/internal/core/IJavaElementRequestor;)V @ 249 c2
Event: 2662.629 Thread 0x00000183545041f0 DEOPT PACKING pc=0x000001834408af7c sp=0x00000039a6dfe120
Event: 2662.630 Thread 0x00000183545041f0 DEOPT UNPACKING pc=0x0000018342f666a3 sp=0x00000039a6dfe0e0 mode 2
Event: 2662.702 Thread 0x00000183545041f0 Uncommon trap: trap_request=0xffffff5c fr.pc=0x00000183443ece4c relative=0x0000000000000eec
Event: 2662.702 Thread 0x00000183545041f0 Uncommon trap: reason=speculate_null_check action=make_not_entrant pc=0x00000183443ece4c method=org.eclipse.jdt.internal.compiler.ast.AllocationExpression.resolveType(Lorg/eclipse/jdt/internal/compiler/lookup/BlockScope;)Lorg/eclipse/jdt/internal/compiler
Event: 2662.702 Thread 0x00000183545041f0 DEOPT PACKING pc=0x00000183443ece4c sp=0x00000039a6dfd490
Event: 2662.702 Thread 0x00000183545041f0 DEOPT UNPACKING pc=0x0000018342f666a3 sp=0x00000039a6dfd438 mode 2
Event: 2665.985 Thread 0x00000183545041f0 Uncommon trap: trap_request=0xffffffe4 fr.pc=0x0000018344a30b00 relative=0x0000000000001440
Event: 2665.985 Thread 0x00000183545041f0 Uncommon trap: reason=range_check action=make_not_entrant pc=0x0000018344a30b00 method=org.eclipse.jdt.internal.codeassist.complete.CompletionScanner.getNextToken0()I @ 89 c2
Event: 2665.985 Thread 0x00000183545041f0 DEOPT PACKING pc=0x0000018344a30b00 sp=0x00000039a6dfe0b0
Event: 2665.985 Thread 0x00000183545041f0 DEOPT UNPACKING pc=0x0000018342f666a3 sp=0x00000039a6dfe010 mode 2

Classes unloaded (20 events):
Event: 2044.197 Thread 0x0000018338ddda50 Unloading class 0x0000000100222000 'java/lang/invoke/LambdaForm$MH+0x0000000100222000'
Event: 2044.197 Thread 0x0000018338ddda50 Unloading class 0x00000001007e4000 'java/lang/invoke/LambdaForm$MH+0x00000001007e4000'
Event: 2269.063 Thread 0x0000018338ddda50 Unloading class 0x0000000100224400 'java/lang/invoke/LambdaForm$MH+0x0000000100224400'
Event: 2269.063 Thread 0x0000018338ddda50 Unloading class 0x0000000100224000 'java/lang/invoke/LambdaForm$MH+0x0000000100224000'
Event: 2361.058 Thread 0x0000018338ddda50 Unloading class 0x0000000100924c00 'java/lang/invoke/LambdaForm$MH+0x0000000100924c00'
Event: 2361.058 Thread 0x0000018338ddda50 Unloading class 0x0000000100924800 'java/lang/invoke/LambdaForm$MH+0x0000000100924800'
Event: 2361.058 Thread 0x0000018338ddda50 Unloading class 0x0000000100924400 'java/lang/invoke/LambdaForm$MH+0x0000000100924400'
Event: 2361.058 Thread 0x0000018338ddda50 Unloading class 0x00000001001b1c00 'java/lang/invoke/LambdaForm$MH+0x00000001001b1c00'
Event: 2361.058 Thread 0x0000018338ddda50 Unloading class 0x00000001001b1800 'java/lang/invoke/LambdaForm$MH+0x00000001001b1800'
Event: 2361.058 Thread 0x0000018338ddda50 Unloading class 0x00000001001b1400 'java/lang/invoke/LambdaForm$MH+0x00000001001b1400'
Event: 2361.058 Thread 0x0000018338ddda50 Unloading class 0x00000001001b1000 'java/lang/invoke/LambdaForm$MH+0x00000001001b1000'
Event: 2361.058 Thread 0x0000018338ddda50 Unloading class 0x00000001001b0c00 'java/lang/invoke/LambdaForm$MH+0x00000001001b0c00'
Event: 2361.058 Thread 0x0000018338ddda50 Unloading class 0x00000001001b0800 'java/lang/invoke/LambdaForm$MH+0x00000001001b0800'
Event: 2361.058 Thread 0x0000018338ddda50 Unloading class 0x00000001001b0400 'java/lang/invoke/LambdaForm$MH+0x00000001001b0400'
Event: 2361.058 Thread 0x0000018338ddda50 Unloading class 0x00000001001b0000 'java/lang/invoke/LambdaForm$MH+0x00000001001b0000'
Event: 2361.059 Thread 0x0000018338ddda50 Unloading class 0x0000000100199c00 'java/lang/invoke/LambdaForm$MH+0x0000000100199c00'
Event: 2361.059 Thread 0x0000018338ddda50 Unloading class 0x0000000100199400 'java/lang/invoke/LambdaForm$MH+0x0000000100199400'
Event: 2361.059 Thread 0x0000018338ddda50 Unloading class 0x0000000100199000 'java/lang/invoke/LambdaForm$MH+0x0000000100199000'
Event: 2361.059 Thread 0x0000018338ddda50 Unloading class 0x0000000100198c00 'java/lang/invoke/LambdaForm$MH+0x0000000100198c00'
Event: 2361.059 Thread 0x0000018338ddda50 Unloading class 0x0000000100198800 'java/lang/invoke/LambdaForm$MH+0x0000000100198800'

Classes redefined (0 events):
No events

Internal exceptions (20 events):
Event: 2662.359 Thread 0x00000183545041f0 Exception <a 'java/lang/ClassCastException'{0x00000000ead73560}: class org.eclipse.jdt.internal.compiler.lookup.BinaryTypeBinding cannot be cast to class org.eclipse.jdt.internal.compiler.lookup.SourceTypeBinding (org.eclipse.jdt.internal.compiler.lookup.BinaryTypeBinding and org.eclipse.jdt.internal.compiler.lookup.SourceTypeBinding are in unnamed module of loader org.eclipse.osgi.internal.loader.EquinoxClassLoader @14a9bcd5)> (0x00000000ead73560) 
thrown [s\src\hotspot\share\interpreter\interpreterRuntim
Event: 2662.359 Thread 0x00000183545041f0 Exception <a 'java/lang/ClassCastException'{0x00000000ead73c58}: class org.eclipse.jdt.internal.compiler.lookup.BinaryTypeBinding cannot be cast to class org.eclipse.jdt.internal.compiler.lookup.SourceTypeBinding (org.eclipse.jdt.internal.compiler.lookup.BinaryTypeBinding and org.eclipse.jdt.internal.compiler.lookup.SourceTypeBinding are in unnamed module of loader org.eclipse.osgi.internal.loader.EquinoxClassLoader @14a9bcd5)> (0x00000000ead73c58) 
thrown [s\src\hotspot\share\interpreter\interpreterRuntim
Event: 2662.359 Thread 0x00000183545041f0 Exception <a 'java/lang/ClassCastException'{0x00000000ead740c0}: class org.eclipse.jdt.internal.compiler.lookup.BinaryTypeBinding cannot be cast to class org.eclipse.jdt.internal.compiler.lookup.SourceTypeBinding (org.eclipse.jdt.internal.compiler.lookup.BinaryTypeBinding and org.eclipse.jdt.internal.compiler.lookup.SourceTypeBinding are in unnamed module of loader org.eclipse.osgi.internal.loader.EquinoxClassLoader @14a9bcd5)> (0x00000000ead740c0) 
thrown [s\src\hotspot\share\interpreter\interpreterRuntim
Event: 2662.359 Thread 0x00000183545041f0 Exception <a 'java/lang/ClassCastException'{0x00000000ead74528}: class org.eclipse.jdt.internal.compiler.lookup.BinaryTypeBinding cannot be cast to class org.eclipse.jdt.internal.compiler.lookup.SourceTypeBinding (org.eclipse.jdt.internal.compiler.lookup.BinaryTypeBinding and org.eclipse.jdt.internal.compiler.lookup.SourceTypeBinding are in unnamed module of loader org.eclipse.osgi.internal.loader.EquinoxClassLoader @14a9bcd5)> (0x00000000ead74528) 
thrown [s\src\hotspot\share\interpreter\interpreterRuntim
Event: 2662.359 Thread 0x00000183545041f0 Exception <a 'java/lang/ClassCastException'{0x00000000ead74990}: class org.eclipse.jdt.internal.compiler.lookup.BinaryTypeBinding cannot be cast to class org.eclipse.jdt.internal.compiler.lookup.SourceTypeBinding (org.eclipse.jdt.internal.compiler.lookup.BinaryTypeBinding and org.eclipse.jdt.internal.compiler.lookup.SourceTypeBinding are in unnamed module of loader org.eclipse.osgi.internal.loader.EquinoxClassLoader @14a9bcd5)> (0x00000000ead74990) 
thrown [s\src\hotspot\share\interpreter\interpreterRuntim
Event: 2662.359 Thread 0x00000183545041f0 Exception <a 'java/lang/ClassCastException'{0x00000000ead74df8}: class org.eclipse.jdt.internal.compiler.lookup.BinaryTypeBinding cannot be cast to class org.eclipse.jdt.internal.compiler.lookup.SourceTypeBinding (org.eclipse.jdt.internal.compiler.lookup.BinaryTypeBinding and org.eclipse.jdt.internal.compiler.lookup.SourceTypeBinding are in unnamed module of loader org.eclipse.osgi.internal.loader.EquinoxClassLoader @14a9bcd5)> (0x00000000ead74df8) 
thrown [s\src\hotspot\share\interpreter\interpreterRuntim
Event: 2662.360 Thread 0x00000183545041f0 Exception <a 'java/lang/ClassCastException'{0x00000000ead75400}: class org.eclipse.jdt.internal.compiler.lookup.BinaryTypeBinding cannot be cast to class org.eclipse.jdt.internal.compiler.lookup.SourceTypeBinding (org.eclipse.jdt.internal.compiler.lookup.BinaryTypeBinding and org.eclipse.jdt.internal.compiler.lookup.SourceTypeBinding are in unnamed module of loader org.eclipse.osgi.internal.loader.EquinoxClassLoader @14a9bcd5)> (0x00000000ead75400) 
thrown [s\src\hotspot\share\interpreter\interpreterRuntim
Event: 2662.360 Thread 0x00000183545041f0 Exception <a 'java/lang/ClassCastException'{0x00000000ead75868}: class org.eclipse.jdt.internal.compiler.lookup.BinaryTypeBinding cannot be cast to class org.eclipse.jdt.internal.compiler.lookup.SourceTypeBinding (org.eclipse.jdt.internal.compiler.lookup.BinaryTypeBinding and org.eclipse.jdt.internal.compiler.lookup.SourceTypeBinding are in unnamed module of loader org.eclipse.osgi.internal.loader.EquinoxClassLoader @14a9bcd5)> (0x00000000ead75868) 
thrown [s\src\hotspot\share\interpreter\interpreterRuntim
Event: 2662.360 Thread 0x00000183545041f0 Exception <a 'java/lang/ClassCastException'{0x00000000ead75cd0}: class org.eclipse.jdt.internal.compiler.lookup.BinaryTypeBinding cannot be cast to class org.eclipse.jdt.internal.compiler.lookup.SourceTypeBinding (org.eclipse.jdt.internal.compiler.lookup.BinaryTypeBinding and org.eclipse.jdt.internal.compiler.lookup.SourceTypeBinding are in unnamed module of loader org.eclipse.osgi.internal.loader.EquinoxClassLoader @14a9bcd5)> (0x00000000ead75cd0) 
thrown [s\src\hotspot\share\interpreter\interpreterRuntim
Event: 2662.360 Thread 0x00000183545041f0 Exception <a 'java/lang/ClassCastException'{0x00000000ead76138}: class org.eclipse.jdt.internal.compiler.lookup.BinaryTypeBinding cannot be cast to class org.eclipse.jdt.internal.compiler.lookup.SourceTypeBinding (org.eclipse.jdt.internal.compiler.lookup.BinaryTypeBinding and org.eclipse.jdt.internal.compiler.lookup.SourceTypeBinding are in unnamed module of loader org.eclipse.osgi.internal.loader.EquinoxClassLoader @14a9bcd5)> (0x00000000ead76138) 
thrown [s\src\hotspot\share\interpreter\interpreterRuntim
Event: 2662.360 Thread 0x00000183545041f0 Exception <a 'java/lang/ClassCastException'{0x00000000ead76980}: class org.eclipse.jdt.internal.compiler.lookup.BinaryTypeBinding cannot be cast to class org.eclipse.jdt.internal.compiler.lookup.SourceTypeBinding (org.eclipse.jdt.internal.compiler.lookup.BinaryTypeBinding and org.eclipse.jdt.internal.compiler.lookup.SourceTypeBinding are in unnamed module of loader org.eclipse.osgi.internal.loader.EquinoxClassLoader @14a9bcd5)> (0x00000000ead76980) 
thrown [s\src\hotspot\share\interpreter\interpreterRuntim
Event: 2662.360 Thread 0x00000183545041f0 Exception <a 'java/lang/ClassCastException'{0x00000000ead76de8}: class org.eclipse.jdt.internal.compiler.lookup.BinaryTypeBinding cannot be cast to class org.eclipse.jdt.internal.compiler.lookup.SourceTypeBinding (org.eclipse.jdt.internal.compiler.lookup.BinaryTypeBinding and org.eclipse.jdt.internal.compiler.lookup.SourceTypeBinding are in unnamed module of loader org.eclipse.osgi.internal.loader.EquinoxClassLoader @14a9bcd5)> (0x00000000ead76de8) 
thrown [s\src\hotspot\share\interpreter\interpreterRuntim
Event: 2662.360 Thread 0x00000183545041f0 Exception <a 'java/lang/ClassCastException'{0x00000000ead77250}: class org.eclipse.jdt.internal.compiler.lookup.BinaryTypeBinding cannot be cast to class org.eclipse.jdt.internal.compiler.lookup.SourceTypeBinding (org.eclipse.jdt.internal.compiler.lookup.BinaryTypeBinding and org.eclipse.jdt.internal.compiler.lookup.SourceTypeBinding are in unnamed module of loader org.eclipse.osgi.internal.loader.EquinoxClassLoader @14a9bcd5)> (0x00000000ead77250) 
thrown [s\src\hotspot\share\interpreter\interpreterRuntim
Event: 2662.360 Thread 0x00000183545041f0 Exception <a 'java/lang/ClassCastException'{0x00000000ead776b8}: class org.eclipse.jdt.internal.compiler.lookup.BinaryTypeBinding cannot be cast to class org.eclipse.jdt.internal.compiler.lookup.SourceTypeBinding (org.eclipse.jdt.internal.compiler.lookup.BinaryTypeBinding and org.eclipse.jdt.internal.compiler.lookup.SourceTypeBinding are in unnamed module of loader org.eclipse.osgi.internal.loader.EquinoxClassLoader @14a9bcd5)> (0x00000000ead776b8) 
thrown [s\src\hotspot\share\interpreter\interpreterRuntim
Event: 2662.360 Thread 0x00000183545041f0 Exception <a 'java/lang/ClassCastException'{0x00000000ead77b20}: class org.eclipse.jdt.internal.compiler.lookup.BinaryTypeBinding cannot be cast to class org.eclipse.jdt.internal.compiler.lookup.SourceTypeBinding (org.eclipse.jdt.internal.compiler.lookup.BinaryTypeBinding and org.eclipse.jdt.internal.compiler.lookup.SourceTypeBinding are in unnamed module of loader org.eclipse.osgi.internal.loader.EquinoxClassLoader @14a9bcd5)> (0x00000000ead77b20) 
thrown [s\src\hotspot\share\interpreter\interpreterRuntim
Event: 2662.360 Thread 0x00000183545041f0 Exception <a 'java/lang/ClassCastException'{0x00000000ead77f88}: class org.eclipse.jdt.internal.compiler.lookup.BinaryTypeBinding cannot be cast to class org.eclipse.jdt.internal.compiler.lookup.SourceTypeBinding (org.eclipse.jdt.internal.compiler.lookup.BinaryTypeBinding and org.eclipse.jdt.internal.compiler.lookup.SourceTypeBinding are in unnamed module of loader org.eclipse.osgi.internal.loader.EquinoxClassLoader @14a9bcd5)> (0x00000000ead77f88) 
thrown [s\src\hotspot\share\interpreter\interpreterRuntim
Event: 2662.360 Thread 0x00000183545041f0 Exception <a 'java/lang/ClassCastException'{0x00000000ead783f0}: class org.eclipse.jdt.internal.compiler.lookup.BinaryTypeBinding cannot be cast to class org.eclipse.jdt.internal.compiler.lookup.SourceTypeBinding (org.eclipse.jdt.internal.compiler.lookup.BinaryTypeBinding and org.eclipse.jdt.internal.compiler.lookup.SourceTypeBinding are in unnamed module of loader org.eclipse.osgi.internal.loader.EquinoxClassLoader @14a9bcd5)> (0x00000000ead783f0) 
thrown [s\src\hotspot\share\interpreter\interpreterRuntim
Event: 2662.360 Thread 0x00000183545041f0 Exception <a 'java/lang/ClassCastException'{0x00000000ead78858}: class org.eclipse.jdt.internal.compiler.lookup.BinaryTypeBinding cannot be cast to class org.eclipse.jdt.internal.compiler.lookup.SourceTypeBinding (org.eclipse.jdt.internal.compiler.lookup.BinaryTypeBinding and org.eclipse.jdt.internal.compiler.lookup.SourceTypeBinding are in unnamed module of loader org.eclipse.osgi.internal.loader.EquinoxClassLoader @14a9bcd5)> (0x00000000ead78858) 
thrown [s\src\hotspot\share\interpreter\interpreterRuntim
Event: 2664.373 Thread 0x0000018351a2b8f0 Exception <a 'sun/nio/fs/WindowsException'{0x00000000eab011b8}> (0x00000000eab011b8) 
thrown [s\src\hotspot\share\prims\jni.cpp, line 516]
Event: 2665.985 Thread 0x00000183545041f0 Exception <a 'java/lang/ArrayIndexOutOfBoundsException'{0x00000000eae15c18}: Index 23936 out of bounds for length 23936> (0x00000000eae15c18) 
thrown [s\src\hotspot\share\interpreter\interpreterRuntime.cpp, line 428]

VM Operations (20 events):
Event: 2664.146 Executing VM operation: ParallelGCFailedAllocation
Event: 2664.161 Executing VM operation: ParallelGCFailedAllocation done
Event: 2664.198 Executing VM operation: ParallelGCFailedAllocation
Event: 2664.205 Executing VM operation: ParallelGCFailedAllocation done
Event: 2664.224 Executing VM operation: ParallelGCFailedAllocation
Event: 2664.241 Executing VM operation: ParallelGCFailedAllocation done
Event: 2664.258 Executing VM operation: ParallelGCFailedAllocation
Event: 2664.290 Executing VM operation: ParallelGCFailedAllocation done
Event: 2664.297 Executing VM operation: ParallelGCFailedAllocation
Event: 2664.312 Executing VM operation: ParallelGCFailedAllocation done
Event: 2664.327 Executing VM operation: ParallelGCFailedAllocation
Event: 2664.333 Executing VM operation: ParallelGCFailedAllocation done
Event: 2664.391 Executing VM operation: ParallelGCFailedAllocation
Event: 2665.632 Executing VM operation: ParallelGCFailedAllocation done
Event: 2665.780 Executing VM operation: ParallelGCFailedAllocation
Event: 2665.797 Executing VM operation: ParallelGCFailedAllocation done
Event: 2665.839 Executing VM operation: ParallelGCFailedAllocation
Event: 2665.869 Executing VM operation: ParallelGCFailedAllocation done
Event: 2665.993 Executing VM operation: ParallelGCFailedAllocation
Event: 2666.004 Executing VM operation: ParallelGCFailedAllocation done

Events (20 events):
Event: 2663.829 Thread 0x00000183556b27e0 Thread exited: 0x00000183556b27e0
Event: 2664.209 Thread 0x00000183545028a0 Thread added: 0x00000183545028a0
Event: 2664.209 Thread 0x0000018354505630 Thread added: 0x0000018354505630
Event: 2664.210 Thread 0x0000018354504c10 Thread added: 0x0000018354504c10
Event: 2664.217 Thread 0x00000183545028a0 Thread exited: 0x00000183545028a0
Event: 2664.243 Thread 0x0000018354505630 Thread exited: 0x0000018354505630
Event: 2664.332 Thread 0x0000018351a2a4b0 Thread exited: 0x0000018351a2a4b0
Event: 2664.348 Thread 0x0000018354504c10 Thread exited: 0x0000018354504c10
Event: 2664.356 Thread 0x00000183545028a0 Thread added: 0x00000183545028a0
Event: 2664.382 Thread 0x00000183545028a0 Thread exited: 0x00000183545028a0
Event: 2665.588 Thread 0x00000183545028a0 Thread added: 0x00000183545028a0
Event: 2665.606 Thread 0x0000018354504c10 Thread added: 0x0000018354504c10
Event: 2665.637 Thread 0x0000018354505630 Thread added: 0x0000018354505630
Event: 2665.709 Thread 0x00000183545028a0 Thread exited: 0x00000183545028a0
Event: 2665.816 Thread 0x00000183545028a0 Thread added: 0x00000183545028a0
Event: 2665.825 Thread 0x00000183556b27e0 Thread added: 0x00000183556b27e0
Event: 2665.861 Thread 0x00000183556b2cf0 Thread added: 0x00000183556b2cf0
Event: 2665.868 Thread 0x00000183556b3200 Thread added: 0x00000183556b3200
Event: 2665.989 Thread 0x00000183556b3200 Thread exited: 0x00000183556b3200
Event: 2666.093 Thread 0x0000018354505630 Thread exited: 0x0000018354505630


Dynamic libraries:
0x00007ff72cd90000 - 0x00007ff72cd9e000 	c:\Users\Aouimeur Sabrine\.vscode\extensions\redhat.java-1.30.0-win32-x64\jre\17.0.10-win32-x86_64\bin\java.exe
0x00007ff9aaab0000 - 0x00007ff9aacc7000 	C:\WINDOWS\SYSTEM32\ntdll.dll
0x00007ff9a08c0000 - 0x00007ff9a08d9000 	C:\Program Files\AVG\Antivirus\aswhook.dll
0x00007ff9a8fc0000 - 0x00007ff9a9084000 	C:\WINDOWS\System32\KERNEL32.DLL
0x00007ff9a7e50000 - 0x00007ff9a81f7000 	C:\WINDOWS\System32\KERNELBASE.dll
0x00007ff9a83e0000 - 0x00007ff9a84f1000 	C:\WINDOWS\System32\ucrtbase.dll
0x00007ff98d400000 - 0x00007ff98d417000 	c:\Users\Aouimeur Sabrine\.vscode\extensions\redhat.java-1.30.0-win32-x64\jre\17.0.10-win32-x86_64\bin\jli.dll
0x00007ff9a8ae0000 - 0x00007ff9a8c8e000 	C:\WINDOWS\System32\USER32.dll
0x00007ff9a8780000 - 0x00007ff9a87a6000 	C:\WINDOWS\System32\win32u.dll
0x00007ff9aaa40000 - 0x00007ff9aaa69000 	C:\WINDOWS\System32\GDI32.dll
0x00007ff9a8660000 - 0x00007ff9a8779000 	C:\WINDOWS\System32\gdi32full.dll
0x00007ff9a85c0000 - 0x00007ff9a865a000 	C:\WINDOWS\System32\msvcp_win.dll
0x00007ff98d1b0000 - 0x00007ff98d1cb000 	c:\Users\Aouimeur Sabrine\.vscode\extensions\redhat.java-1.30.0-win32-x64\jre\17.0.10-win32-x86_64\bin\VCRUNTIME140.dll
0x00007ff9999a0000 - 0x00007ff999c33000 	C:\WINDOWS\WinSxS\amd64_microsoft.windows.common-controls_6595b64144ccf1df_6.0.22621.3527_none_270e469b73872a76\COMCTL32.dll
0x00007ff9a88c0000 - 0x00007ff9a8967000 	C:\WINDOWS\System32\msvcrt.dll
0x00007ff9a8f80000 - 0x00007ff9a8fb1000 	C:\WINDOWS\System32\IMM32.DLL
0x00007ff995df0000 - 0x00007ff995dfc000 	c:\Users\Aouimeur Sabrine\.vscode\extensions\redhat.java-1.30.0-win32-x64\jre\17.0.10-win32-x86_64\bin\vcruntime140_1.dll
0x00007ff8f51e0000 - 0x00007ff8f526d000 	c:\Users\Aouimeur Sabrine\.vscode\extensions\redhat.java-1.30.0-win32-x64\jre\17.0.10-win32-x86_64\bin\msvcp140.dll
0x00007ff8d3be0000 - 0x00007ff8d4842000 	c:\Users\Aouimeur Sabrine\.vscode\extensions\redhat.java-1.30.0-win32-x64\jre\17.0.10-win32-x86_64\bin\server\jvm.dll
0x00007ff9aa120000 - 0x00007ff9aa1d2000 	C:\WINDOWS\System32\ADVAPI32.dll
0x00007ff9a8c90000 - 0x00007ff9a8d38000 	C:\WINDOWS\System32\sechost.dll
0x00007ff9a87b0000 - 0x00007ff9a87d8000 	C:\WINDOWS\System32\bcrypt.dll
0x00007ff9a9a40000 - 0x00007ff9a9b55000 	C:\WINDOWS\System32\RPCRT4.dll
0x00007ff9a7c90000 - 0x00007ff9a7cdd000 	C:\WINDOWS\SYSTEM32\POWRPROF.dll
0x00007ff994a10000 - 0x00007ff994a19000 	C:\WINDOWS\SYSTEM32\WSOCK32.dll
0x00007ff9a9f00000 - 0x00007ff9a9f71000 	C:\WINDOWS\System32\WS2_32.dll
0x00007ff9a0ca0000 - 0x00007ff9a0cd4000 	C:\WINDOWS\SYSTEM32\WINMM.dll
0x00007ff9a0c90000 - 0x00007ff9a0c9a000 	C:\WINDOWS\SYSTEM32\VERSION.dll
0x00007ff9a7c70000 - 0x00007ff9a7c83000 	C:\WINDOWS\SYSTEM32\UMPDC.dll
0x00007ff9a6df0000 - 0x00007ff9a6e08000 	C:\WINDOWS\SYSTEM32\kernel.appcore.dll
0x00007ff995db0000 - 0x00007ff995dba000 	c:\Users\Aouimeur Sabrine\.vscode\extensions\redhat.java-1.30.0-win32-x64\jre\17.0.10-win32-x86_64\bin\jimage.dll
0x00007ff99b290000 - 0x00007ff99b4c2000 	C:\WINDOWS\SYSTEM32\DBGHELP.DLL
0x00007ff9a9b60000 - 0x00007ff9a9ee8000 	C:\WINDOWS\System32\combase.dll
0x00007ff9a87e0000 - 0x00007ff9a88b7000 	C:\WINDOWS\System32\OLEAUT32.dll
0x00007ff998810000 - 0x00007ff998842000 	C:\WINDOWS\SYSTEM32\dbgcore.DLL
0x00007ff9a7dd0000 - 0x00007ff9a7e49000 	C:\WINDOWS\System32\bcryptPrimitives.dll
0x00007ff991150000 - 0x00007ff99115e000 	c:\Users\Aouimeur Sabrine\.vscode\extensions\redhat.java-1.30.0-win32-x64\jre\17.0.10-win32-x86_64\bin\instrument.dll
0x00007ff978310000 - 0x00007ff978335000 	c:\Users\Aouimeur Sabrine\.vscode\extensions\redhat.java-1.30.0-win32-x64\jre\17.0.10-win32-x86_64\bin\java.dll
0x00007ff98bf90000 - 0x00007ff98bfa8000 	c:\Users\Aouimeur Sabrine\.vscode\extensions\redhat.java-1.30.0-win32-x64\jre\17.0.10-win32-x86_64\bin\zip.dll
0x00007ff9aa1e0000 - 0x00007ff9aaa3c000 	C:\WINDOWS\System32\SHELL32.dll
0x00007ff9a5d10000 - 0x00007ff9a6606000 	C:\WINDOWS\SYSTEM32\windows.storage.dll
0x00007ff9a5bd0000 - 0x00007ff9a5d0e000 	C:\WINDOWS\SYSTEM32\wintypes.dll
0x00007ff9a89e0000 - 0x00007ff9a8ad5000 	C:\WINDOWS\System32\SHCORE.dll
0x00007ff9a8d40000 - 0x00007ff9a8d9e000 	C:\WINDOWS\System32\shlwapi.dll
0x00007ff9a7d00000 - 0x00007ff9a7d21000 	C:\WINDOWS\SYSTEM32\profapi.dll
0x00007ff985d40000 - 0x00007ff985d59000 	C:\Users\Aouimeur Sabrine\.vscode\extensions\redhat.java-1.30.0-win32-x64\jre\17.0.10-win32-x86_64\bin\net.dll
0x00007ff9a08e0000 - 0x00007ff9a0a16000 	C:\WINDOWS\SYSTEM32\WINHTTP.dll
0x00007ff9a7260000 - 0x00007ff9a72c9000 	C:\WINDOWS\system32\mswsock.dll
0x00007ff985440000 - 0x00007ff985456000 	C:\Users\Aouimeur Sabrine\.vscode\extensions\redhat.java-1.30.0-win32-x64\jre\17.0.10-win32-x86_64\bin\nio.dll
0x00007ff990840000 - 0x00007ff990850000 	c:\Users\Aouimeur Sabrine\.vscode\extensions\redhat.java-1.30.0-win32-x64\jre\17.0.10-win32-x86_64\bin\verify.dll
0x00007ff94bdf0000 - 0x00007ff94be2e000 	C:\Users\Aouimeur Sabrine\AppData\Roaming\Code\User\globalStorage\redhat.java\1.30.0\config_win\org.eclipse.equinox.launcher\org.eclipse.equinox.launcher.win32.win32.x86_64_1.2.900.v20240213-1244\eclipse_11900.dll
0x00007ff9a9770000 - 0x00007ff9a9915000 	C:\WINDOWS\System32\ole32.dll
0x00007ff9a74c0000 - 0x00007ff9a74db000 	C:\WINDOWS\SYSTEM32\CRYPTSP.dll
0x00007ff9a6d50000 - 0x00007ff9a6d85000 	C:\WINDOWS\system32\rsaenh.dll
0x00007ff9a7360000 - 0x00007ff9a7388000 	C:\WINDOWS\SYSTEM32\USERENV.dll
0x00007ff9a74e0000 - 0x00007ff9a74ec000 	C:\WINDOWS\SYSTEM32\CRYPTBASE.dll
0x00007ff9a68b0000 - 0x00007ff9a68dd000 	C:\WINDOWS\SYSTEM32\IPHLPAPI.DLL
0x00007ff9a9ef0000 - 0x00007ff9a9ef9000 	C:\WINDOWS\System32\NSI.dll
0x00007ff9a07e0000 - 0x00007ff9a07f9000 	C:\WINDOWS\SYSTEM32\dhcpcsvc6.DLL
0x00007ff9a07c0000 - 0x00007ff9a07df000 	C:\WINDOWS\SYSTEM32\dhcpcsvc.DLL
0x00007ff9a6930000 - 0x00007ff9a6a28000 	C:\WINDOWS\SYSTEM32\DNSAPI.dll
0x00007ff969e80000 - 0x00007ff969ec5000 	C:\Users\Aouimeur Sabrine\AppData\Local\Temp\jna--921003687\jna11172885132976556938.dll
0x00007ff9a9250000 - 0x00007ff9a9258000 	C:\WINDOWS\System32\PSAPI.DLL
0x00007ff9a3000000 - 0x00007ff9a3009000 	C:\Users\Aouimeur Sabrine\.vscode\extensions\redhat.java-1.30.0-win32-x64\jre\17.0.10-win32-x86_64\bin\extnet.dll

dbghelp: loaded successfully - version: 4.0.5 - missing functions: none
symbol engine: initialized successfully - sym options: 0x614 - pdb path: .;c:\Users\Aouimeur Sabrine\.vscode\extensions\redhat.java-1.30.0-win32-x64\jre\17.0.10-win32-x86_64\bin;C:\WINDOWS\SYSTEM32;C:\Program Files\AVG\Antivirus;C:\WINDOWS\WinSxS\amd64_microsoft.windows.common-controls_6595b64144ccf1df_6.0.22621.3527_none_270e469b73872a76;c:\Users\Aouimeur Sabrine\.vscode\extensions\redhat.java-1.30.0-win32-x64\jre\17.0.10-win32-x86_64\bin\server;C:\Users\Aouimeur Sabrine\AppData\Roaming\Code\User\globalStorage\redhat.java\1.30.0\config_win\org.eclipse.equinox.launcher\org.eclipse.equinox.launcher.win32.win32.x86_64_1.2.900.v20240213-1244;C:\Users\Aouimeur Sabrine\AppData\Local\Temp\jna--921003687

VM Arguments:
jvm_args: --add-modules=ALL-SYSTEM --add-opens=java.base/java.util=ALL-UNNAMED --add-opens=java.base/java.lang=ALL-UNNAMED --add-opens=java.base/sun.nio.fs=ALL-UNNAMED -Declipse.application=org.eclipse.jdt.ls.core.id1 -Dosgi.bundles.defaultStartLevel=4 -Declipse.product=org.eclipse.jdt.ls.core.product -Djava.import.generatesMetadataFilesAtProjectRoot=false -DDetectVMInstallationsJob.disabled=true -Dfile.encoding=utf8 -XX:+UseParallelGC -XX:GCTimeRatio=4 -XX:AdaptiveSizePolicyWeight=90 -Dsun.zip.disableMemoryMapping=true -Xmx1G -Xms100m -Xlog:disable -javaagent:c:\Users\Aouimeur Sabrine\.vscode\extensions\redhat.java-1.30.0-win32-x64\lombok\lombok-1.18.32.jar -XX:+HeapDumpOnOutOfMemoryError -XX:HeapDumpPath=c:\Users\Aouimeur Sabrine\AppData\Roaming\Code\User\workspaceStorage\71e7c252d79c2a0c943cfb81f7c9264c\redhat.java -Daether.dependencyCollector.impl=bf 
java_command: c:\Users\Aouimeur Sabrine\.vscode\extensions\redhat.java-1.30.0-win32-x64\server\plugins\org.eclipse.equinox.launcher_1.6.800.v20240330-1250.jar -configuration c:\Users\Aouimeur Sabrine\AppData\Roaming\Code\User\globalStorage\redhat.java\1.30.0\config_win -data c:\Users\Aouimeur Sabrine\AppData\Roaming\Code\User\workspaceStorage\71e7c252d79c2a0c943cfb81f7c9264c\redhat.java\jdt_ws --pipe=\\.\pipe\lsp-a33b97bf3232e7b1a084edfe94b55961-sock
java_class_path (initial): c:\Users\Aouimeur Sabrine\.vscode\extensions\redhat.java-1.30.0-win32-x64\server\plugins\org.eclipse.equinox.launcher_1.6.800.v20240330-1250.jar
Launcher Type: SUN_STANDARD

[Global flags]
    uintx AdaptiveSizePolicyWeight                 = 90                                        {product} {command line}
     intx CICompilerCount                          = 2                                         {product} {ergonomic}
    uintx GCTimeRatio                              = 4                                         {product} {command line}
     bool HeapDumpOnOutOfMemoryError               = true                                   {manageable} {command line}
    ccstr HeapDumpPath                             = c:\Users\Aouimeur Sabrine\AppData\Roaming\Code\User\workspaceStorage\71e7c252d79c2a0c943cfb81f7c9264c\redhat.java         {manageable} {command line}
   size_t InitialHeapSize                          = 104857600                                 {product} {command line}
   size_t MaxHeapSize                              = 1073741824                                {product} {command line}
   size_t MaxNewSize                               = 357564416                                 {product} {ergonomic}
   size_t MinHeapDeltaBytes                        = 524288                                    {product} {ergonomic}
   size_t MinHeapSize                              = 104857600                                 {product} {command line}
   size_t NewSize                                  = 34603008                                  {product} {ergonomic}
    uintx NonNMethodCodeHeapSize                   = 5826188                                {pd product} {ergonomic}
    uintx NonProfiledCodeHeapSize                  = 122916026                              {pd product} {ergonomic}
   size_t OldSize                                  = 70254592                                  {product} {ergonomic}
    uintx ProfiledCodeHeapSize                     = 122916026                              {pd product} {ergonomic}
    uintx ReservedCodeCacheSize                    = 251658240                              {pd product} {ergonomic}
     bool SegmentedCodeCache                       = true                                      {product} {ergonomic}
   size_t SoftMaxHeapSize                          = 1073741824                             {manageable} {ergonomic}
     bool UseCompressedClassPointers               = true                           {product lp64_product} {ergonomic}
     bool UseCompressedOops                        = true                           {product lp64_product} {ergonomic}
     bool UseLargePagesIndividualAllocation        = false                                  {pd product} {ergonomic}
     bool UseParallelGC                            = true                                      {product} {command line}

Logging:
Log output configuration:
 #0: stdout all=off uptime,level,tags
 #1: stderr all=off uptime,level,tags

Environment Variables:
JAVA_HOME=C:\Users\Aouimeur Sabrine\AppData\Local\Programs\Eclipse Adoptium\jdk-17.0.10.7-hotspot\
PATH=C:\oraclexe\app\oracle\product\11.2.0\server\bin;C:\Program Files (x86)\VMware\VMware Workstation\bin\;C:\WINDOWS\system32;C:\WINDOWS;C:\WINDOWS\System32\Wbem;C:\WINDOWS\System32\WindowsPowerShell\v1.0\;C:\WINDOWS\System32\OpenSSH\;C:\Users\Aouimeur Sabrine\AppData\Local\Programs\Eclipse Adoptium\jdk-17.0.10.7-hotspot\bin;C:\Python\Python312\Scripts\;C:\Python\Python312\;C:\Users\Aouimeur Sabrine\AppData\Local\Microsoft\WindowsApps;C:\Users\Aouimeur Sabrine\AppData\Local\Programs\Microsoft VS Code\bin;C:\Users\Aouimeur Sabrine\AppData\Local\GitHubDesktop\bin
USERNAME=Aouimeur Sabrine
OS=Windows_NT
PROCESSOR_IDENTIFIER=AMD64 Family 23 Model 32 Stepping 1, AuthenticAMD
TMP=C:\Users\AOUIME~1\AppData\Local\Temp
TEMP=C:\Users\AOUIME~1\AppData\Local\Temp



Periodic native trim disabled


---------------  S Y S T E M  ---------------

OS:
 Windows 11 , 64 bit Build 22621 (10.0.22621.3527)
OS uptime: 1 days 1:50 hours

CPU: total 2 (initial active 2) (2 cores per cpu, 1 threads per core) family 23 model 32 stepping 1 microcode 0x0, cx8, cmov, fxsr, mmx, 3dnowpref, sse, sse2, sse3, ssse3, sse4a, sse4.1, sse4.2, popcnt, lzcnt, tsc, tscinvbit, avx, avx2, aes, clmul, bmi1, bmi2, adx, sha, fma, vzeroupper, clflush, clflushopt
Processor Information for all 2 processors :
  Max Mhz: 1200, Current Mhz: 1200, Mhz Limit: 1200

Memory: 4k page, system-wide physical 3521M (66M free)
TotalPageFile size 14273M (AvailPageFile size 9M)
current process WorkingSet (physical memory assigned to process): 314M, peak: 380M
current process commit charge ("private bytes"): 422M, peak: 464M

vm_info: OpenJDK 64-Bit Server VM (17.0.10+7) for windows-amd64 JRE (17.0.10+7), built on Jan 16 2024 23:25:11 by "admin" with MS VC++ 16.10 / 16.11 (VS2019)

END.
