#
# There is insufficient memory for the Java Runtime Environment to continue.
# Native memory allocation (mmap) failed to map 65536 bytes for Failed to commit metaspace.
# Possible reasons:
#   The system is out of physical RAM or swap space
#   The process is running with CompressedOops enabled, and the Java Heap may be blocking the growth of the native heap
# Possible solutions:
#   Reduce memory load on the system
#   Increase physical memory or swap space
#   Check if swap backing store is full
#   Decrease Java heap size (-Xmx/-Xms)
#   Decrease number of Java threads
#   Decrease Java thread stack sizes (-Xss)
#   Set larger code cache with -XX:ReservedCodeCacheSize=
#   JVM is running with Unscaled Compressed Oops mode in which the Java heap is
#     placed in the first 4GB address space. The Java Heap base address is the
#     maximum limit for the native heap growth. Please use -XX:HeapBaseMinAddress
#     to set the Java Heap base and to place the Java Heap above 4GB virtual address.
# This output file may be truncated or incomplete.
#
#  Out of Memory Error (virtualSpaceNode.cpp:110), pid=14820, tid=13928
#
# JRE version: OpenJDK Runtime Environment Temurin-17.0.10+7 (17.0.10+7) (build 17.0.10+7)
# Java VM: OpenJDK 64-Bit Server VM Temurin-17.0.10+7 (17.0.10+7, mixed mode, tiered, compressed oops, compressed class ptrs, g1 gc, windows-amd64)
# No core dump will be written. Minidumps are not enabled by default on client versions of Windows
#

---------------  S U M M A R Y ------------

Command Line: -XX:+ShowCodeDetailsInExceptionMessages main.ui.LoginFrame

Host: AMD 3020e with Radeon Graphics                 , 2 cores, 3G,  Windows 11 , 64 bit Build 22621 (10.0.22621.3527)
Time: Sun May 19 15:22:41 2024 Afr. centrale Ouest elapsed time: 1.129403 seconds (0d 0h 0m 1s)

---------------  T H R E A D  ---------------

Current thread (0x000001919bd02b90):  JavaThread "main" [_thread_in_vm, id=13928, stack(0x0000002b93d00000,0x0000002b93e00000)]

Stack: [0x0000002b93d00000,0x0000002b93e00000]
Native frames: (J=compiled Java code, j=interpreted, Vv=VM code, C=native code)
V  [jvm.dll+0x67d2c9]
V  [jvm.dll+0x834afa]
V  [jvm.dll+0x8365be]
V  [jvm.dll+0x836c23]
V  [jvm.dll+0x2477ff]
V  [jvm.dll+0x8307bb]
V  [jvm.dll+0x621d16]
V  [jvm.dll+0x1c183e]
V  [jvm.dll+0x624671]
V  [jvm.dll+0x6226b6]
V  [jvm.dll+0x23bd4f]
V  [jvm.dll+0x62c565]
V  [jvm.dll+0x1eb80b]
V  [jvm.dll+0x1ebd45]
V  [jvm.dll+0x1ec800]
V  [jvm.dll+0x1e1c01]
V  [jvm.dll+0x5427ce]
V  [jvm.dll+0x1f2647]
V  [jvm.dll+0x7adf9b]
V  [jvm.dll+0x7af36c]
V  [jvm.dll+0x7af6b8]
V  [jvm.dll+0x23face]
V  [jvm.dll+0x23fd1f]
V  [jvm.dll+0x560aa8]
V  [jvm.dll+0x5639a7]
V  [jvm.dll+0x386672]
V  [jvm.dll+0x385cdf]
C  0x00000191ac53a459

The last pc belongs to invokestatic (printed below).
Java frames: (J=compiled Java code, j=interpreted, Vv=VM code)
j  jdk.internal.logger.BootstrapLogger$DetectBackend$1.run()Ljdk/internal/logger/BootstrapLogger$LoggingBackend;+5 java.base@17.0.10
j  jdk.internal.logger.BootstrapLogger$DetectBackend$1.run()Ljava/lang/Object;+1 java.base@17.0.10
j  java.security.AccessController.executePrivileged(Ljava/security/PrivilegedAction;Ljava/security/AccessControlContext;Ljava/lang/Class;)Ljava/lang/Object;+29 java.base@17.0.10
j  java.security.AccessController.doPrivileged(Ljava/security/PrivilegedAction;)Ljava/lang/Object;+5 java.base@17.0.10
j  jdk.internal.logger.BootstrapLogger$DetectBackend.<clinit>()V+7 java.base@17.0.10
v  ~StubRoutines::call_stub
j  jdk.internal.logger.BootstrapLogger.useLazyLoggers()Z+6 java.base@17.0.10
j  jdk.internal.logger.LazyLoggers.getLazyLogger(Ljava/lang/String;Ljava/lang/Module;)Ljava/lang/System$Logger;+0 java.base@17.0.10
j  sun.util.logging.PlatformLogger.getLogger(Ljava/lang/String;)Lsun/util/logging/PlatformLogger;+41 java.base@17.0.10
j  java.awt.Component.<clinit>()V+19 java.desktop@17.0.10
v  ~StubRoutines::call_stub
invokestatic  184 invokestatic  [0x00000191ac53a3a0, 0x00000191ac53a660]  704 bytes
[MachCode]
  0x00000191ac53a3a0: 4883 ec08 | c5fa 1104 | 24eb 1f48 | 83ec 10c5 | fb11 0424 | eb14 4883 | ec10 4889 | 0424 48c7 
  0x00000191ac53a3c0: 4424 0800 | 0000 00eb | 0150 4c89 | 6dc0 410f | b755 0148 | 8b4d d0c1 | e202 8b5c | d120 c1eb 
  0x00000191ac53a3e0: 1081 e3ff | 0000 0081 | fbb8 0000 | 000f 84b6 | 0000 00bb | b800 0000 | e805 0000 | 00e9 9b00 
  0x00000191ac53a400: 0000 488b | d348 8d44 | 2408 4c89 | 6dc0 498b | cfc5 f877 | 4989 afa8 | 0200 0049 | 8987 9802 
  0x00000191ac53a420: 0000 4883 | ec20 f7c4 | 0f00 0000 | 0f84 1a00 | 0000 4883 | ec08 49ba | 705c 60ba | f97f 0000 
  0x00000191ac53a440: 41ff d248 | 83c4 08e9 | 0d00 0000 | 49ba 705c | 60ba f97f | 0000 41ff | d248 83c4 | 2049 c787 
  0x00000191ac53a460: 9802 0000 | 0000 0000 | 49c7 87a8 | 0200 0000 | 0000 0049 | c787 a002 | 0000 0000 | 0000 c5f8 
  0x00000191ac53a480: 7749 817f | 0800 0000 | 000f 8405 | 0000 00e9 | 6c6a feff | 4c8b 6dc0 | 4c8b 75c8 | c341 0fb7 
  0x00000191ac53a4a0: 5501 488b | 4dd0 c1e2 | 0248 8b5c | d128 488b | 5b08 488b | 5b08 488b | 5b18 80bb | 3301 0000 
  0x00000191ac53a4c0: 040f 840d | 0000 004c | 3bbb 3801 | 0000 0f85 | 1fff ffff | 488b 5cd1 | 288b 54d1 | 38c1 ea1c 
  0x00000191ac53a4e0: 49ba a060 | e2ba f97f | 0000 498b | 14d2 5248 | 8b45 d848 | 85c0 0f84 | 1200 0000 | 4883 4008 
  0x00000191ac53a500: 0148 8358 | 0800 4883 | c010 4889 | 45d8 488b | 45d8 4885 | c00f 8423 | 0100 0080 | 78f0 0a0f 
  0x00000191ac53a520: 8519 0100 | 0048 83c0 | 084c 8b68 | f841 83ed | 0041 83fd | 020f 8cf8 | 0000 004c | 8b6b 0845 
  0x00000191ac53a540: 0fb7 6d2c | 4c2b 2841 | 83ed 014e | 8b6c ec08 | 4d85 ed75 | 0748 8348 | 0801 eb4a | 458b 6d08 
  0x00000191ac53a560: 49c1 e503 | 4c33 6808 | 49f7 c5fc | ffff ff74 | 3549 f7c5 | 0200 0000 | 752c 4881 | 7808 0000 
  0x00000191ac53a580: 0000 741e | 4881 7808 | 0100 0000 | 7414 4c33 | 6808 49f7 | c5fc ffff | ff74 0b48 | 8348 0802 
  0x00000191ac53a5a0: eb04 4c89 | 6808 4883 | c010 4c8b | 68e8 4183 | ed02 4183 | fd02 0f8c | 7700 0000 | 4c8b 6b08 
  0x00000191ac53a5c0: 450f b76d | 2c4c 2b28 | 4183 ed01 | 4e8b 6cec | 084d 85ed | 7507 4883 | 4808 01eb | 4a45 8b6d 
  0x00000191ac53a5e0: 0849 c1e5 | 034c 3368 | 0849 f7c5 | fcff ffff | 7435 49f7 | c502 0000 | 0075 2c48 | 8178 0800 
  0x00000191ac53a600: 0000 0074 | 1e48 8178 | 0801 0000 | 0074 144c | 3368 0849 | f7c5 fcff | ffff 740b | 4883 4808 
  0x00000191ac53a620: 02eb 044c | 8968 0848 | 83c0 104c | 8b68 d841 | 83ed 0441 | c1e5 0349 | 03c5 4889 | 45d8 4c8d 
  0x00000191ac53a640: 6c24 084c | 896d f0ff | 6350 660f | 1f44 0000 | 0000 0000 | 0000 0000 | 0000 0000 | 0000 0000 
[/MachCode]

---------------  P R O C E S S  ---------------

Threads class SMR info:
_java_thread_list=0x00000191b8b753d0, length=12, elements={
0x000001919bd02b90, 0x00000191b887e420, 0x00000191b887ef50, 0x00000191b88ce010,
0x00000191b88ce8e0, 0x00000191b88cf2b0, 0x00000191b88d1f90, 0x00000191b88d2c40,
0x00000191b88d3600, 0x00000191b88bbcf0, 0x00000191b8b8fd40, 0x00000191b8ba8020
}

Java Threads: ( => current thread )
=>0x000001919bd02b90 JavaThread "main" [_thread_in_vm, id=13928, stack(0x0000002b93d00000,0x0000002b93e00000)]
  0x00000191b887e420 JavaThread "Reference Handler" daemon [_thread_blocked, id=11744, stack(0x0000002b94400000,0x0000002b94500000)]
  0x00000191b887ef50 JavaThread "Finalizer" daemon [_thread_blocked, id=22912, stack(0x0000002b94500000,0x0000002b94600000)]
  0x00000191b88ce010 JavaThread "Signal Dispatcher" daemon [_thread_blocked, id=18656, stack(0x0000002b94600000,0x0000002b94700000)]
  0x00000191b88ce8e0 JavaThread "Attach Listener" daemon [_thread_blocked, id=2848, stack(0x0000002b94700000,0x0000002b94800000)]
  0x00000191b88cf2b0 JavaThread "Service Thread" daemon [_thread_blocked, id=11964, stack(0x0000002b94800000,0x0000002b94900000)]
  0x00000191b88d1f90 JavaThread "Monitor Deflation Thread" daemon [_thread_blocked, id=16184, stack(0x0000002b94900000,0x0000002b94a00000)]
  0x00000191b88d2c40 JavaThread "C2 CompilerThread0" daemon [_thread_blocked, id=22752, stack(0x0000002b94a00000,0x0000002b94b00000)]
  0x00000191b88d3600 JavaThread "C1 CompilerThread0" daemon [_thread_blocked, id=22308, stack(0x0000002b94b00000,0x0000002b94c00000)]
  0x00000191b88bbcf0 JavaThread "Sweeper thread" daemon [_thread_blocked, id=5928, stack(0x0000002b94c00000,0x0000002b94d00000)]
  0x00000191b8b8fd40 JavaThread "Notification Thread" daemon [_thread_blocked, id=23328, stack(0x0000002b94d00000,0x0000002b94e00000)]
  0x00000191b8ba8020 JavaThread "Common-Cleaner" daemon [_thread_blocked, id=4748, stack(0x0000002b94f00000,0x0000002b95000000)]

Other Threads:
  0x000001919bdae990 VMThread "VM Thread" [stack: 0x0000002b94300000,0x0000002b94400000] [id=5824]
  0x00000191b8b92230 WatcherThread [stack: 0x0000002b94e00000,0x0000002b94f00000] [id=23528]
  0x000001919bd3a180 GCTaskThread "GC Thread#0" [stack: 0x0000002b93e00000,0x0000002b93f00000] [id=15656]
  0x000001919bd426b0 ConcurrentGCThread "G1 Main Marker" [stack: 0x0000002b93f00000,0x0000002b94000000] [id=23360]
  0x000001919bd430d0 ConcurrentGCThread "G1 Conc#0" [stack: 0x0000002b94000000,0x0000002b94100000] [id=21248]
  0x000001919bd787f0 ConcurrentGCThread "G1 Refine#0" [stack: 0x0000002b94100000,0x0000002b94200000] [id=14308]
  0x000001919bd79230 ConcurrentGCThread "G1 Service" [stack: 0x0000002b94200000,0x0000002b94300000] [id=14716]

Threads with active compile tasks:

VM state: not at safepoint (normal execution)

VM Mutex/Monitor currently owned by a thread:  ([mutex/lock_event])
[0x000001919bcfc770] Metaspace_lock - owner thread: 0x000001919bd02b90

Heap address: 0x00000000c8e00000, size: 882 MB, Compressed Oops mode: 32-bit

CDS archive(s) not mapped
Compressed class space mapped at: 0x0000000100000000-0x0000000140000000, reserved size: 1073741824
Narrow klass base: 0x0000000000000000, Narrow klass shift: 3, Narrow klass range: 0x140000000

GC Precious Log:
 CPUs: 2 total, 2 available
 Memory: 3521M
 Large Page Support: Disabled
 NUMA Support: Disabled
 Compressed Oops: Enabled (32-bit)
 Heap Region Size: 1M
 Heap Min Capacity: 8M
 Heap Initial Capacity: 56M
 Heap Max Capacity: 882M
 Pre-touch: Disabled
 Parallel Workers: 2
 Concurrent Workers: 1
 Concurrent Refinement Workers: 2
 Periodic GC: Disabled

Heap:
 garbage-first heap   total 57344K, used 0K [0x00000000c8e00000, 0x0000000100000000)
  region size 1024K, 1 young (1024K), 0 survivors (0K)
 Metaspace       used 4485K, committed 4608K, reserved 1114112K
  class space    used 383K, committed 448K, reserved 1048576K

Heap Regions: E=young(eden), S=young(survivor), O=old, HS=humongous(starts), HC=humongous(continues), CS=collection set, F=free, OA=open archive, CA=closed archive, TAMS=top-at-mark-start (previous, next)
|   0|0x00000000c8e00000, 0x00000000c8e00000, 0x00000000c8f00000|  0%| F|  |TAMS 0x00000000c8e00000, 0x00000000c8e00000| Untracked 
|   1|0x00000000c8f00000, 0x00000000c8f00000, 0x00000000c9000000|  0%| F|  |TAMS 0x00000000c8f00000, 0x00000000c8f00000| Untracked 
|   2|0x00000000c9000000, 0x00000000c9000000, 0x00000000c9100000|  0%| F|  |TAMS 0x00000000c9000000, 0x00000000c9000000| Untracked 
|   3|0x00000000c9100000, 0x00000000c9100000, 0x00000000c9200000|  0%| F|  |TAMS 0x00000000c9100000, 0x00000000c9100000| Untracked 
|   4|0x00000000c9200000, 0x00000000c9200000, 0x00000000c9300000|  0%| F|  |TAMS 0x00000000c9200000, 0x00000000c9200000| Untracked 
|   5|0x00000000c9300000, 0x00000000c9300000, 0x00000000c9400000|  0%| F|  |TAMS 0x00000000c9300000, 0x00000000c9300000| Untracked 
|   6|0x00000000c9400000, 0x00000000c9400000, 0x00000000c9500000|  0%| F|  |TAMS 0x00000000c9400000, 0x00000000c9400000| Untracked 
|   7|0x00000000c9500000, 0x00000000c9500000, 0x00000000c9600000|  0%| F|  |TAMS 0x00000000c9500000, 0x00000000c9500000| Untracked 
|   8|0x00000000c9600000, 0x00000000c9600000, 0x00000000c9700000|  0%| F|  |TAMS 0x00000000c9600000, 0x00000000c9600000| Untracked 
|   9|0x00000000c9700000, 0x00000000c9700000, 0x00000000c9800000|  0%| F|  |TAMS 0x00000000c9700000, 0x00000000c9700000| Untracked 
|  10|0x00000000c9800000, 0x00000000c9800000, 0x00000000c9900000|  0%| F|  |TAMS 0x00000000c9800000, 0x00000000c9800000| Untracked 
|  11|0x00000000c9900000, 0x00000000c9900000, 0x00000000c9a00000|  0%| F|  |TAMS 0x00000000c9900000, 0x00000000c9900000| Untracked 
|  12|0x00000000c9a00000, 0x00000000c9a00000, 0x00000000c9b00000|  0%| F|  |TAMS 0x00000000c9a00000, 0x00000000c9a00000| Untracked 
|  13|0x00000000c9b00000, 0x00000000c9b00000, 0x00000000c9c00000|  0%| F|  |TAMS 0x00000000c9b00000, 0x00000000c9b00000| Untracked 
|  14|0x00000000c9c00000, 0x00000000c9c00000, 0x00000000c9d00000|  0%| F|  |TAMS 0x00000000c9c00000, 0x00000000c9c00000| Untracked 
|  15|0x00000000c9d00000, 0x00000000c9d00000, 0x00000000c9e00000|  0%| F|  |TAMS 0x00000000c9d00000, 0x00000000c9d00000| Untracked 
|  16|0x00000000c9e00000, 0x00000000c9e00000, 0x00000000c9f00000|  0%| F|  |TAMS 0x00000000c9e00000, 0x00000000c9e00000| Untracked 
|  17|0x00000000c9f00000, 0x00000000c9f00000, 0x00000000ca000000|  0%| F|  |TAMS 0x00000000c9f00000, 0x00000000c9f00000| Untracked 
|  18|0x00000000ca000000, 0x00000000ca000000, 0x00000000ca100000|  0%| F|  |TAMS 0x00000000ca000000, 0x00000000ca000000| Untracked 
|  19|0x00000000ca100000, 0x00000000ca100000, 0x00000000ca200000|  0%| F|  |TAMS 0x00000000ca100000, 0x00000000ca100000| Untracked 
|  20|0x00000000ca200000, 0x00000000ca200000, 0x00000000ca300000|  0%| F|  |TAMS 0x00000000ca200000, 0x00000000ca200000| Untracked 
|  21|0x00000000ca300000, 0x00000000ca300000, 0x00000000ca400000|  0%| F|  |TAMS 0x00000000ca300000, 0x00000000ca300000| Untracked 
|  22|0x00000000ca400000, 0x00000000ca400000, 0x00000000ca500000|  0%| F|  |TAMS 0x00000000ca400000, 0x00000000ca400000| Untracked 
|  23|0x00000000ca500000, 0x00000000ca500000, 0x00000000ca600000|  0%| F|  |TAMS 0x00000000ca500000, 0x00000000ca500000| Untracked 
|  24|0x00000000ca600000, 0x00000000ca600000, 0x00000000ca700000|  0%| F|  |TAMS 0x00000000ca600000, 0x00000000ca600000| Untracked 
|  25|0x00000000ca700000, 0x00000000ca700000, 0x00000000ca800000|  0%| F|  |TAMS 0x00000000ca700000, 0x00000000ca700000| Untracked 
|  26|0x00000000ca800000, 0x00000000ca800000, 0x00000000ca900000|  0%| F|  |TAMS 0x00000000ca800000, 0x00000000ca800000| Untracked 
|  27|0x00000000ca900000, 0x00000000ca900000, 0x00000000caa00000|  0%| F|  |TAMS 0x00000000ca900000, 0x00000000ca900000| Untracked 
|  28|0x00000000caa00000, 0x00000000caa00000, 0x00000000cab00000|  0%| F|  |TAMS 0x00000000caa00000, 0x00000000caa00000| Untracked 
|  29|0x00000000cab00000, 0x00000000cab00000, 0x00000000cac00000|  0%| F|  |TAMS 0x00000000cab00000, 0x00000000cab00000| Untracked 
|  30|0x00000000cac00000, 0x00000000cac00000, 0x00000000cad00000|  0%| F|  |TAMS 0x00000000cac00000, 0x00000000cac00000| Untracked 
|  31|0x00000000cad00000, 0x00000000cad00000, 0x00000000cae00000|  0%| F|  |TAMS 0x00000000cad00000, 0x00000000cad00000| Untracked 
|  32|0x00000000cae00000, 0x00000000cae00000, 0x00000000caf00000|  0%| F|  |TAMS 0x00000000cae00000, 0x00000000cae00000| Untracked 
|  33|0x00000000caf00000, 0x00000000caf00000, 0x00000000cb000000|  0%| F|  |TAMS 0x00000000caf00000, 0x00000000caf00000| Untracked 
|  34|0x00000000cb000000, 0x00000000cb000000, 0x00000000cb100000|  0%| F|  |TAMS 0x00000000cb000000, 0x00000000cb000000| Untracked 
|  35|0x00000000cb100000, 0x00000000cb100000, 0x00000000cb200000|  0%| F|  |TAMS 0x00000000cb100000, 0x00000000cb100000| Untracked 
|  36|0x00000000cb200000, 0x00000000cb200000, 0x00000000cb300000|  0%| F|  |TAMS 0x00000000cb200000, 0x00000000cb200000| Untracked 
|  37|0x00000000cb300000, 0x00000000cb300000, 0x00000000cb400000|  0%| F|  |TAMS 0x00000000cb300000, 0x00000000cb300000| Untracked 
|  38|0x00000000cb400000, 0x00000000cb400000, 0x00000000cb500000|  0%| F|  |TAMS 0x00000000cb400000, 0x00000000cb400000| Untracked 
|  39|0x00000000cb500000, 0x00000000cb500000, 0x00000000cb600000|  0%| F|  |TAMS 0x00000000cb500000, 0x00000000cb500000| Untracked 
|  40|0x00000000cb600000, 0x00000000cb600000, 0x00000000cb700000|  0%| F|  |TAMS 0x00000000cb600000, 0x00000000cb600000| Untracked 
|  41|0x00000000cb700000, 0x00000000cb700000, 0x00000000cb800000|  0%| F|  |TAMS 0x00000000cb700000, 0x00000000cb700000| Untracked 
|  42|0x00000000cb800000, 0x00000000cb800000, 0x00000000cb900000|  0%| F|  |TAMS 0x00000000cb800000, 0x00000000cb800000| Untracked 
|  43|0x00000000cb900000, 0x00000000cb900000, 0x00000000cba00000|  0%| F|  |TAMS 0x00000000cb900000, 0x00000000cb900000| Untracked 
|  44|0x00000000cba00000, 0x00000000cba00000, 0x00000000cbb00000|  0%| F|  |TAMS 0x00000000cba00000, 0x00000000cba00000| Untracked 
|  45|0x00000000cbb00000, 0x00000000cbb00000, 0x00000000cbc00000|  0%| F|  |TAMS 0x00000000cbb00000, 0x00000000cbb00000| Untracked 
|  46|0x00000000cbc00000, 0x00000000cbc00000, 0x00000000cbd00000|  0%| F|  |TAMS 0x00000000cbc00000, 0x00000000cbc00000| Untracked 
|  47|0x00000000cbd00000, 0x00000000cbd00000, 0x00000000cbe00000|  0%| F|  |TAMS 0x00000000cbd00000, 0x00000000cbd00000| Untracked 
|  48|0x00000000cbe00000, 0x00000000cbe00000, 0x00000000cbf00000|  0%| F|  |TAMS 0x00000000cbe00000, 0x00000000cbe00000| Untracked 
|  49|0x00000000cbf00000, 0x00000000cbf00000, 0x00000000cc000000|  0%| F|  |TAMS 0x00000000cbf00000, 0x00000000cbf00000| Untracked 
|  50|0x00000000cc000000, 0x00000000cc000000, 0x00000000cc100000|  0%| F|  |TAMS 0x00000000cc000000, 0x00000000cc000000| Untracked 
|  51|0x00000000cc100000, 0x00000000cc100000, 0x00000000cc200000|  0%| F|  |TAMS 0x00000000cc100000, 0x00000000cc100000| Untracked 
|  52|0x00000000cc200000, 0x00000000cc200000, 0x00000000cc300000|  0%| F|  |TAMS 0x00000000cc200000, 0x00000000cc200000| Untracked 
|  53|0x00000000cc300000, 0x00000000cc300000, 0x00000000cc400000|  0%| F|  |TAMS 0x00000000cc300000, 0x00000000cc300000| Untracked 
|  54|0x00000000cc400000, 0x00000000cc400000, 0x00000000cc500000|  0%| F|  |TAMS 0x00000000cc400000, 0x00000000cc400000| Untracked 
|  55|0x00000000cc500000, 0x00000000cc5f5e38, 0x00000000cc600000| 96%| E|  |TAMS 0x00000000cc500000, 0x00000000cc500000| Complete 

Card table byte_map: [0x00000191b45b0000,0x00000191b4770000] _byte_map_base: 0x00000191b3f69000

Marking Bits (Prev, Next): (CMBitMap*) 0x000001919bd3a7a0, (CMBitMap*) 0x000001919bd3a7e0
 Prev Bits: [0x00000191b4930000, 0x00000191b56f8000)
 Next Bits: [0x00000191b5700000, 0x00000191b64c8000)

Polling page: 0x000001919bb70000

Metaspace:

Usage:
  Non-class:      4.01 MB used.
      Class:    383.56 KB used.
       Both:      4.38 MB used.

Virtual space:
  Non-class space:       64.00 MB reserved,       4.06 MB (  6%) committed,  1 nodes.
      Class space:        1.00 GB reserved,     448.00 KB ( <1%) committed,  1 nodes.
             Both:        1.06 GB reserved,       4.50 MB ( <1%) committed. 

Chunk freelists:
   Non-Class:  10.99 MB
       Class:  15.62 MB
        Both:  26.61 MB

MaxMetaspaceSize: unlimited
CompressedClassSpaceSize: 1.00 GB
Initial GC threshold: 21.00 MB
Current GC threshold: 21.00 MB
CDS: off
MetaspaceReclaimPolicy: balanced
 - commit_granule_bytes: 65536.
 - commit_granule_words: 8192.
 - virtual_space_node_default_size: 8388608.
 - enlarge_chunks_in_place: 1.
 - new_chunks_are_fully_committed: 0.
 - uncommit_free_chunks: 1.
 - use_allocation_guard: 0.
 - handle_deallocations: 1.


Internal statistics:

num_allocs_failed_limit: 0.
num_arena_births: 4.
num_arena_deaths: 0.
num_vsnodes_births: 2.
num_vsnodes_deaths: 0.
num_space_committed: 72.
num_space_uncommitted: 0.
num_chunks_returned_to_freelist: 0.
num_chunks_taken_from_freelist: 6.
num_chunk_merges: 0.
num_chunk_splits: 3.
num_chunks_enlarged: 1.
num_inconsistent_stats: 0.

CodeHeap 'non-profiled nmethods': size=120064Kb used=14Kb max_used=14Kb free=120049Kb
 bounds [0x00000191acab0000, 0x00000191acd20000, 0x00000191b3ff0000]
CodeHeap 'profiled nmethods': size=120000Kb used=101Kb max_used=101Kb free=119898Kb
 bounds [0x00000191a4ff0000, 0x00000191a5260000, 0x00000191ac520000]
CodeHeap 'non-nmethods': size=5696Kb used=1038Kb max_used=1038Kb free=4657Kb
 bounds [0x00000191ac520000, 0x00000191ac790000, 0x00000191acab0000]
 total_blobs=370 nmethods=76 adapters=207
 compilation: enabled
              stopped_count=0, restarted_count=0
 full_count=0

Compilation events (20 events):
Event: 0.976 Thread 0x00000191b88d3600   67       3       java.util.HashMap::resize (356 bytes)
Event: 0.977 Thread 0x00000191b88d3600 nmethod 67 0x00000191a5005490 code [0x00000191a5005740, 0x00000191a5006b88]
Event: 0.978 Thread 0x00000191b88d3600   68       1       java.util.ImmutableCollections$Set12::isEmpty (2 bytes)
Event: 0.979 Thread 0x00000191b88d3600 nmethod 68 0x00000191acab3710 code [0x00000191acab38a0, 0x00000191acab3978]
Event: 0.987 Thread 0x00000191b88d3600   69       3       java.lang.StringUTF16::getChar (60 bytes)
Event: 0.988 Thread 0x00000191b88d3600 nmethod 69 0x00000191a5007010 code [0x00000191a50071a0, 0x00000191a5007318]
Event: 1.020 Thread 0x00000191b88d3600   70       3       java.lang.AbstractStringBuilder::ensureCapacityInternal (39 bytes)
Event: 1.020 Thread 0x00000191b88d3600 nmethod 70 0x00000191a5007410 code [0x00000191a50075c0, 0x00000191a50077f8]
Event: 1.020 Thread 0x00000191b88d3600   71       3       java.lang.StringLatin1::canEncode (13 bytes)
Event: 1.020 Thread 0x00000191b88d3600 nmethod 71 0x00000191a5007910 code [0x00000191a5007aa0, 0x00000191a5007bf8]
Event: 1.020 Thread 0x00000191b88d3600   72       3       java.lang.AbstractStringBuilder::isLatin1 (19 bytes)
Event: 1.021 Thread 0x00000191b88d3600 nmethod 72 0x00000191a5007c90 code [0x00000191a5007e20, 0x00000191a5007f98]
Event: 1.021 Thread 0x00000191b88d3600   73       3       java.lang.StringBuilder::append (8 bytes)
Event: 1.021 Thread 0x00000191b88d3600 nmethod 73 0x00000191a5008010 code [0x00000191a50081a0, 0x00000191a50082e8]
Event: 1.021 Thread 0x00000191b88d3600   74       3       java.lang.AbstractStringBuilder::append (77 bytes)
Event: 1.022 Thread 0x00000191b88d3600 nmethod 74 0x00000191a5008390 code [0x00000191a50085a0, 0x00000191a5008c28]
Event: 1.054 Thread 0x00000191b88d3600   75       3       java.lang.String::isEmpty (14 bytes)
Event: 1.055 Thread 0x00000191b88d3600 nmethod 75 0x00000191a5008e90 code [0x00000191a5009020, 0x00000191a5009198]
Event: 1.066 Thread 0x00000191b88d3600   76       3       java.lang.Math::min (11 bytes)
Event: 1.066 Thread 0x00000191b88d3600 nmethod 76 0x00000191a5009290 code [0x00000191a5009420, 0x00000191a5009558]

GC Heap History (0 events):
No events

Dll operation events (2 events):
Event: 0.066 Loaded shared library C:\Users\Aouimeur Sabrine\AppData\Local\Programs\Eclipse Adoptium\jdk-17.0.10.7-hotspot\bin\java.dll
Event: 0.660 Loaded shared library C:\Users\Aouimeur Sabrine\AppData\Local\Programs\Eclipse Adoptium\jdk-17.0.10.7-hotspot\bin\jsvml.dll

Deoptimization events (0 events):
No events

Classes unloaded (0 events):
No events

Classes redefined (0 events):
No events

Internal exceptions (0 events):
No events

VM Operations (0 events):
No events

Events (20 events):
Event: 1.071 loading class java/util/function/BiFunction
Event: 1.071 loading class java/util/function/BiFunction done
Event: 1.071 loading class jdk/internal/logger/LazyLoggers$1 done
Event: 1.071 loading class jdk/internal/logger/LazyLoggers$LazyLoggerFactories
Event: 1.071 loading class jdk/internal/logger/LazyLoggers$LazyLoggerFactories done
Event: 1.071 loading class jdk/internal/logger/BootstrapLogger
Event: 1.072 loading class java/lang/System$Logger
Event: 1.073 loading class java/lang/System$Logger done
Event: 1.073 loading class sun/util/logging/PlatformLogger$Bridge
Event: 1.074 loading class sun/util/logging/PlatformLogger$Bridge done
Event: 1.074 loading class sun/util/logging/PlatformLogger$ConfigurableBridge
Event: 1.074 loading class sun/util/logging/PlatformLogger$ConfigurableBridge done
Event: 1.074 loading class jdk/internal/logger/BootstrapLogger done
Event: 1.074 loading class jdk/internal/logger/BootstrapLogger$DetectBackend
Event: 1.074 loading class jdk/internal/logger/BootstrapLogger$DetectBackend done
Event: 1.074 loading class jdk/internal/logger/BootstrapLogger$DetectBackend$1
Event: 1.074 loading class jdk/internal/logger/BootstrapLogger$DetectBackend$1 done
Event: 1.074 loading class java/lang/System$LoggerFinder
Event: 1.074 loading class java/lang/System$LoggerFinder done
Event: 1.075 loading class java/util/ServiceLoader


Dynamic libraries:
0x00007ff652400000 - 0x00007ff65240e000 	C:\Users\Aouimeur Sabrine\AppData\Local\Programs\Eclipse Adoptium\jdk-17.0.10.7-hotspot\bin\java.exe
0x00007ffa35210000 - 0x00007ffa35427000 	C:\WINDOWS\SYSTEM32\ntdll.dll
0x00007ffa07800000 - 0x00007ffa07819000 	C:\Program Files\AVG\Antivirus\aswhook.dll
0x00007ffa34710000 - 0x00007ffa347d4000 	C:\WINDOWS\System32\KERNEL32.DLL
0x00007ffa326c0000 - 0x00007ffa32a67000 	C:\WINDOWS\System32\KERNELBASE.dll
0x00007ffa32ae0000 - 0x00007ffa32bf1000 	C:\WINDOWS\System32\ucrtbase.dll
0x00007ffa16f80000 - 0x00007ffa16f97000 	C:\Users\Aouimeur Sabrine\AppData\Local\Programs\Eclipse Adoptium\jdk-17.0.10.7-hotspot\bin\jli.dll
0x00007ffa34a00000 - 0x00007ffa34bae000 	C:\WINDOWS\System32\USER32.dll
0x00007ffa325d0000 - 0x00007ffa325f6000 	C:\WINDOWS\System32\win32u.dll
0x00007ffa331b0000 - 0x00007ffa331d9000 	C:\WINDOWS\System32\GDI32.dll
0x00007ffa32da0000 - 0x00007ffa32eb9000 	C:\WINDOWS\System32\gdi32full.dll
0x00007ffa32530000 - 0x00007ffa325ca000 	C:\WINDOWS\System32\msvcp_win.dll
0x00007ffa10960000 - 0x00007ffa1097b000 	C:\Users\Aouimeur Sabrine\AppData\Local\Programs\Eclipse Adoptium\jdk-17.0.10.7-hotspot\bin\VCRUNTIME140.dll
0x00007ffa31710000 - 0x00007ffa319a3000 	C:\WINDOWS\WinSxS\amd64_microsoft.windows.common-controls_6595b64144ccf1df_6.0.22621.3527_none_270e469b73872a76\COMCTL32.dll
0x00007ffa32f50000 - 0x00007ffa32ff7000 	C:\WINDOWS\System32\msvcrt.dll
0x00007ffa34900000 - 0x00007ffa34931000 	C:\WINDOWS\System32\IMM32.DLL
0x00007ffa17000000 - 0x00007ffa1700c000 	C:\Users\Aouimeur Sabrine\AppData\Local\Programs\Eclipse Adoptium\jdk-17.0.10.7-hotspot\bin\vcruntime140_1.dll
0x00007ff9e0230000 - 0x00007ff9e02bd000 	C:\Users\Aouimeur Sabrine\AppData\Local\Programs\Eclipse Adoptium\jdk-17.0.10.7-hotspot\bin\msvcp140.dll
0x00007ff9ba280000 - 0x00007ff9baee2000 	C:\Users\Aouimeur Sabrine\AppData\Local\Programs\Eclipse Adoptium\jdk-17.0.10.7-hotspot\bin\server\jvm.dll
0x00007ffa33480000 - 0x00007ffa33532000 	C:\WINDOWS\System32\ADVAPI32.dll
0x00007ffa34940000 - 0x00007ffa349e8000 	C:\WINDOWS\System32\sechost.dll
0x00007ffa32c00000 - 0x00007ffa32c28000 	C:\WINDOWS\System32\bcrypt.dll
0x00007ffa34f40000 - 0x00007ffa35055000 	C:\WINDOWS\System32\RPCRT4.dll
0x00007ffa323f0000 - 0x00007ffa3243d000 	C:\WINDOWS\SYSTEM32\POWRPROF.dll
0x00007ffa1f150000 - 0x00007ffa1f159000 	C:\WINDOWS\SYSTEM32\WSOCK32.dll
0x00007ffa33400000 - 0x00007ffa33471000 	C:\WINDOWS\System32\WS2_32.dll
0x00007ffa2a5d0000 - 0x00007ffa2a5da000 	C:\WINDOWS\SYSTEM32\VERSION.dll
0x00007ffa2b840000 - 0x00007ffa2b874000 	C:\WINDOWS\SYSTEM32\WINMM.dll
0x00007ffa323d0000 - 0x00007ffa323e3000 	C:\WINDOWS\SYSTEM32\UMPDC.dll
0x00007ffa30d10000 - 0x00007ffa30d28000 	C:\WINDOWS\SYSTEM32\kernel.appcore.dll
0x00007ffa16f70000 - 0x00007ffa16f7a000 	C:\Users\Aouimeur Sabrine\AppData\Local\Programs\Eclipse Adoptium\jdk-17.0.10.7-hotspot\bin\jimage.dll
0x00007ffa31da0000 - 0x00007ffa31fd2000 	C:\WINDOWS\SYSTEM32\DBGHELP.DLL
0x00007ffa34bb0000 - 0x00007ffa34f38000 	C:\WINDOWS\System32\combase.dll
0x00007ffa34800000 - 0x00007ffa348d7000 	C:\WINDOWS\System32\OLEAUT32.dll
0x00007ffa31c90000 - 0x00007ffa31cc2000 	C:\WINDOWS\SYSTEM32\dbgcore.DLL
0x00007ffa32ec0000 - 0x00007ffa32f39000 	C:\WINDOWS\System32\bcryptPrimitives.dll
0x00007ffa0ce00000 - 0x00007ffa0ce25000 	C:\Users\Aouimeur Sabrine\AppData\Local\Programs\Eclipse Adoptium\jdk-17.0.10.7-hotspot\bin\java.dll
0x00007ff9c7b30000 - 0x00007ff9c7c07000 	C:\Users\Aouimeur Sabrine\AppData\Local\Programs\Eclipse Adoptium\jdk-17.0.10.7-hotspot\bin\jsvml.dll
0x00007ffa336a0000 - 0x00007ffa33efc000 	C:\WINDOWS\System32\SHELL32.dll
0x00007ffa2fbc0000 - 0x00007ffa304b6000 	C:\WINDOWS\SYSTEM32\windows.storage.dll
0x00007ffa2fa60000 - 0x00007ffa2fb9e000 	C:\WINDOWS\SYSTEM32\wintypes.dll
0x00007ffa335a0000 - 0x00007ffa33695000 	C:\WINDOWS\System32\SHCORE.dll
0x00007ffa33fc0000 - 0x00007ffa3401e000 	C:\WINDOWS\System32\shlwapi.dll
0x00007ffa32460000 - 0x00007ffa32481000 	C:\WINDOWS\SYSTEM32\profapi.dll

dbghelp: loaded successfully - version: 4.0.5 - missing functions: none
symbol engine: initialized successfully - sym options: 0x614 - pdb path: .;C:\Users\Aouimeur Sabrine\AppData\Local\Programs\Eclipse Adoptium\jdk-17.0.10.7-hotspot\bin;C:\WINDOWS\SYSTEM32;C:\Program Files\AVG\Antivirus;C:\WINDOWS\WinSxS\amd64_microsoft.windows.common-controls_6595b64144ccf1df_6.0.22621.3527_none_270e469b73872a76;C:\Users\Aouimeur Sabrine\AppData\Local\Programs\Eclipse Adoptium\jdk-17.0.10.7-hotspot\bin\server

VM Arguments:
jvm_args: -XX:+ShowCodeDetailsInExceptionMessages 
java_command: main.ui.LoginFrame
java_class_path (initial): C:\Users\Aouimeur Sabrine\AppData\Roaming\Code\User\workspaceStorage\71e7c252d79c2a0c943cfb81f7c9264c\redhat.java\jdt_ws\Real-estate-agency-app_b6ae75e9\bin;c:\Users\Aouimeur Sabrine\Downloads\rs2xml.jar;c:\Users\Aouimeur Sabrine\Downloads\ojdbc11.jar;c:\Users\Aouimeur Sabrine\Documents\GitHub\Real-estate-agency-app\AppImmo\lib\smtp-1.4.4.jar
Launcher Type: SUN_STANDARD

[Global flags]
     intx CICompilerCount                          = 2                                         {product} {ergonomic}
     uint ConcGCThreads                            = 1                                         {product} {ergonomic}
     uint G1ConcRefinementThreads                  = 2                                         {product} {ergonomic}
   size_t G1HeapRegionSize                         = 1048576                                   {product} {ergonomic}
    uintx GCDrainStackTargetSize                   = 64                                        {product} {ergonomic}
   size_t InitialHeapSize                          = 58720256                                  {product} {ergonomic}
   size_t MarkStackSize                            = 4194304                                   {product} {ergonomic}
   size_t MaxHeapSize                              = 924844032                                 {product} {ergonomic}
   size_t MaxNewSize                               = 554696704                                 {product} {ergonomic}
   size_t MinHeapDeltaBytes                        = 1048576                                   {product} {ergonomic}
   size_t MinHeapSize                              = 8388608                                   {product} {ergonomic}
    uintx NonNMethodCodeHeapSize                   = 5826188                                {pd product} {ergonomic}
    uintx NonProfiledCodeHeapSize                  = 122916026                              {pd product} {ergonomic}
    uintx ProfiledCodeHeapSize                     = 122916026                              {pd product} {ergonomic}
    uintx ReservedCodeCacheSize                    = 251658240                              {pd product} {ergonomic}
     bool SegmentedCodeCache                       = true                                      {product} {ergonomic}
     bool ShowCodeDetailsInExceptionMessages       = true                                   {manageable} {command line}
   size_t SoftMaxHeapSize                          = 924844032                              {manageable} {ergonomic}
     bool UseCompressedClassPointers               = true                           {product lp64_product} {ergonomic}
     bool UseCompressedOops                        = true                           {product lp64_product} {ergonomic}
     bool UseG1GC                                  = true                                      {product} {ergonomic}
     bool UseLargePagesIndividualAllocation        = false                                  {pd product} {ergonomic}

Logging:
Log output configuration:
 #0: stdout all=warning uptime,level,tags
 #1: stderr all=off uptime,level,tags

Environment Variables:
JAVA_HOME=C:\Users\Aouimeur Sabrine\AppData\Local\Programs\Eclipse Adoptium\jdk-17.0.10.7-hotspot\
PATH=C:\oraclexe\app\oracle\product\11.2.0\server\bin;C:\Program Files (x86)\VMware\VMware Workstation\bin\;C:\WINDOWS\system32;C:\WINDOWS;C:\WINDOWS\System32\Wbem;C:\WINDOWS\System32\WindowsPowerShell\v1.0\;C:\WINDOWS\System32\OpenSSH\;C:\Users\Aouimeur Sabrine\AppData\Local\Programs\Eclipse Adoptium\jdk-17.0.10.7-hotspot\bin;C:\Python\Python312\Scripts\;C:\Python\Python312\;C:\Users\Aouimeur Sabrine\AppData\Local\Microsoft\WindowsApps;C:\Users\Aouimeur Sabrine\AppData\Local\Programs\Microsoft VS Code\bin;C:\Users\Aouimeur Sabrine\AppData\Local\GitHubDesktop\bin
USERNAME=Aouimeur Sabrine
LANG=en_US.UTF-8
OS=Windows_NT
PROCESSOR_IDENTIFIER=AMD64 Family 23 Model 32 Stepping 1, AuthenticAMD
TMP=C:\Users\AOUIME~1\AppData\Local\Temp
TEMP=C:\Users\AOUIME~1\AppData\Local\Temp



Periodic native trim disabled


---------------  S Y S T E M  ---------------

OS:
 Windows 11 , 64 bit Build 22621 (10.0.22621.3527)
OS uptime: 1 days 9:35 hours

CPU: total 2 (initial active 2) (2 cores per cpu, 1 threads per core) family 23 model 32 stepping 1 microcode 0x0, cx8, cmov, fxsr, mmx, 3dnowpref, sse, sse2, sse3, ssse3, sse4a, sse4.1, sse4.2, popcnt, lzcnt, tsc, tscinvbit, avx, avx2, aes, clmul, bmi1, bmi2, adx, sha, fma, vzeroupper, clflush, clflushopt
Processor Information for all 2 processors :
  Max Mhz: 1200, Current Mhz: 1200, Mhz Limit: 1200

Memory: 4k page, system-wide physical 3521M (136M free)
TotalPageFile size 14273M (AvailPageFile size 3M)
current process WorkingSet (physical memory assigned to process): 27M, peak: 27M
current process commit charge ("private bytes"): 115M, peak: 117M

vm_info: OpenJDK 64-Bit Server VM (17.0.10+7) for windows-amd64 JRE (17.0.10+7), built on Jan 16 2024 23:25:11 by "admin" with MS VC++ 16.10 / 16.11 (VS2019)

END.
