#
# There is insufficient memory for the Java Runtime Environment to continue.
# Native memory allocation (malloc) failed to allocate 49232 bytes for Chunk::new
# Possible reasons:
#   The system is out of physical RAM or swap space
#   The process is running with CompressedOops enabled, and the Java Heap may be blocking the growth of the native heap
# Possible solutions:
#   Reduce memory load on the system
#   Increase physical memory or swap space
#   Check if swap backing store is full
#   Decrease Java heap size (-Xmx/-Xms)
#   Decrease number of Java threads
#   Decrease Java thread stack sizes (-Xss)
#   Set larger code cache with -XX:ReservedCodeCacheSize=
#   JVM is running with Unscaled Compressed Oops mode in which the Java heap is
#     placed in the first 4GB address space. The Java Heap base address is the
#     maximum limit for the native heap growth. Please use -XX:HeapBaseMinAddress
#     to set the Java Heap base and to place the Java Heap above 4GB virtual address.
# This output file may be truncated or incomplete.
#
#  Out of Memory Error (arena.cpp:191), pid=3744, tid=20388
#
# JRE version: OpenJDK Runtime Environment Temurin-17.0.10+7 (17.0.10+7) (build 17.0.10+7)
# Java VM: OpenJDK 64-Bit Server VM Temurin-17.0.10+7 (17.0.10+7, mixed mode, sharing, tiered, compressed oops, compressed class ptrs, g1 gc, windows-amd64)
# No core dump will be written. Minidumps are not enabled by default on client versions of Windows
#

---------------  S U M M A R Y ------------

Command Line: -XX:+ShowCodeDetailsInExceptionMessages main.ui.LandingFrame

Host: AMD 3020e with Radeon Graphics                 , 2 cores, 3G,  Windows 11 , 64 bit Build 22621 (10.0.22621.3527)
Time: Sat May 18 04:09:19 2024 Afr. centrale Ouest elapsed time: 0.314921 seconds (0d 0h 0m 0s)

---------------  T H R E A D  ---------------

Current thread (0x0000021b98fe0480):  JavaThread "main" [_thread_in_vm, id=20388, stack(0x000000e298a00000,0x000000e298b00000)]

Stack: [0x000000e298a00000,0x000000e298b00000]
Native frames: (J=compiled Java code, j=interpreted, Vv=VM code, C=native code)
V  [jvm.dll+0x67d2c9]
V  [jvm.dll+0x834afa]
V  [jvm.dll+0x8365be]
V  [jvm.dll+0x836c23]
V  [jvm.dll+0x2477ff]
V  [jvm.dll+0xac514]
V  [jvm.dll+0xacb5c]
V  [jvm.dll+0x1f39ea]
V  [jvm.dll+0x1f25e2]
V  [jvm.dll+0x7adf9b]
V  [jvm.dll+0x7af36c]
V  [jvm.dll+0x7afbe3]
V  [jvm.dll+0x1ecab4]
V  [jvm.dll+0x1e1c1a]
V  [jvm.dll+0x5427ce]
V  [jvm.dll+0x1f2647]
V  [jvm.dll+0x7adf9b]
V  [jvm.dll+0x7af36c]
V  [jvm.dll+0x7afbe3]
V  [jvm.dll+0x1ecab4]
V  [jvm.dll+0x1e1c1a]
V  [jvm.dll+0x5427ce]
V  [jvm.dll+0x1f2647]
V  [jvm.dll+0x7adf9b]
V  [jvm.dll+0x7af36c]
V  [jvm.dll+0x417af5]
C  [java.dll+0x1a55]

Java frames: (J=compiled Java code, j=interpreted, Vv=VM code)
j  java.lang.ClassLoader.findBootstrapClass(Ljava/lang/String;)Ljava/lang/Class;+0 java.base@17.0.10
j  java.lang.ClassLoader.findBootstrapClassOrNull(Ljava/lang/String;)Ljava/lang/Class;+10 java.base@17.0.10
j  java.lang.System$2.findBootstrapClassOrNull(Ljava/lang/String;)Ljava/lang/Class;+1 java.base@17.0.10
j  jdk.internal.loader.ClassLoaders$BootClassLoader.loadClassOrNull(Ljava/lang/String;Z)Ljava/lang/Class;+4 java.base@17.0.10
j  jdk.internal.loader.BuiltinClassLoader.loadClassOrNull(Ljava/lang/String;)Ljava/lang/Class;+3 java.base@17.0.10
j  jdk.internal.loader.BuiltinClassLoader.loadClassOrNull(Ljava/lang/String;Z)Ljava/lang/Class;+66 java.base@17.0.10
j  jdk.internal.loader.BuiltinClassLoader.loadClass(Ljava/lang/String;Z)Ljava/lang/Class;+3 java.base@17.0.10
j  jdk.internal.loader.ClassLoaders$AppClassLoader.loadClass(Ljava/lang/String;Z)Ljava/lang/Class;+36 java.base@17.0.10
j  java.lang.ClassLoader.loadClass(Ljava/lang/String;)Ljava/lang/Class;+3 java.base@17.0.10
v  ~StubRoutines::call_stub
j  java.lang.ClassLoader.defineClass1(Ljava/lang/ClassLoader;Ljava/lang/String;[BIILjava/security/ProtectionDomain;Ljava/lang/String;)Ljava/lang/Class;+0 java.base@17.0.10
j  java.lang.ClassLoader.defineClass(Ljava/lang/String;[BIILjava/security/ProtectionDomain;)Ljava/lang/Class;+27 java.base@17.0.10
j  java.security.SecureClassLoader.defineClass(Ljava/lang/String;[BIILjava/security/CodeSource;)Ljava/lang/Class;+12 java.base@17.0.10
j  jdk.internal.loader.BuiltinClassLoader.defineClass(Ljava/lang/String;Ljdk/internal/loader/Resource;)Ljava/lang/Class;+117 java.base@17.0.10
j  jdk.internal.loader.BuiltinClassLoader.findClassOnClassPathOrNull(Ljava/lang/String;)Ljava/lang/Class;+37 java.base@17.0.10
j  jdk.internal.loader.BuiltinClassLoader.loadClassOrNull(Ljava/lang/String;Z)Ljava/lang/Class;+111 java.base@17.0.10
j  jdk.internal.loader.BuiltinClassLoader.loadClass(Ljava/lang/String;Z)Ljava/lang/Class;+3 java.base@17.0.10
j  jdk.internal.loader.ClassLoaders$AppClassLoader.loadClass(Ljava/lang/String;Z)Ljava/lang/Class;+36 java.base@17.0.10
j  java.lang.ClassLoader.loadClass(Ljava/lang/String;)Ljava/lang/Class;+3 java.base@17.0.10
v  ~StubRoutines::call_stub
j  java.lang.Class.forName0(Ljava/lang/String;ZLjava/lang/ClassLoader;Ljava/lang/Class;)Ljava/lang/Class;+0 java.base@17.0.10
j  java.lang.Class.forName(Ljava/lang/String;ZLjava/lang/ClassLoader;)Ljava/lang/Class;+43 java.base@17.0.10
j  sun.launcher.LauncherHelper.loadMainClass(ILjava/lang/String;)Ljava/lang/Class;+95 java.base@17.0.10
j  sun.launcher.LauncherHelper.checkAndLoadMain(ZILjava/lang/String;)Ljava/lang/Class;+42 java.base@17.0.10
v  ~StubRoutines::call_stub

---------------  P R O C E S S  ---------------

Threads class SMR info:
_java_thread_list=0x0000021bf9065600, length=12, elements={
0x0000021b98fe0480, 0x0000021b9907ef80, 0x0000021b9907fb10, 0x0000021bb3ba57e0,
0x0000021bb3ba64c0, 0x0000021bb3ba7530, 0x0000021bb3ba7e00, 0x0000021bb3bafa00,
0x0000021bb3bb2320, 0x0000021bb3bd6b30, 0x0000021bf9062b20, 0x0000021bf906bcc0
}

Java Threads: ( => current thread )
=>0x0000021b98fe0480 JavaThread "main" [_thread_in_vm, id=20388, stack(0x000000e298a00000,0x000000e298b00000)]
  0x0000021b9907ef80 JavaThread "Reference Handler" daemon [_thread_blocked, id=15564, stack(0x000000e299100000,0x000000e299200000)]
  0x0000021b9907fb10 JavaThread "Finalizer" daemon [_thread_blocked, id=7324, stack(0x000000e299200000,0x000000e299300000)]
  0x0000021bb3ba57e0 JavaThread "Signal Dispatcher" daemon [_thread_blocked, id=10744, stack(0x000000e299300000,0x000000e299400000)]
  0x0000021bb3ba64c0 JavaThread "Attach Listener" daemon [_thread_blocked, id=6300, stack(0x000000e299400000,0x000000e299500000)]
  0x0000021bb3ba7530 JavaThread "Service Thread" daemon [_thread_blocked, id=3676, stack(0x000000e299500000,0x000000e299600000)]
  0x0000021bb3ba7e00 JavaThread "Monitor Deflation Thread" daemon [_thread_blocked, id=18152, stack(0x000000e299600000,0x000000e299700000)]
  0x0000021bb3bafa00 JavaThread "C2 CompilerThread0" daemon [_thread_blocked, id=11500, stack(0x000000e299700000,0x000000e299800000)]
  0x0000021bb3bb2320 JavaThread "C1 CompilerThread0" daemon [_thread_blocked, id=10824, stack(0x000000e299800000,0x000000e299900000)]
  0x0000021bb3bd6b30 JavaThread "Sweeper thread" daemon [_thread_blocked, id=8512, stack(0x000000e299900000,0x000000e299a00000)]
  0x0000021bf9062b20 JavaThread "Notification Thread" daemon [_thread_blocked, id=10268, stack(0x000000e299a00000,0x000000e299b00000)]
  0x0000021bf906bcc0 JavaThread "Common-Cleaner" daemon [_thread_blocked, id=12096, stack(0x000000e299c00000,0x000000e299d00000)]

Other Threads:
  0x0000021b99075cf0 VMThread "VM Thread" [stack: 0x000000e299000000,0x000000e299100000] [id=8140]
  0x0000021bf9066830 WatcherThread [stack: 0x000000e299b00000,0x000000e299c00000] [id=1632]
  0x0000021b9901ba20 GCTaskThread "GC Thread#0" [stack: 0x000000e298b00000,0x000000e298c00000] [id=17472]
  0x0000021b99023e50 ConcurrentGCThread "G1 Main Marker" [stack: 0x000000e298c00000,0x000000e298d00000] [id=14876]
  0x0000021b99024770 ConcurrentGCThread "G1 Conc#0" [stack: 0x000000e298d00000,0x000000e298e00000] [id=19616]
  0x0000021b99059d90 ConcurrentGCThread "G1 Refine#0" [stack: 0x000000e298e00000,0x000000e298f00000] [id=3492]
  0x0000021b9905a6c0 ConcurrentGCThread "G1 Service" [stack: 0x000000e298f00000,0x000000e299000000] [id=4204]

Threads with active compile tasks:

VM state: not at safepoint (normal execution)

VM Mutex/Monitor currently owned by a thread: None

Heap address: 0x00000000c8e00000, size: 882 MB, Compressed Oops mode: 32-bit

CDS archive(s) mapped at: [0x0000021bb4000000-0x0000021bb4bb0000-0x0000021bb4bb0000), size 12255232, SharedBaseAddress: 0x0000021bb4000000, ArchiveRelocationMode: 1.
Compressed class space mapped at: 0x0000021bb5000000-0x0000021bf5000000, reserved size: 1073741824
Narrow klass base: 0x0000021bb4000000, Narrow klass shift: 0, Narrow klass range: 0x100000000

GC Precious Log:
 CPUs: 2 total, 2 available
 Memory: 3521M
 Large Page Support: Disabled
 NUMA Support: Disabled
 Compressed Oops: Enabled (32-bit)
 Heap Region Size: 1M
 Heap Min Capacity: 8M
 Heap Initial Capacity: 56M
 Heap Max Capacity: 882M
 Pre-touch: Disabled
 Parallel Workers: 2
 Concurrent Workers: 1
 Concurrent Refinement Workers: 2
 Periodic GC: Disabled

Heap:
 garbage-first heap   total 57344K, used 0K [0x00000000c8e00000, 0x0000000100000000)
  region size 1024K, 1 young (1024K), 0 survivors (0K)
 Metaspace       used 197K, committed 320K, reserved 1114112K
  class space    used 8K, committed 64K, reserved 1048576K

Heap Regions: E=young(eden), S=young(survivor), O=old, HS=humongous(starts), HC=humongous(continues), CS=collection set, F=free, OA=open archive, CA=closed archive, TAMS=top-at-mark-start (previous, next)
|   0|0x00000000c8e00000, 0x00000000c8e00000, 0x00000000c8f00000|  0%| F|  |TAMS 0x00000000c8e00000, 0x00000000c8e00000| Untracked 
|   1|0x00000000c8f00000, 0x00000000c8f00000, 0x00000000c9000000|  0%| F|  |TAMS 0x00000000c8f00000, 0x00000000c8f00000| Untracked 
|   2|0x00000000c9000000, 0x00000000c9000000, 0x00000000c9100000|  0%| F|  |TAMS 0x00000000c9000000, 0x00000000c9000000| Untracked 
|   3|0x00000000c9100000, 0x00000000c9100000, 0x00000000c9200000|  0%| F|  |TAMS 0x00000000c9100000, 0x00000000c9100000| Untracked 
|   4|0x00000000c9200000, 0x00000000c9200000, 0x00000000c9300000|  0%| F|  |TAMS 0x00000000c9200000, 0x00000000c9200000| Untracked 
|   5|0x00000000c9300000, 0x00000000c9300000, 0x00000000c9400000|  0%| F|  |TAMS 0x00000000c9300000, 0x00000000c9300000| Untracked 
|   6|0x00000000c9400000, 0x00000000c9400000, 0x00000000c9500000|  0%| F|  |TAMS 0x00000000c9400000, 0x00000000c9400000| Untracked 
|   7|0x00000000c9500000, 0x00000000c9500000, 0x00000000c9600000|  0%| F|  |TAMS 0x00000000c9500000, 0x00000000c9500000| Untracked 
|   8|0x00000000c9600000, 0x00000000c9600000, 0x00000000c9700000|  0%| F|  |TAMS 0x00000000c9600000, 0x00000000c9600000| Untracked 
|   9|0x00000000c9700000, 0x00000000c9700000, 0x00000000c9800000|  0%| F|  |TAMS 0x00000000c9700000, 0x00000000c9700000| Untracked 
|  10|0x00000000c9800000, 0x00000000c9800000, 0x00000000c9900000|  0%| F|  |TAMS 0x00000000c9800000, 0x00000000c9800000| Untracked 
|  11|0x00000000c9900000, 0x00000000c9900000, 0x00000000c9a00000|  0%| F|  |TAMS 0x00000000c9900000, 0x00000000c9900000| Untracked 
|  12|0x00000000c9a00000, 0x00000000c9a00000, 0x00000000c9b00000|  0%| F|  |TAMS 0x00000000c9a00000, 0x00000000c9a00000| Untracked 
|  13|0x00000000c9b00000, 0x00000000c9b00000, 0x00000000c9c00000|  0%| F|  |TAMS 0x00000000c9b00000, 0x00000000c9b00000| Untracked 
|  14|0x00000000c9c00000, 0x00000000c9c00000, 0x00000000c9d00000|  0%| F|  |TAMS 0x00000000c9c00000, 0x00000000c9c00000| Untracked 
|  15|0x00000000c9d00000, 0x00000000c9d00000, 0x00000000c9e00000|  0%| F|  |TAMS 0x00000000c9d00000, 0x00000000c9d00000| Untracked 
|  16|0x00000000c9e00000, 0x00000000c9e00000, 0x00000000c9f00000|  0%| F|  |TAMS 0x00000000c9e00000, 0x00000000c9e00000| Untracked 
|  17|0x00000000c9f00000, 0x00000000c9f00000, 0x00000000ca000000|  0%| F|  |TAMS 0x00000000c9f00000, 0x00000000c9f00000| Untracked 
|  18|0x00000000ca000000, 0x00000000ca000000, 0x00000000ca100000|  0%| F|  |TAMS 0x00000000ca000000, 0x00000000ca000000| Untracked 
|  19|0x00000000ca100000, 0x00000000ca100000, 0x00000000ca200000|  0%| F|  |TAMS 0x00000000ca100000, 0x00000000ca100000| Untracked 
|  20|0x00000000ca200000, 0x00000000ca200000, 0x00000000ca300000|  0%| F|  |TAMS 0x00000000ca200000, 0x00000000ca200000| Untracked 
|  21|0x00000000ca300000, 0x00000000ca300000, 0x00000000ca400000|  0%| F|  |TAMS 0x00000000ca300000, 0x00000000ca300000| Untracked 
|  22|0x00000000ca400000, 0x00000000ca400000, 0x00000000ca500000|  0%| F|  |TAMS 0x00000000ca400000, 0x00000000ca400000| Untracked 
|  23|0x00000000ca500000, 0x00000000ca500000, 0x00000000ca600000|  0%| F|  |TAMS 0x00000000ca500000, 0x00000000ca500000| Untracked 
|  24|0x00000000ca600000, 0x00000000ca600000, 0x00000000ca700000|  0%| F|  |TAMS 0x00000000ca600000, 0x00000000ca600000| Untracked 
|  25|0x00000000ca700000, 0x00000000ca700000, 0x00000000ca800000|  0%| F|  |TAMS 0x00000000ca700000, 0x00000000ca700000| Untracked 
|  26|0x00000000ca800000, 0x00000000ca800000, 0x00000000ca900000|  0%| F|  |TAMS 0x00000000ca800000, 0x00000000ca800000| Untracked 
|  27|0x00000000ca900000, 0x00000000ca900000, 0x00000000caa00000|  0%| F|  |TAMS 0x00000000ca900000, 0x00000000ca900000| Untracked 
|  28|0x00000000caa00000, 0x00000000caa00000, 0x00000000cab00000|  0%| F|  |TAMS 0x00000000caa00000, 0x00000000caa00000| Untracked 
|  29|0x00000000cab00000, 0x00000000cab00000, 0x00000000cac00000|  0%| F|  |TAMS 0x00000000cab00000, 0x00000000cab00000| Untracked 
|  30|0x00000000cac00000, 0x00000000cac00000, 0x00000000cad00000|  0%| F|  |TAMS 0x00000000cac00000, 0x00000000cac00000| Untracked 
|  31|0x00000000cad00000, 0x00000000cad00000, 0x00000000cae00000|  0%| F|  |TAMS 0x00000000cad00000, 0x00000000cad00000| Untracked 
|  32|0x00000000cae00000, 0x00000000cae00000, 0x00000000caf00000|  0%| F|  |TAMS 0x00000000cae00000, 0x00000000cae00000| Untracked 
|  33|0x00000000caf00000, 0x00000000caf00000, 0x00000000cb000000|  0%| F|  |TAMS 0x00000000caf00000, 0x00000000caf00000| Untracked 
|  34|0x00000000cb000000, 0x00000000cb000000, 0x00000000cb100000|  0%| F|  |TAMS 0x00000000cb000000, 0x00000000cb000000| Untracked 
|  35|0x00000000cb100000, 0x00000000cb100000, 0x00000000cb200000|  0%| F|  |TAMS 0x00000000cb100000, 0x00000000cb100000| Untracked 
|  36|0x00000000cb200000, 0x00000000cb200000, 0x00000000cb300000|  0%| F|  |TAMS 0x00000000cb200000, 0x00000000cb200000| Untracked 
|  37|0x00000000cb300000, 0x00000000cb300000, 0x00000000cb400000|  0%| F|  |TAMS 0x00000000cb300000, 0x00000000cb300000| Untracked 
|  38|0x00000000cb400000, 0x00000000cb400000, 0x00000000cb500000|  0%| F|  |TAMS 0x00000000cb400000, 0x00000000cb400000| Untracked 
|  39|0x00000000cb500000, 0x00000000cb500000, 0x00000000cb600000|  0%| F|  |TAMS 0x00000000cb500000, 0x00000000cb500000| Untracked 
|  40|0x00000000cb600000, 0x00000000cb600000, 0x00000000cb700000|  0%| F|  |TAMS 0x00000000cb600000, 0x00000000cb600000| Untracked 
|  41|0x00000000cb700000, 0x00000000cb700000, 0x00000000cb800000|  0%| F|  |TAMS 0x00000000cb700000, 0x00000000cb700000| Untracked 
|  42|0x00000000cb800000, 0x00000000cb800000, 0x00000000cb900000|  0%| F|  |TAMS 0x00000000cb800000, 0x00000000cb800000| Untracked 
|  43|0x00000000cb900000, 0x00000000cb900000, 0x00000000cba00000|  0%| F|  |TAMS 0x00000000cb900000, 0x00000000cb900000| Untracked 
|  44|0x00000000cba00000, 0x00000000cba00000, 0x00000000cbb00000|  0%| F|  |TAMS 0x00000000cba00000, 0x00000000cba00000| Untracked 
|  45|0x00000000cbb00000, 0x00000000cbb00000, 0x00000000cbc00000|  0%| F|  |TAMS 0x00000000cbb00000, 0x00000000cbb00000| Untracked 
|  46|0x00000000cbc00000, 0x00000000cbc00000, 0x00000000cbd00000|  0%| F|  |TAMS 0x00000000cbc00000, 0x00000000cbc00000| Untracked 
|  47|0x00000000cbd00000, 0x00000000cbd00000, 0x00000000cbe00000|  0%| F|  |TAMS 0x00000000cbd00000, 0x00000000cbd00000| Untracked 
|  48|0x00000000cbe00000, 0x00000000cbe00000, 0x00000000cbf00000|  0%| F|  |TAMS 0x00000000cbe00000, 0x00000000cbe00000| Untracked 
|  49|0x00000000cbf00000, 0x00000000cbf00000, 0x00000000cc000000|  0%| F|  |TAMS 0x00000000cbf00000, 0x00000000cbf00000| Untracked 
|  50|0x00000000cc000000, 0x00000000cc000000, 0x00000000cc100000|  0%| F|  |TAMS 0x00000000cc000000, 0x00000000cc000000| Untracked 
|  51|0x00000000cc100000, 0x00000000cc100000, 0x00000000cc200000|  0%| F|  |TAMS 0x00000000cc100000, 0x00000000cc100000| Untracked 
|  52|0x00000000cc200000, 0x00000000cc200000, 0x00000000cc300000|  0%| F|  |TAMS 0x00000000cc200000, 0x00000000cc200000| Untracked 
|  53|0x00000000cc300000, 0x00000000cc300000, 0x00000000cc400000|  0%| F|  |TAMS 0x00000000cc300000, 0x00000000cc300000| Untracked 
|  54|0x00000000cc400000, 0x00000000cc400000, 0x00000000cc500000|  0%| F|  |TAMS 0x00000000cc400000, 0x00000000cc400000| Untracked 
|  55|0x00000000cc500000, 0x00000000cc5d9f30, 0x00000000cc600000| 85%| E|  |TAMS 0x00000000cc500000, 0x00000000cc500000| Complete 

Card table byte_map: [0x0000021b98d60000,0x0000021b98f20000] _byte_map_base: 0x0000021b98719000

Marking Bits (Prev, Next): (CMBitMap*) 0x0000021b9901bf40, (CMBitMap*) 0x0000021b9901bf80
 Prev Bits: [0x0000021bafcc0000, 0x0000021bb0a88000)
 Next Bits: [0x0000021bb0a90000, 0x0000021bb1858000)

Polling page: 0x0000021b97150000

Metaspace:

Usage:
  Non-class:    188.58 KB used.
      Class:      8.79 KB used.
       Both:    197.37 KB used.

Virtual space:
  Non-class space:       64.00 MB reserved,     256.00 KB ( <1%) committed,  1 nodes.
      Class space:        1.00 GB reserved,      64.00 KB ( <1%) committed,  1 nodes.
             Both:        1.06 GB reserved,     320.00 KB ( <1%) committed. 

Chunk freelists:
   Non-Class:  11.99 MB
       Class:  15.75 MB
        Both:  27.74 MB

MaxMetaspaceSize: unlimited
CompressedClassSpaceSize: 1.00 GB
Initial GC threshold: 21.00 MB
Current GC threshold: 21.00 MB
CDS: on
MetaspaceReclaimPolicy: balanced
 - commit_granule_bytes: 65536.
 - commit_granule_words: 8192.
 - virtual_space_node_default_size: 8388608.
 - enlarge_chunks_in_place: 1.
 - new_chunks_are_fully_committed: 0.
 - uncommit_free_chunks: 1.
 - use_allocation_guard: 0.
 - handle_deallocations: 1.


Internal statistics:

num_allocs_failed_limit: 0.
num_arena_births: 4.
num_arena_deaths: 0.
num_vsnodes_births: 2.
num_vsnodes_deaths: 0.
num_space_committed: 5.
num_space_uncommitted: 0.
num_chunks_returned_to_freelist: 0.
num_chunks_taken_from_freelist: 5.
num_chunk_merges: 0.
num_chunk_splits: 4.
num_chunks_enlarged: 1.
num_inconsistent_stats: 0.

CodeHeap 'non-profiled nmethods': size=120064Kb used=13Kb max_used=13Kb free=120050Kb
 bounds [0x0000021ba85c0000, 0x0000021ba8830000, 0x0000021bafb00000]
CodeHeap 'profiled nmethods': size=120000Kb used=96Kb max_used=96Kb free=119903Kb
 bounds [0x0000021ba0b00000, 0x0000021ba0d70000, 0x0000021ba8030000]
CodeHeap 'non-nmethods': size=5696Kb used=1032Kb max_used=1036Kb free=4663Kb
 bounds [0x0000021ba8030000, 0x0000021ba82a0000, 0x0000021ba85c0000]
 total_blobs=362 nmethods=75 adapters=200
 compilation: enabled
              stopped_count=0, restarted_count=0
 full_count=0

Compilation events (20 events):
Event: 0.279 Thread 0x0000021bb3bb2320   64       1       java.lang.module.ModuleDescriptor$Exports::targets (5 bytes)
Event: 0.279 Thread 0x0000021bb3bb2320 nmethod 64 0x0000021ba85c2f90 code [0x0000021ba85c3120, 0x0000021ba85c31f8]
Event: 0.279 Thread 0x0000021bb3bb2320   67       1       java.util.ImmutableCollections$Set12::isEmpty (2 bytes)
Event: 0.279 Thread 0x0000021bb3bb2320 nmethod 67 0x0000021ba85c3290 code [0x0000021ba85c3420, 0x0000021ba85c34f8]
Event: 0.279 Thread 0x0000021bb3bb2320   68       3       java.util.ImmutableCollections$Set12$1::next (95 bytes)
Event: 0.279 Thread 0x0000021bb3bb2320 nmethod 68 0x0000021ba0b15a10 code [0x0000021ba0b15bc0, 0x0000021ba0b15e48]
Event: 0.283 Thread 0x0000021bb3bb2320   69       3       java.lang.StringUTF16::getChar (60 bytes)
Event: 0.283 Thread 0x0000021bb3bb2320 nmethod 69 0x0000021ba0b15f90 code [0x0000021ba0b16120, 0x0000021ba0b16298]
Event: 0.287 Thread 0x0000021bb3bb2320   70       3       java.lang.AbstractStringBuilder::ensureCapacityInternal (39 bytes)
Event: 0.288 Thread 0x0000021bb3bb2320 nmethod 70 0x0000021ba0b16390 code [0x0000021ba0b16540, 0x0000021ba0b16778]
Event: 0.289 Thread 0x0000021bb3bb2320   71       3       java.lang.StringLatin1::canEncode (13 bytes)
Event: 0.289 Thread 0x0000021bb3bb2320 nmethod 71 0x0000021ba0b16890 code [0x0000021ba0b16a20, 0x0000021ba0b16b78]
Event: 0.289 Thread 0x0000021bb3bb2320   74       3       java.lang.AbstractStringBuilder::append (77 bytes)
Event: 0.290 Thread 0x0000021bb3bb2320 nmethod 74 0x0000021ba0b16c10 code [0x0000021ba0b16e20, 0x0000021ba0b174a8]
Event: 0.290 Thread 0x0000021bb3bb2320   72       3       java.lang.AbstractStringBuilder::isLatin1 (19 bytes)
Event: 0.290 Thread 0x0000021bb3bb2320 nmethod 72 0x0000021ba0b17710 code [0x0000021ba0b178a0, 0x0000021ba0b17a18]
Event: 0.290 Thread 0x0000021bb3bb2320   73       3       java.lang.StringBuilder::append (8 bytes)
Event: 0.290 Thread 0x0000021bb3bb2320 nmethod 73 0x0000021ba0b17a90 code [0x0000021ba0b17c20, 0x0000021ba0b17d68]
Event: 0.302 Thread 0x0000021bb3bb2320   75       3       java.lang.String::isEmpty (14 bytes)
Event: 0.302 Thread 0x0000021bb3bb2320 nmethod 75 0x0000021ba0b17e10 code [0x0000021ba0b17fa0, 0x0000021ba0b18118]

GC Heap History (0 events):
No events

Dll operation events (2 events):
Event: 0.059 Loaded shared library C:\Users\Aouimeur Sabrine\AppData\Local\Programs\Eclipse Adoptium\jdk-17.0.10.7-hotspot\bin\java.dll
Event: 0.159 Loaded shared library C:\Users\Aouimeur Sabrine\AppData\Local\Programs\Eclipse Adoptium\jdk-17.0.10.7-hotspot\bin\jsvml.dll

Deoptimization events (0 events):
No events

Classes unloaded (0 events):
No events

Classes redefined (0 events):
No events

Internal exceptions (0 events):
No events

VM Operations (0 events):
No events

Events (20 events):
Event: 0.292 loading class jdk/internal/loader/URLClassPath$FileLoader$1
Event: 0.292 loading class jdk/internal/loader/URLClassPath$FileLoader$1 done
Event: 0.297 Thread 0x0000021bf906bcc0 Thread added: 0x0000021bf906bcc0
Event: 0.301 loading class java/awt/event/ActionListener
Event: 0.301 loading class java/util/EventListener
Event: 0.301 loading class java/util/EventListener done
Event: 0.302 loading class java/awt/event/ActionListener done
Event: 0.302 loading class javax/swing/JFrame
Event: 0.302 loading class javax/swing/WindowConstants
Event: 0.303 loading class javax/swing/WindowConstants done
Event: 0.303 loading class javax/accessibility/Accessible
Event: 0.304 loading class javax/accessibility/Accessible done
Event: 0.304 loading class javax/swing/RootPaneContainer
Event: 0.304 loading class javax/swing/RootPaneContainer done
Event: 0.304 loading class javax/swing/TransferHandler$HasGetTransferHandler
Event: 0.308 loading class javax/swing/TransferHandler$HasGetTransferHandler done
Event: 0.308 loading class java/awt/Frame
Event: 0.309 loading class java/awt/MenuContainer
Event: 0.309 loading class java/awt/MenuContainer done
Event: 0.309 loading class java/awt/Window


Dynamic libraries:
0x00007ff69a6a0000 - 0x00007ff69a6ae000 	C:\Users\Aouimeur Sabrine\AppData\Local\Programs\Eclipse Adoptium\jdk-17.0.10.7-hotspot\bin\java.exe
0x00007ff9aaab0000 - 0x00007ff9aacc7000 	C:\WINDOWS\SYSTEM32\ntdll.dll
0x00007ff9a08c0000 - 0x00007ff9a08d9000 	C:\Program Files\AVG\Antivirus\aswhook.dll
0x00007ff9a8fc0000 - 0x00007ff9a9084000 	C:\WINDOWS\System32\KERNEL32.DLL
0x00007ff9a7e50000 - 0x00007ff9a81f7000 	C:\WINDOWS\System32\KERNELBASE.dll
0x00007ff9a83e0000 - 0x00007ff9a84f1000 	C:\WINDOWS\System32\ucrtbase.dll
0x00007ff98d6e0000 - 0x00007ff98d6fb000 	C:\Users\Aouimeur Sabrine\AppData\Local\Programs\Eclipse Adoptium\jdk-17.0.10.7-hotspot\bin\VCRUNTIME140.dll
0x00007ff98da50000 - 0x00007ff98da67000 	C:\Users\Aouimeur Sabrine\AppData\Local\Programs\Eclipse Adoptium\jdk-17.0.10.7-hotspot\bin\jli.dll
0x00007ff9a8ae0000 - 0x00007ff9a8c8e000 	C:\WINDOWS\System32\USER32.dll
0x00007ff9a8780000 - 0x00007ff9a87a6000 	C:\WINDOWS\System32\win32u.dll
0x00007ff9aaa40000 - 0x00007ff9aaa69000 	C:\WINDOWS\System32\GDI32.dll
0x00007ff9a8660000 - 0x00007ff9a8779000 	C:\WINDOWS\System32\gdi32full.dll
0x00007ff9a85c0000 - 0x00007ff9a865a000 	C:\WINDOWS\System32\msvcp_win.dll
0x00007ff9999a0000 - 0x00007ff999c33000 	C:\WINDOWS\WinSxS\amd64_microsoft.windows.common-controls_6595b64144ccf1df_6.0.22621.3527_none_270e469b73872a76\COMCTL32.dll
0x00007ff9a88c0000 - 0x00007ff9a8967000 	C:\WINDOWS\System32\msvcrt.dll
0x00007ff9a8f80000 - 0x00007ff9a8fb1000 	C:\WINDOWS\System32\IMM32.DLL
0x00007ff997ff0000 - 0x00007ff997ffc000 	C:\Users\Aouimeur Sabrine\AppData\Local\Programs\Eclipse Adoptium\jdk-17.0.10.7-hotspot\bin\vcruntime140_1.dll
0x00007ff96b1f0000 - 0x00007ff96b27d000 	C:\Users\Aouimeur Sabrine\AppData\Local\Programs\Eclipse Adoptium\jdk-17.0.10.7-hotspot\bin\msvcp140.dll
0x00007ff958a60000 - 0x00007ff9596c2000 	C:\Users\Aouimeur Sabrine\AppData\Local\Programs\Eclipse Adoptium\jdk-17.0.10.7-hotspot\bin\server\jvm.dll
0x00007ff9aa120000 - 0x00007ff9aa1d2000 	C:\WINDOWS\System32\ADVAPI32.dll
0x00007ff9a8c90000 - 0x00007ff9a8d38000 	C:\WINDOWS\System32\sechost.dll
0x00007ff9a87b0000 - 0x00007ff9a87d8000 	C:\WINDOWS\System32\bcrypt.dll
0x00007ff9a9a40000 - 0x00007ff9a9b55000 	C:\WINDOWS\System32\RPCRT4.dll
0x00007ff9a7c90000 - 0x00007ff9a7cdd000 	C:\WINDOWS\SYSTEM32\POWRPROF.dll
0x00007ff994a10000 - 0x00007ff994a19000 	C:\WINDOWS\SYSTEM32\WSOCK32.dll
0x00007ff9a9f00000 - 0x00007ff9a9f71000 	C:\WINDOWS\System32\WS2_32.dll
0x00007ff9a0ca0000 - 0x00007ff9a0cd4000 	C:\WINDOWS\SYSTEM32\WINMM.dll
0x00007ff9a0c90000 - 0x00007ff9a0c9a000 	C:\WINDOWS\SYSTEM32\VERSION.dll
0x00007ff9a7c70000 - 0x00007ff9a7c83000 	C:\WINDOWS\SYSTEM32\UMPDC.dll
0x00007ff9a6df0000 - 0x00007ff9a6e08000 	C:\WINDOWS\SYSTEM32\kernel.appcore.dll
0x00007ff997140000 - 0x00007ff99714a000 	C:\Users\Aouimeur Sabrine\AppData\Local\Programs\Eclipse Adoptium\jdk-17.0.10.7-hotspot\bin\jimage.dll
0x00007ff99b290000 - 0x00007ff99b4c2000 	C:\WINDOWS\SYSTEM32\DBGHELP.DLL
0x00007ff9a9b60000 - 0x00007ff9a9ee8000 	C:\WINDOWS\System32\combase.dll
0x00007ff9a87e0000 - 0x00007ff9a88b7000 	C:\WINDOWS\System32\OLEAUT32.dll
0x00007ff998810000 - 0x00007ff998842000 	C:\WINDOWS\SYSTEM32\dbgcore.DLL
0x00007ff9a7dd0000 - 0x00007ff9a7e49000 	C:\WINDOWS\System32\bcryptPrimitives.dll
0x00007ff985310000 - 0x00007ff985335000 	C:\Users\Aouimeur Sabrine\AppData\Local\Programs\Eclipse Adoptium\jdk-17.0.10.7-hotspot\bin\java.dll
0x00007ff965890000 - 0x00007ff965967000 	C:\Users\Aouimeur Sabrine\AppData\Local\Programs\Eclipse Adoptium\jdk-17.0.10.7-hotspot\bin\jsvml.dll
0x00007ff9aa1e0000 - 0x00007ff9aaa3c000 	C:\WINDOWS\System32\SHELL32.dll
0x00007ff9a5d10000 - 0x00007ff9a6606000 	C:\WINDOWS\SYSTEM32\windows.storage.dll
0x00007ff9a5bd0000 - 0x00007ff9a5d0e000 	C:\WINDOWS\SYSTEM32\wintypes.dll
0x00007ff9a89e0000 - 0x00007ff9a8ad5000 	C:\WINDOWS\System32\SHCORE.dll
0x00007ff9a8d40000 - 0x00007ff9a8d9e000 	C:\WINDOWS\System32\shlwapi.dll
0x00007ff9a7d00000 - 0x00007ff9a7d21000 	C:\WINDOWS\SYSTEM32\profapi.dll

dbghelp: loaded successfully - version: 4.0.5 - missing functions: none
symbol engine: initialized successfully - sym options: 0x614 - pdb path: .;C:\Users\Aouimeur Sabrine\AppData\Local\Programs\Eclipse Adoptium\jdk-17.0.10.7-hotspot\bin;C:\WINDOWS\SYSTEM32;C:\Program Files\AVG\Antivirus;C:\WINDOWS\WinSxS\amd64_microsoft.windows.common-controls_6595b64144ccf1df_6.0.22621.3527_none_270e469b73872a76;C:\Users\Aouimeur Sabrine\AppData\Local\Programs\Eclipse Adoptium\jdk-17.0.10.7-hotspot\bin\server

VM Arguments:
jvm_args: -XX:+ShowCodeDetailsInExceptionMessages 
java_command: main.ui.LandingFrame
java_class_path (initial): C:\Users\Aouimeur Sabrine\AppData\Roaming\Code\User\workspaceStorage\71e7c252d79c2a0c943cfb81f7c9264c\redhat.java\jdt_ws\Real-estate-agency-app_b6ae75e9\bin;c:\Users\Aouimeur Sabrine\Downloads\rs2xml.jar;c:\Users\Aouimeur Sabrine\Downloads\ojdbc11.jar;c:\Users\Aouimeur Sabrine\Documents\GitHub\Real-estate-agency-app\AppImmo\lib\smtp-1.4.4.jar
Launcher Type: SUN_STANDARD

[Global flags]
     intx CICompilerCount                          = 2                                         {product} {ergonomic}
     uint ConcGCThreads                            = 1                                         {product} {ergonomic}
     uint G1ConcRefinementThreads                  = 2                                         {product} {ergonomic}
   size_t G1HeapRegionSize                         = 1048576                                   {product} {ergonomic}
    uintx GCDrainStackTargetSize                   = 64                                        {product} {ergonomic}
   size_t InitialHeapSize                          = 58720256                                  {product} {ergonomic}
   size_t MarkStackSize                            = 4194304                                   {product} {ergonomic}
   size_t MaxHeapSize                              = 924844032                                 {product} {ergonomic}
   size_t MaxNewSize                               = 554696704                                 {product} {ergonomic}
   size_t MinHeapDeltaBytes                        = 1048576                                   {product} {ergonomic}
   size_t MinHeapSize                              = 8388608                                   {product} {ergonomic}
    uintx NonNMethodCodeHeapSize                   = 5826188                                {pd product} {ergonomic}
    uintx NonProfiledCodeHeapSize                  = 122916026                              {pd product} {ergonomic}
    uintx ProfiledCodeHeapSize                     = 122916026                              {pd product} {ergonomic}
    uintx ReservedCodeCacheSize                    = 251658240                              {pd product} {ergonomic}
     bool SegmentedCodeCache                       = true                                      {product} {ergonomic}
     bool ShowCodeDetailsInExceptionMessages       = true                                   {manageable} {command line}
   size_t SoftMaxHeapSize                          = 924844032                              {manageable} {ergonomic}
     bool UseCompressedClassPointers               = true                           {product lp64_product} {ergonomic}
     bool UseCompressedOops                        = true                           {product lp64_product} {ergonomic}
     bool UseG1GC                                  = true                                      {product} {ergonomic}
     bool UseLargePagesIndividualAllocation        = false                                  {pd product} {ergonomic}

Logging:
Log output configuration:
 #0: stdout all=warning uptime,level,tags
 #1: stderr all=off uptime,level,tags

Environment Variables:
JAVA_HOME=C:\Users\Aouimeur Sabrine\AppData\Local\Programs\Eclipse Adoptium\jdk-17.0.10.7-hotspot\
PATH=C:\oraclexe\app\oracle\product\11.2.0\server\bin;C:\Program Files (x86)\VMware\VMware Workstation\bin\;C:\WINDOWS\system32;C:\WINDOWS;C:\WINDOWS\System32\Wbem;C:\WINDOWS\System32\WindowsPowerShell\v1.0\;C:\WINDOWS\System32\OpenSSH\;C:\Users\Aouimeur Sabrine\AppData\Local\Programs\Eclipse Adoptium\jdk-17.0.10.7-hotspot\bin;C:\Python\Python312\Scripts\;C:\Python\Python312\;C:\Users\Aouimeur Sabrine\AppData\Local\Microsoft\WindowsApps;C:\Users\Aouimeur Sabrine\AppData\Local\Programs\Microsoft VS Code\bin;C:\Users\Aouimeur Sabrine\AppData\Local\GitHubDesktop\bin
USERNAME=Aouimeur Sabrine
LANG=en_US.UTF-8
OS=Windows_NT
PROCESSOR_IDENTIFIER=AMD64 Family 23 Model 32 Stepping 1, AuthenticAMD
TMP=C:\Users\AOUIME~1\AppData\Local\Temp
TEMP=C:\Users\AOUIME~1\AppData\Local\Temp



Periodic native trim disabled


---------------  S Y S T E M  ---------------

OS:
 Windows 11 , 64 bit Build 22621 (10.0.22621.3527)
OS uptime: 1 days 3:33 hours

CPU: total 2 (initial active 2) (2 cores per cpu, 1 threads per core) family 23 model 32 stepping 1 microcode 0x0, cx8, cmov, fxsr, mmx, 3dnowpref, sse, sse2, sse3, ssse3, sse4a, sse4.1, sse4.2, popcnt, lzcnt, tsc, tscinvbit, avx, avx2, aes, clmul, bmi1, bmi2, adx, sha, fma, vzeroupper, clflush, clflushopt
Processor Information for all 2 processors :
  Max Mhz: 1200, Current Mhz: 1200, Mhz Limit: 1200

Memory: 4k page, system-wide physical 3521M (115M free)
TotalPageFile size 14273M (AvailPageFile size 0M)
current process WorkingSet (physical memory assigned to process): 32M, peak: 32M
current process commit charge ("private bytes"): 122M, peak: 122M

vm_info: OpenJDK 64-Bit Server VM (17.0.10+7) for windows-amd64 JRE (17.0.10+7), built on Jan 16 2024 23:25:11 by "admin" with MS VC++ 16.10 / 16.11 (VS2019)

END.
