#
# There is insufficient memory for the Java Runtime Environment to continue.
# Native memory allocation (malloc) failed to allocate 722416 bytes for Chunk::new
# Possible reasons:
#   The system is out of physical RAM or swap space
#   The process is running with CompressedOops enabled, and the Java Heap may be blocking the growth of the native heap
# Possible solutions:
#   Reduce memory load on the system
#   Increase physical memory or swap space
#   Check if swap backing store is full
#   Decrease Java heap size (-Xmx/-Xms)
#   Decrease number of Java threads
#   Decrease Java thread stack sizes (-Xss)
#   Set larger code cache with -XX:ReservedCodeCacheSize=
#   JVM is running with Unscaled Compressed Oops mode in which the Java heap is
#     placed in the first 4GB address space. The Java Heap base address is the
#     maximum limit for the native heap growth. Please use -XX:HeapBaseMinAddress
#     to set the Java Heap base and to place the Java Heap above 4GB virtual address.
# This output file may be truncated or incomplete.
#
#  Out of Memory Error (arena.cpp:191), pid=18032, tid=11044
#
# JRE version: OpenJDK Runtime Environment Temurin-17.0.10+7 (17.0.10+7) (build 17.0.10+7)
# Java VM: OpenJDK 64-Bit Server VM Temurin-17.0.10+7 (17.0.10+7, mixed mode, sharing, tiered, compressed oops, compressed class ptrs, g1 gc, windows-amd64)
# No core dump will be written. Minidumps are not enabled by default on client versions of Windows
#

---------------  S U M M A R Y ------------

Command Line: -XX:+ShowCodeDetailsInExceptionMessages main.ui.LoginFrame

Host: AMD 3020e with Radeon Graphics                 , 2 cores, 3G,  Windows 11 , 64 bit Build 22621 (10.0.22621.3527)
Time: Sun May 19 14:17:51 2024 Afr. centrale Ouest elapsed time: 14.828896 seconds (0d 0h 0m 14s)

---------------  T H R E A D  ---------------

Current thread (0x0000023f2f54c6d0):  JavaThread "C2 CompilerThread0" daemon [_thread_in_native, id=11044, stack(0x0000004612400000,0x0000004612500000)]


Current CompileTask:
C2:  14829 2048   !   4       sun.font.TrueTypeFont::getTableBuffer (215 bytes)

Stack: [0x0000004612400000,0x0000004612500000]
Native frames: (J=compiled Java code, j=interpreted, Vv=VM code, C=native code)
V  [jvm.dll+0x67d2c9]
V  [jvm.dll+0x834afa]
V  [jvm.dll+0x8365be]
V  [jvm.dll+0x836c23]
V  [jvm.dll+0x2477ff]
V  [jvm.dll+0xac514]
V  [jvm.dll+0xacb5c]
V  [jvm.dll+0x366782]
V  [jvm.dll+0x330bfa]
V  [jvm.dll+0x33009a]
V  [jvm.dll+0x219ef1]
V  [jvm.dll+0x219311]
V  [jvm.dll+0x1a502d]
V  [jvm.dll+0x2290de]
V  [jvm.dll+0x2272ac]
V  [jvm.dll+0x7e9bb7]
V  [jvm.dll+0x7e3fba]
V  [jvm.dll+0x67c1b5]
C  [ucrtbase.dll+0x29333]
C  [KERNEL32.DLL+0x1257d]
C  [ntdll.dll+0x5aa48]


---------------  P R O C E S S  ---------------

Threads class SMR info:
_java_thread_list=0x0000023f799d50a0, length=22, elements={
0x0000023f14a1bb80, 0x0000023f14a1c710, 0x0000023f2f54a060, 0x0000023f2f54a930,
0x0000023f2f54b200, 0x0000023f2f54bad0, 0x0000023f2f54c6d0, 0x0000023f2f5b9660,
0x0000023f2f5c0840, 0x0000023f2f7be3d0, 0x0000023f2f7c9150, 0x0000023f2f9fa260,
0x0000023f2fa02500, 0x0000023f79873d90, 0x0000023f79880f00, 0x0000023f7a38ac80,
0x0000023f796b4160, 0x0000023f79b81fe0, 0x0000023f79b82a00, 0x0000023f79b84350,
0x0000023f79b81ad0, 0x0000023f79b815c0
}

Java Threads: ( => current thread )
  0x0000023f14a1bb80 JavaThread "Reference Handler" daemon [_thread_blocked, id=18924, stack(0x0000004611e00000,0x0000004611f00000)]
  0x0000023f14a1c710 JavaThread "Finalizer" daemon [_thread_blocked, id=10388, stack(0x0000004611f00000,0x0000004612000000)]
  0x0000023f2f54a060 JavaThread "Signal Dispatcher" daemon [_thread_blocked, id=20772, stack(0x0000004612000000,0x0000004612100000)]
  0x0000023f2f54a930 JavaThread "Attach Listener" daemon [_thread_blocked, id=11864, stack(0x0000004612100000,0x0000004612200000)]
  0x0000023f2f54b200 JavaThread "Service Thread" daemon [_thread_blocked, id=17604, stack(0x0000004612200000,0x0000004612300000)]
  0x0000023f2f54bad0 JavaThread "Monitor Deflation Thread" daemon [_thread_blocked, id=1072, stack(0x0000004612300000,0x0000004612400000)]
=>0x0000023f2f54c6d0 JavaThread "C2 CompilerThread0" daemon [_thread_in_native, id=11044, stack(0x0000004612400000,0x0000004612500000)]
  0x0000023f2f5b9660 JavaThread "C1 CompilerThread0" daemon [_thread_blocked, id=15776, stack(0x0000004612500000,0x0000004612600000)]
  0x0000023f2f5c0840 JavaThread "Sweeper thread" daemon [_thread_blocked, id=16460, stack(0x0000004612600000,0x0000004612700000)]
  0x0000023f2f7be3d0 JavaThread "Notification Thread" daemon [_thread_blocked, id=22896, stack(0x0000004612700000,0x0000004612800000)]
  0x0000023f2f7c9150 JavaThread "Common-Cleaner" daemon [_thread_blocked, id=14984, stack(0x0000004612900000,0x0000004612a00000)]
  0x0000023f2f9fa260 JavaThread "Java2D Disposer" daemon [_thread_blocked, id=22240, stack(0x0000004612a00000,0x0000004612b00000)]
  0x0000023f2fa02500 JavaThread "AWT-Windows" daemon [_thread_in_native, id=20820, stack(0x0000004612c00000,0x0000004612d00000)]
  0x0000023f79873d90 JavaThread "oracle.jdbc.diagnostics.Diagnostic.CLOCK" daemon [_thread_blocked, id=18732, stack(0x0000004612b00000,0x0000004612c00000)]
  0x0000023f79880f00 JavaThread "oracle.jdbc.driver.BlockSource.ThreadedCachingBlockSource.BlockReleaser" daemon [_thread_blocked, id=19820, stack(0x0000004613500000,0x0000004613600000)]
  0x0000023f7a38ac80 JavaThread "InterruptTimer" daemon [_thread_blocked, id=15264, stack(0x0000004613900000,0x0000004613a00000)]
  0x0000023f796b4160 JavaThread "OJDBC-WORKER-THREAD-1" daemon [_thread_blocked, id=19000, stack(0x0000004613a00000,0x0000004613b00000)]
  0x0000023f79b81fe0 JavaThread "Image Fetcher 0" daemon [_thread_blocked, id=20972, stack(0x0000004613d00000,0x0000004613e00000)]
  0x0000023f79b82a00 JavaThread "AWT-Shutdown" [_thread_blocked, id=21652, stack(0x0000004613b00000,0x0000004613c00000)]
  0x0000023f79b84350 JavaThread "AWT-EventQueue-0" [_thread_in_native, id=21364, stack(0x0000004613c00000,0x0000004613d00000)]
  0x0000023f79b81ad0 JavaThread "DestroyJavaVM" [_thread_blocked, id=22300, stack(0x0000004611700000,0x0000004611800000)]
  0x0000023f79b815c0 JavaThread "D3D Screen Updater" daemon [_thread_blocked, id=2820, stack(0x0000004613f00000,0x0000004614000000)]

Other Threads:
  0x0000023f14a14d10 VMThread "VM Thread" [stack: 0x0000004611d00000,0x0000004611e00000] [id=16024]
  0x0000023f2f7c08c0 WatcherThread [stack: 0x0000004612800000,0x0000004612900000] [id=956]
  0x0000023f149bbf70 GCTaskThread "GC Thread#0" [stack: 0x0000004611800000,0x0000004611900000] [id=13560]
  0x0000023f7955a820 GCTaskThread "GC Thread#1" [stack: 0x0000004613300000,0x0000004613400000] [id=13696]
  0x0000023f149c3b10 ConcurrentGCThread "G1 Main Marker" [stack: 0x0000004611900000,0x0000004611a00000] [id=15568]
  0x0000023f149c4340 ConcurrentGCThread "G1 Conc#0" [stack: 0x0000004611a00000,0x0000004611b00000] [id=20724]
  0x0000023f149f7920 ConcurrentGCThread "G1 Refine#0" [stack: 0x0000004611b00000,0x0000004611c00000] [id=11432]
  0x0000023f2f84fb90 ConcurrentGCThread "G1 Refine#1" [stack: 0x0000004613400000,0x0000004613500000] [id=13596]
  0x0000023f149f8160 ConcurrentGCThread "G1 Service" [stack: 0x0000004611c00000,0x0000004611d00000] [id=9036]

Threads with active compile tasks:
C2 CompilerThread0    14913 2048   !   4       sun.font.TrueTypeFont::getTableBuffer (215 bytes)

VM state: not at safepoint (normal execution)

VM Mutex/Monitor currently owned by a thread: None

Heap address: 0x00000000c8e00000, size: 882 MB, Compressed Oops mode: 32-bit

CDS archive(s) mapped at: [0x0000023f30000000-0x0000023f30bb0000-0x0000023f30bb0000), size 12255232, SharedBaseAddress: 0x0000023f30000000, ArchiveRelocationMode: 1.
Compressed class space mapped at: 0x0000023f31000000-0x0000023f71000000, reserved size: 1073741824
Narrow klass base: 0x0000023f30000000, Narrow klass shift: 0, Narrow klass range: 0x100000000

GC Precious Log:
 CPUs: 2 total, 2 available
 Memory: 3521M
 Large Page Support: Disabled
 NUMA Support: Disabled
 Compressed Oops: Enabled (32-bit)
 Heap Region Size: 1M
 Heap Min Capacity: 8M
 Heap Initial Capacity: 56M
 Heap Max Capacity: 882M
 Pre-touch: Disabled
 Parallel Workers: 2
 Concurrent Workers: 1
 Concurrent Refinement Workers: 2
 Periodic GC: Disabled

Heap:
 garbage-first heap   total 57344K, used 39760K [0x00000000c8e00000, 0x0000000100000000)
  region size 1024K, 33 young (33792K), 2 survivors (2048K)
 Metaspace       used 20462K, committed 20800K, reserved 1114112K
  class space    used 2329K, committed 2496K, reserved 1048576K

Heap Regions: E=young(eden), S=young(survivor), O=old, HS=humongous(starts), HC=humongous(continues), CS=collection set, F=free, OA=open archive, CA=closed archive, TAMS=top-at-mark-start (previous, next)
|   0|0x00000000c8e00000, 0x00000000c8f00000, 0x00000000c8f00000|100%| O|  |TAMS 0x00000000c8e00000, 0x00000000c8e00000| Untracked 
|   1|0x00000000c8f00000, 0x00000000c9000000, 0x00000000c9000000|100%| O|  |TAMS 0x00000000c8f00000, 0x00000000c8f00000| Untracked 
|   2|0x00000000c9000000, 0x00000000c9021000, 0x00000000c9100000| 12%| O|  |TAMS 0x00000000c9000000, 0x00000000c9000000| Untracked 
|   3|0x00000000c9100000, 0x00000000c9200000, 0x00000000c9200000|100%|HS|  |TAMS 0x00000000c9100000, 0x00000000c9100000| Complete 
|   4|0x00000000c9200000, 0x00000000c9300000, 0x00000000c9300000|100%|HC|  |TAMS 0x00000000c9200000, 0x00000000c9200000| Complete 
|   5|0x00000000c9300000, 0x00000000c9400000, 0x00000000c9400000|100%|HC|  |TAMS 0x00000000c9300000, 0x00000000c9300000| Complete 
|   6|0x00000000c9400000, 0x00000000c9500000, 0x00000000c9500000|100%|HC|  |TAMS 0x00000000c9400000, 0x00000000c9400000| Complete 
|   7|0x00000000c9500000, 0x00000000c9600000, 0x00000000c9600000|100%|HS|  |TAMS 0x00000000c9500000, 0x00000000c9500000| Complete 
|   8|0x00000000c9600000, 0x00000000c9600000, 0x00000000c9700000|  0%| F|  |TAMS 0x00000000c9600000, 0x00000000c9600000| Untracked 
|   9|0x00000000c9700000, 0x00000000c9700000, 0x00000000c9800000|  0%| F|  |TAMS 0x00000000c9700000, 0x00000000c9700000| Untracked 
|  10|0x00000000c9800000, 0x00000000c9800000, 0x00000000c9900000|  0%| F|  |TAMS 0x00000000c9800000, 0x00000000c9800000| Untracked 
|  11|0x00000000c9900000, 0x00000000c9900000, 0x00000000c9a00000|  0%| F|  |TAMS 0x00000000c9900000, 0x00000000c9900000| Untracked 
|  12|0x00000000c9a00000, 0x00000000c9a00000, 0x00000000c9b00000|  0%| F|  |TAMS 0x00000000c9a00000, 0x00000000c9a00000| Untracked 
|  13|0x00000000c9b00000, 0x00000000c9b00000, 0x00000000c9c00000|  0%| F|  |TAMS 0x00000000c9b00000, 0x00000000c9b00000| Untracked 
|  14|0x00000000c9c00000, 0x00000000c9c00000, 0x00000000c9d00000|  0%| F|  |TAMS 0x00000000c9c00000, 0x00000000c9c00000| Untracked 
|  15|0x00000000c9d00000, 0x00000000c9d00000, 0x00000000c9e00000|  0%| F|  |TAMS 0x00000000c9d00000, 0x00000000c9d00000| Untracked 
|  16|0x00000000c9e00000, 0x00000000c9e00000, 0x00000000c9f00000|  0%| F|  |TAMS 0x00000000c9e00000, 0x00000000c9e00000| Untracked 
|  17|0x00000000c9f00000, 0x00000000c9f00000, 0x00000000ca000000|  0%| F|  |TAMS 0x00000000c9f00000, 0x00000000c9f00000| Untracked 
|  18|0x00000000ca000000, 0x00000000ca000000, 0x00000000ca100000|  0%| F|  |TAMS 0x00000000ca000000, 0x00000000ca000000| Untracked 
|  19|0x00000000ca100000, 0x00000000ca100000, 0x00000000ca200000|  0%| F|  |TAMS 0x00000000ca100000, 0x00000000ca100000| Untracked 
|  20|0x00000000ca200000, 0x00000000ca200000, 0x00000000ca300000|  0%| F|  |TAMS 0x00000000ca200000, 0x00000000ca200000| Untracked 
|  21|0x00000000ca300000, 0x00000000ca300000, 0x00000000ca400000|  0%| F|  |TAMS 0x00000000ca300000, 0x00000000ca300000| Untracked 
|  22|0x00000000ca400000, 0x00000000ca400000, 0x00000000ca500000|  0%| F|  |TAMS 0x00000000ca400000, 0x00000000ca400000| Untracked 
|  23|0x00000000ca500000, 0x00000000ca56b460, 0x00000000ca600000| 41%| E|  |TAMS 0x00000000ca500000, 0x00000000ca500000| Complete 
|  24|0x00000000ca600000, 0x00000000ca700000, 0x00000000ca700000|100%| E|CS|TAMS 0x00000000ca600000, 0x00000000ca600000| Complete 
|  25|0x00000000ca700000, 0x00000000ca800000, 0x00000000ca800000|100%| E|CS|TAMS 0x00000000ca700000, 0x00000000ca700000| Complete 
|  26|0x00000000ca800000, 0x00000000ca900000, 0x00000000ca900000|100%| E|CS|TAMS 0x00000000ca800000, 0x00000000ca800000| Complete 
|  27|0x00000000ca900000, 0x00000000caa00000, 0x00000000caa00000|100%| E|CS|TAMS 0x00000000ca900000, 0x00000000ca900000| Complete 
|  28|0x00000000caa00000, 0x00000000cab00000, 0x00000000cab00000|100%| E|CS|TAMS 0x00000000caa00000, 0x00000000caa00000| Complete 
|  29|0x00000000cab00000, 0x00000000cac00000, 0x00000000cac00000|100%| E|CS|TAMS 0x00000000cab00000, 0x00000000cab00000| Complete 
|  30|0x00000000cac00000, 0x00000000cad00000, 0x00000000cad00000|100%| E|CS|TAMS 0x00000000cac00000, 0x00000000cac00000| Complete 
|  31|0x00000000cad00000, 0x00000000cae00000, 0x00000000cae00000|100%| E|CS|TAMS 0x00000000cad00000, 0x00000000cad00000| Complete 
|  32|0x00000000cae00000, 0x00000000caf00000, 0x00000000caf00000|100%| E|CS|TAMS 0x00000000cae00000, 0x00000000cae00000| Complete 
|  33|0x00000000caf00000, 0x00000000cb000000, 0x00000000cb000000|100%| E|CS|TAMS 0x00000000caf00000, 0x00000000caf00000| Complete 
|  34|0x00000000cb000000, 0x00000000cb100000, 0x00000000cb100000|100%| E|CS|TAMS 0x00000000cb000000, 0x00000000cb000000| Complete 
|  35|0x00000000cb100000, 0x00000000cb200000, 0x00000000cb200000|100%| E|CS|TAMS 0x00000000cb100000, 0x00000000cb100000| Complete 
|  36|0x00000000cb200000, 0x00000000cb300000, 0x00000000cb300000|100%| E|CS|TAMS 0x00000000cb200000, 0x00000000cb200000| Complete 
|  37|0x00000000cb300000, 0x00000000cb400000, 0x00000000cb400000|100%| E|CS|TAMS 0x00000000cb300000, 0x00000000cb300000| Complete 
|  38|0x00000000cb400000, 0x00000000cb500000, 0x00000000cb500000|100%| E|CS|TAMS 0x00000000cb400000, 0x00000000cb400000| Complete 
|  39|0x00000000cb500000, 0x00000000cb600000, 0x00000000cb600000|100%| E|CS|TAMS 0x00000000cb500000, 0x00000000cb500000| Complete 
|  40|0x00000000cb600000, 0x00000000cb700000, 0x00000000cb700000|100%| E|CS|TAMS 0x00000000cb600000, 0x00000000cb600000| Complete 
|  41|0x00000000cb700000, 0x00000000cb800000, 0x00000000cb800000|100%| E|CS|TAMS 0x00000000cb700000, 0x00000000cb700000| Complete 
|  42|0x00000000cb800000, 0x00000000cb900000, 0x00000000cb900000|100%| E|CS|TAMS 0x00000000cb800000, 0x00000000cb800000| Complete 
|  43|0x00000000cb900000, 0x00000000cba00000, 0x00000000cba00000|100%| E|CS|TAMS 0x00000000cb900000, 0x00000000cb900000| Complete 
|  44|0x00000000cba00000, 0x00000000cbb00000, 0x00000000cbb00000|100%| E|CS|TAMS 0x00000000cba00000, 0x00000000cba00000| Complete 
|  45|0x00000000cbb00000, 0x00000000cbbb33e8, 0x00000000cbc00000| 70%| S|CS|TAMS 0x00000000cbb00000, 0x00000000cbb00000| Complete 
|  46|0x00000000cbc00000, 0x00000000cbd00000, 0x00000000cbd00000|100%| S|CS|TAMS 0x00000000cbc00000, 0x00000000cbc00000| Complete 
|  47|0x00000000cbd00000, 0x00000000cbe00000, 0x00000000cbe00000|100%| E|CS|TAMS 0x00000000cbd00000, 0x00000000cbd00000| Complete 
|  48|0x00000000cbe00000, 0x00000000cbf00000, 0x00000000cbf00000|100%| E|CS|TAMS 0x00000000cbe00000, 0x00000000cbe00000| Complete 
|  49|0x00000000cbf00000, 0x00000000cc000000, 0x00000000cc000000|100%| E|CS|TAMS 0x00000000cbf00000, 0x00000000cbf00000| Complete 
|  50|0x00000000cc000000, 0x00000000cc100000, 0x00000000cc100000|100%| E|CS|TAMS 0x00000000cc000000, 0x00000000cc000000| Complete 
|  51|0x00000000cc100000, 0x00000000cc200000, 0x00000000cc200000|100%| E|CS|TAMS 0x00000000cc100000, 0x00000000cc100000| Complete 
|  52|0x00000000cc200000, 0x00000000cc300000, 0x00000000cc300000|100%| E|CS|TAMS 0x00000000cc200000, 0x00000000cc200000| Complete 
|  53|0x00000000cc300000, 0x00000000cc400000, 0x00000000cc400000|100%| E|CS|TAMS 0x00000000cc300000, 0x00000000cc300000| Complete 
|  54|0x00000000cc400000, 0x00000000cc500000, 0x00000000cc500000|100%| E|CS|TAMS 0x00000000cc400000, 0x00000000cc400000| Complete 
|  55|0x00000000cc500000, 0x00000000cc600000, 0x00000000cc600000|100%| E|CS|TAMS 0x00000000cc500000, 0x00000000cc500000| Complete 

Card table byte_map: [0x0000023f14720000,0x0000023f148e0000] _byte_map_base: 0x0000023f140d9000

Marking Bits (Prev, Next): (CMBitMap*) 0x0000023f149bc3a0, (CMBitMap*) 0x0000023f149bc3e0
 Prev Bits: [0x0000023f2b660000, 0x0000023f2c428000)
 Next Bits: [0x0000023f2c430000, 0x0000023f2d1f8000)

Polling page: 0x0000023f14130000

Metaspace:

Usage:
  Non-class:     17.71 MB used.
      Class:      2.27 MB used.
       Both:     19.98 MB used.

Virtual space:
  Non-class space:       64.00 MB reserved,      17.88 MB ( 28%) committed,  1 nodes.
      Class space:        1.00 GB reserved,       2.44 MB ( <1%) committed,  1 nodes.
             Both:        1.06 GB reserved,      20.31 MB (  2%) committed. 

Chunk freelists:
   Non-Class:  14.00 MB
       Class:  13.62 MB
        Both:  27.62 MB

MaxMetaspaceSize: unlimited
CompressedClassSpaceSize: 1.00 GB
Initial GC threshold: 21.00 MB
Current GC threshold: 21.00 MB
CDS: on
MetaspaceReclaimPolicy: balanced
 - commit_granule_bytes: 65536.
 - commit_granule_words: 8192.
 - virtual_space_node_default_size: 8388608.
 - enlarge_chunks_in_place: 1.
 - new_chunks_are_fully_committed: 0.
 - uncommit_free_chunks: 1.
 - use_allocation_guard: 0.
 - handle_deallocations: 1.


Internal statistics:

num_allocs_failed_limit: 0.
num_arena_births: 192.
num_arena_deaths: 0.
num_vsnodes_births: 2.
num_vsnodes_deaths: 0.
num_space_committed: 325.
num_space_uncommitted: 0.
num_chunks_returned_to_freelist: 0.
num_chunks_taken_from_freelist: 552.
num_chunk_merges: 0.
num_chunk_splits: 373.
num_chunks_enlarged: 248.
num_inconsistent_stats: 0.

CodeHeap 'non-profiled nmethods': size=120064Kb used=611Kb max_used=611Kb free=119452Kb
 bounds [0x0000023f23f60000, 0x0000023f241d0000, 0x0000023f2b4a0000]
CodeHeap 'profiled nmethods': size=120000Kb used=4230Kb max_used=4230Kb free=115770Kb
 bounds [0x0000023f1c4a0000, 0x0000023f1c8d0000, 0x0000023f239d0000]
CodeHeap 'non-nmethods': size=5696Kb used=1356Kb max_used=1372Kb free=4339Kb
 bounds [0x0000023f239d0000, 0x0000023f23c40000, 0x0000023f23f60000]
 total_blobs=2761 nmethods=2056 adapters=617
 compilation: enabled
              stopped_count=0, restarted_count=0
 full_count=0

Compilation events (20 events):
Event: 14.697 Thread 0x0000023f2f5b9660 nmethod 2044 0x0000023f1c8b7590 code [0x0000023f1c8b7760, 0x0000023f1c8b7b78]
Event: 14.706 Thread 0x0000023f2f5b9660 2045       3       sun.font.FontFamily::getFamily (17 bytes)
Event: 14.706 Thread 0x0000023f2f5b9660 nmethod 2045 0x0000023f1c8b7d10 code [0x0000023f1c8b7f00, 0x0000023f1c8b8348]
Event: 14.709 Thread 0x0000023f2f5b9660 2046       3       java.util.HashMap::keysToArray (81 bytes)
Event: 14.710 Thread 0x0000023f2f5b9660 nmethod 2046 0x0000023f1c8b8510 code [0x0000023f1c8b86e0, 0x0000023f1c8b8b98]
Event: 14.710 Thread 0x0000023f2f5b9660 2047       3       sun.font.TrueTypeFont::initAllNames (182 bytes)
Event: 14.711 Thread 0x0000023f2f5b9660 nmethod 2047 0x0000023f1c8b8d90 code [0x0000023f1c8b9060, 0x0000023f1c8b9c78]
Event: 14.761 Thread 0x0000023f2f54c6d0 2048   !   4       sun.font.TrueTypeFont::getTableBuffer (215 bytes)
Event: 14.764 Thread 0x0000023f2f5b9660 2051       3       java.lang.StringUTF16::toBytes (34 bytes)
Event: 14.764 Thread 0x0000023f2f5b9660 nmethod 2051 0x0000023f1c8ba210 code [0x0000023f1c8ba3c0, 0x0000023f1c8ba5e8]
Event: 14.764 Thread 0x0000023f2f5b9660 2052       3       java.lang.StringUTF16::hashCode (33 bytes)
Event: 14.765 Thread 0x0000023f2f5b9660 nmethod 2052 0x0000023f1c8ba790 code [0x0000023f1c8ba920, 0x0000023f1c8baad8]
Event: 14.765 Thread 0x0000023f2f5b9660 2053   !   3       sun.nio.cs.UnicodeDecoder::decodeLoop (304 bytes)
Event: 14.767 Thread 0x0000023f2f5b9660 nmethod 2053 0x0000023f1c8bac10 code [0x0000023f1c8baf80, 0x0000023f1c8bc9f8]
Event: 14.782 Thread 0x0000023f2f5b9660 2054       3       java.util.HashMap::prepareArray (38 bytes)
Event: 14.782 Thread 0x0000023f2f5b9660 nmethod 2054 0x0000023f1c8bd190 code [0x0000023f1c8bd380, 0x0000023f1c8bd998]
Event: 14.783 Thread 0x0000023f2f5b9660 2055       3       java.util.HashSet::toArray (16 bytes)
Event: 14.783 Thread 0x0000023f2f5b9660 nmethod 2055 0x0000023f1c8bdb90 code [0x0000023f1c8bdd40, 0x0000023f1c8bdf58]
Event: 14.800 Thread 0x0000023f2f5b9660 2056       3       java.lang.StringUTF16::newBytesFor (61 bytes)
Event: 14.801 Thread 0x0000023f2f5b9660 nmethod 2056 0x0000023f1c8be010 code [0x0000023f1c8be280, 0x0000023f1c8beb68]

GC Heap History (6 events):
Event: 2.697 GC heap before
{Heap before GC invocations=0 (full 0):
 garbage-first heap   total 57344K, used 5120K [0x00000000c8e00000, 0x0000000100000000)
  region size 1024K, 6 young (6144K), 0 survivors (0K)
 Metaspace       used 6351K, committed 6592K, reserved 1114112K
  class space    used 710K, committed 832K, reserved 1048576K
}
Event: 2.716 GC heap after
{Heap after GC invocations=1 (full 0):
 garbage-first heap   total 57344K, used 2128K [0x00000000c8e00000, 0x0000000100000000)
  region size 1024K, 1 young (1024K), 1 survivors (1024K)
 Metaspace       used 6351K, committed 6592K, reserved 1114112K
  class space    used 710K, committed 832K, reserved 1048576K
}
Event: 3.254 GC heap before
{Heap before GC invocations=1 (full 0):
 garbage-first heap   total 57344K, used 4176K [0x00000000c8e00000, 0x0000000100000000)
  region size 1024K, 4 young (4096K), 1 survivors (1024K)
 Metaspace       used 7239K, committed 7360K, reserved 1114112K
  class space    used 777K, committed 832K, reserved 1048576K
}
Event: 3.261 GC heap after
{Heap after GC invocations=2 (full 0):
 garbage-first heap   total 57344K, used 3136K [0x00000000c8e00000, 0x0000000100000000)
  region size 1024K, 1 young (1024K), 1 survivors (1024K)
 Metaspace       used 7239K, committed 7360K, reserved 1114112K
  class space    used 777K, committed 832K, reserved 1048576K
}
Event: 5.945 GC heap before
{Heap before GC invocations=2 (full 0):
 garbage-first heap   total 57344K, used 10304K [0x00000000c8e00000, 0x0000000100000000)
  region size 1024K, 9 young (9216K), 1 survivors (1024K)
 Metaspace       used 11476K, committed 11648K, reserved 1114112K
  class space    used 1186K, committed 1280K, reserved 1048576K
}
Event: 5.950 GC heap after
{Heap after GC invocations=3 (full 0):
 garbage-first heap   total 57344K, used 3920K [0x00000000c8e00000, 0x0000000100000000)
  region size 1024K, 2 young (2048K), 2 survivors (2048K)
 Metaspace       used 11476K, committed 11648K, reserved 1114112K
  class space    used 1186K, committed 1280K, reserved 1048576K
}

Dll operation events (14 events):
Event: 0.068 Loaded shared library C:\Users\Aouimeur Sabrine\AppData\Local\Programs\Eclipse Adoptium\jdk-17.0.10.7-hotspot\bin\java.dll
Event: 0.299 Loaded shared library C:\Users\Aouimeur Sabrine\AppData\Local\Programs\Eclipse Adoptium\jdk-17.0.10.7-hotspot\bin\jsvml.dll
Event: 0.660 Loaded shared library C:\Users\Aouimeur Sabrine\AppData\Local\Programs\Eclipse Adoptium\jdk-17.0.10.7-hotspot\bin\jimage.dll
Event: 0.683 Loaded shared library C:\Users\Aouimeur Sabrine\AppData\Local\Programs\Eclipse Adoptium\jdk-17.0.10.7-hotspot\bin\net.dll
Event: 0.696 Loaded shared library C:\Users\Aouimeur Sabrine\AppData\Local\Programs\Eclipse Adoptium\jdk-17.0.10.7-hotspot\bin\nio.dll
Event: 0.704 Loaded shared library C:\Users\Aouimeur Sabrine\AppData\Local\Programs\Eclipse Adoptium\jdk-17.0.10.7-hotspot\bin\zip.dll
Event: 0.788 Loaded shared library C:\Users\Aouimeur Sabrine\AppData\Local\Programs\Eclipse Adoptium\jdk-17.0.10.7-hotspot\bin\awt.dll
Event: 2.120 Loaded shared library C:\Users\Aouimeur Sabrine\AppData\Local\Programs\Eclipse Adoptium\jdk-17.0.10.7-hotspot\bin\management.dll
Event: 2.163 Loaded shared library C:\Users\Aouimeur Sabrine\AppData\Local\Programs\Eclipse Adoptium\jdk-17.0.10.7-hotspot\bin\management_ext.dll
Event: 6.330 Loaded shared library C:\Users\Aouimeur Sabrine\AppData\Local\Programs\Eclipse Adoptium\jdk-17.0.10.7-hotspot\bin\sunmscapi.dll
Event: 6.395 Loaded shared library C:\Users\Aouimeur Sabrine\AppData\Local\Programs\Eclipse Adoptium\jdk-17.0.10.7-hotspot\bin\extnet.dll
Event: 8.646 Loaded shared library C:\Users\Aouimeur Sabrine\AppData\Local\Programs\Eclipse Adoptium\jdk-17.0.10.7-hotspot\bin\javajpeg.dll
Event: 12.240 Loaded shared library C:\Users\Aouimeur Sabrine\AppData\Local\Programs\Eclipse Adoptium\jdk-17.0.10.7-hotspot\bin\freetype.dll
Event: 12.248 Loaded shared library C:\Users\Aouimeur Sabrine\AppData\Local\Programs\Eclipse Adoptium\jdk-17.0.10.7-hotspot\bin\fontmanager.dll

Deoptimization events (20 events):
Event: 12.730 Thread 0x0000023f79b81fe0 DEOPT PACKING pc=0x0000023f1c81106d sp=0x0000004613dfef00
Event: 12.730 Thread 0x0000023f79b81fe0 DEOPT UNPACKING pc=0x0000023f23a27143 sp=0x0000004613dfe370 mode 0
Event: 13.092 Thread 0x0000023f79b81fe0 DEOPT PACKING pc=0x0000023f1c7fe97f sp=0x0000004613dfef80
Event: 13.092 Thread 0x0000023f79b81fe0 DEOPT UNPACKING pc=0x0000023f23a27143 sp=0x0000004613dfe5b0 mode 0
Event: 13.122 Thread 0x0000023f79b81fe0 Uncommon trap: trap_request=0xffffff45 fr.pc=0x0000023f23fe281c relative=0x000000000000171c
Event: 13.122 Thread 0x0000023f79b81fe0 Uncommon trap: reason=unstable_if action=reinterpret pc=0x0000023f23fe281c method=sun.awt.image.PNGImageDecoder.produceImage()V @ 867 c2
Event: 13.122 Thread 0x0000023f79b81fe0 DEOPT PACKING pc=0x0000023f23fe281c sp=0x0000004613dff140
Event: 13.122 Thread 0x0000023f79b81fe0 DEOPT UNPACKING pc=0x0000023f23a269a3 sp=0x0000004613dff0b0 mode 2
Event: 13.705 Thread 0x0000023f79b84350 DEOPT PACKING pc=0x0000023f1c7ee3fe sp=0x0000004613cfcf90
Event: 13.705 Thread 0x0000023f79b84350 DEOPT UNPACKING pc=0x0000023f23a27143 sp=0x0000004613cfc400 mode 0
Event: 13.813 Thread 0x0000023f79b84350 DEOPT PACKING pc=0x0000023f1c7ee3fe sp=0x0000004613cfced0
Event: 13.813 Thread 0x0000023f79b84350 DEOPT UNPACKING pc=0x0000023f23a27143 sp=0x0000004613cfc340 mode 0
Event: 14.687 Thread 0x0000023f79b84350 Uncommon trap: trap_request=0xffffff45 fr.pc=0x0000023f23f68d34 relative=0x00000000000001b4
Event: 14.687 Thread 0x0000023f79b84350 Uncommon trap: reason=unstable_if action=reinterpret pc=0x0000023f23f68d34 method=java.lang.String.hashCode()I @ 20 c2
Event: 14.687 Thread 0x0000023f79b84350 DEOPT PACKING pc=0x0000023f23f68d34 sp=0x0000004613cfd260
Event: 14.687 Thread 0x0000023f79b84350 DEOPT UNPACKING pc=0x0000023f23a269a3 sp=0x0000004613cfd1f0 mode 2
Event: 14.763 Thread 0x0000023f79b84350 Uncommon trap: trap_request=0xffffff45 fr.pc=0x0000023f23ff813c relative=0x00000000000003fc
Event: 14.763 Thread 0x0000023f79b84350 Uncommon trap: reason=unstable_if action=reinterpret pc=0x0000023f23ff813c method=java.lang.Character.isSurrogate(C)Z @ 3 c2
Event: 14.763 Thread 0x0000023f79b84350 DEOPT PACKING pc=0x0000023f23ff813c sp=0x0000004613cfcf10
Event: 14.763 Thread 0x0000023f79b84350 DEOPT UNPACKING pc=0x0000023f23a269a3 sp=0x0000004613cfce28 mode 2

Classes unloaded (0 events):
No events

Classes redefined (0 events):
No events

Internal exceptions (20 events):
Event: 3.764 Thread 0x0000023f14985230 Exception <a 'java/lang/NoSuchMethodError'{0x00000000cc1f0088}: 'java.lang.Object java.lang.invoke.DirectMethodHandle$Holder.invokeStaticInit(java.lang.Object, java.lang.Object, java.lang.Object, java.lang.Object)'> (0x00000000cc1f0088) 
thrown [s\src\hotspot\share\interpreter\linkResolver.cpp, line 759]
Event: 3.804 Thread 0x0000023f14985230 Exception <a 'java/lang/NoSuchMethodError'{0x00000000cc0309e8}: 'int java.lang.invoke.DirectMethodHandle$Holder.invokeStaticInit(java.lang.Object, java.lang.Object)'> (0x00000000cc0309e8) 
thrown [s\src\hotspot\share\interpreter\linkResolver.cpp, line 759]
Event: 3.807 Thread 0x0000023f14985230 Exception <a 'java/lang/NoSuchMethodError'{0x00000000cc03aab0}: 'java.lang.Object java.lang.invoke.DirectMethodHandle$Holder.invokeStaticInit(java.lang.Object, java.lang.Object, java.lang.Object)'> (0x00000000cc03aab0) 
thrown [s\src\hotspot\share\interpreter\linkResolver.cpp, line 759]
Event: 3.956 Thread 0x0000023f14985230 Exception <a 'java/lang/NoSuchMethodError'{0x00000000cc09eba0}: 'void java.lang.invoke.DirectMethodHandle$Holder.invokeStaticInit(java.lang.Object, java.lang.Object)'> (0x00000000cc09eba0) 
thrown [s\src\hotspot\share\interpreter\linkResolver.cpp, line 759]
Event: 3.996 Thread 0x0000023f14985230 Exception <a 'java/lang/NoClassDefFoundError'{0x00000000cc0e6e28}: oracle/dms/console/DMSConsole> (0x00000000cc0e6e28) 
thrown [s\src\hotspot\share\classfile\systemDictionary.cpp, line 245]
Event: 3.996 Thread 0x0000023f14985230 Exception <a 'java/lang/reflect/InvocationTargetException'{0x00000000cc0e70f8}> (0x00000000cc0e70f8) 
thrown [s\src\hotspot\share\runtime\reflection.cpp, line 1121]
Event: 5.323 Thread 0x0000023f14985230 Exception <a 'java/lang/NoSuchMethodError'{0x00000000cbd9a040}: 'java.lang.Object java.lang.invoke.DirectMethodHandle$Holder.invokeStaticInit(java.lang.Object, int, int, int, int)'> (0x00000000cbd9a040) 
thrown [s\src\hotspot\share\interpreter\linkResolver.cpp, line 759]
Event: 6.123 Thread 0x0000023f14985230 Exception <a 'java/lang/NoSuchMethodError'{0x00000000cc59fff8}: 'java.lang.Object java.lang.invoke.DirectMethodHandle$Holder.invokeStaticInit(java.lang.Object, java.lang.Object, int, int, int, int)'> (0x00000000cc59fff8) 
thrown [s\src\hotspot\share\interpreter\linkResolver.cpp, line 759]
Event: 6.181 Thread 0x0000023f14985230 Exception <a 'java/lang/NullPointerException'{0x00000000cc432718}> (0x00000000cc432718) 
thrown [s\src\hotspot\share\interpreter\linkResolver.cpp, line 1350]
Event: 6.496 Thread 0x0000023f14985230 Exception <a 'java/lang/NoSuchMethodError'{0x00000000cc3f29e8}: 'java.lang.Object java.lang.invoke.DirectMethodHandle$Holder.newInvokeSpecial(java.lang.Object, java.lang.Object, java.lang.Object, int)'> (0x00000000cc3f29e8) 
thrown [s\src\hotspot\share\interpreter\linkResolver.cpp, line 759]
Event: 6.499 Thread 0x0000023f14985230 Exception <a 'java/lang/NoSuchMethodError'{0x00000000cc3f6dc8}: 'java.lang.Object java.lang.invoke.DirectMethodHandle$Holder.invokeSpecial(java.lang.Object, java.lang.Object, java.lang.Object, java.lang.Object, int)'> (0x00000000cc3f6dc8) 
thrown [s\src\hotspot\share\interpreter\linkResolver.cpp, line 759]
Event: 6.500 Thread 0x0000023f14985230 Exception <a 'java/lang/NoSuchMethodError'{0x00000000cc3fa990}: 'java.lang.Object java.lang.invoke.Invokers$Holder.linkToTargetMethod(java.lang.Object, java.lang.Object, int, java.lang.Object)'> (0x00000000cc3fa990) 
thrown [s\src\hotspot\share\interpreter\linkResolver.cpp, line 759]
Event: 6.815 Thread 0x0000023f14985230 Exception <a 'java/lang/NoSuchMethodError'{0x00000000cc20f530}: 'int java.lang.invoke.DirectMethodHandle$Holder.invokeSpecialIFC(java.lang.Object, java.lang.Object, java.lang.Object)'> (0x00000000cc20f530) 
thrown [s\src\hotspot\share\interpreter\linkResolver.cpp, line 759]
Event: 6.849 Thread 0x0000023f14985230 Exception <a 'java/lang/NoSuchMethodError'{0x00000000cc24b780}: 'java.lang.Object java.lang.invoke.DirectMethodHandle$Holder.invokeVirtual(java.lang.Object, java.lang.Object, int)'> (0x00000000cc24b780) 
thrown [s\src\hotspot\share\interpreter\linkResolver.cpp, line 759]
Event: 7.300 Thread 0x0000023f14985230 Exception <a 'sun/nio/fs/WindowsException'{0x00000000cbe15808}> (0x00000000cbe15808) 
thrown [s\src\hotspot\share\prims\jni.cpp, line 516]
Event: 7.496 Thread 0x0000023f14985230 Exception <a 'java/lang/NoSuchMethodError'{0x00000000cbe718c0}: 'java.lang.Object java.lang.invoke.DirectMethodHandle$Holder.newInvokeSpecial(java.lang.Object, java.lang.Object, int)'> (0x00000000cbe718c0) 
thrown [s\src\hotspot\share\interpreter\linkResolver.cpp, line 759]
Event: 8.526 Thread 0x0000023f79b81fe0 Implicit null exception at 0x0000023f23fa9ed5 to 0x0000023f23faa490
Event: 8.526 Thread 0x0000023f79b81fe0 Implicit null exception at 0x0000023f23fa8d52 to 0x0000023f23fa92fc
Event: 8.649 Thread 0x0000023f79b81fe0 Exception <a 'java/lang/NoSuchMethodError'{0x00000000cb580f30}: 'java.lang.Object java.lang.invoke.DirectMethodHandle$Holder.newInvokeSpecial(java.lang.Object, java.lang.Object, java.lang.Object, int, int, int, int, int)'> (0x00000000cb580f30) 
thrown [s\src\hotspot\share\interpreter\linkResolver.cpp, line 759]
Event: 13.334 Thread 0x0000023f2fa02500 Exception <a 'java/lang/NoSuchMethodError'{0x00000000cb186d10}: 'void java.lang.invoke.DirectMethodHandle$Holder.invokeVirtual(java.lang.Object, java.lang.Object)'> (0x00000000cb186d10) 
thrown [s\src\hotspot\share\interpreter\linkResolver.cpp, line 759]

VM Operations (20 events):
Event: 7.315 Executing VM operation: HandshakeAllThreads
Event: 7.315 Executing VM operation: HandshakeAllThreads done
Event: 8.258 Executing VM operation: HandshakeAllThreads
Event: 8.258 Executing VM operation: HandshakeAllThreads done
Event: 9.258 Executing VM operation: Cleanup
Event: 9.258 Executing VM operation: Cleanup done
Event: 10.258 Executing VM operation: Cleanup
Event: 10.258 Executing VM operation: Cleanup done
Event: 12.259 Executing VM operation: Cleanup
Event: 12.259 Executing VM operation: Cleanup done
Event: 12.410 Executing VM operation: HandshakeAllThreads
Event: 12.410 Executing VM operation: HandshakeAllThreads done
Event: 13.345 Executing VM operation: HandshakeAllThreads
Event: 13.345 Executing VM operation: HandshakeAllThreads done
Event: 13.345 Executing VM operation: Cleanup
Event: 13.345 Executing VM operation: Cleanup done
Event: 13.417 Executing VM operation: HandshakeAllThreads
Event: 13.417 Executing VM operation: HandshakeAllThreads done
Event: 14.419 Executing VM operation: Cleanup
Event: 14.419 Executing VM operation: Cleanup done

Events (20 events):
Event: 13.440 loading class sun/font/CMap$NullCMapClass
Event: 13.440 loading class sun/font/CMap$NullCMapClass done
Event: 13.440 loading class sun/font/CMap$CMapFormat4
Event: 13.441 loading class sun/font/CMap$CMapFormat4 done
Event: 13.441 loading class java/nio/ByteBufferAsCharBufferB
Event: 13.441 loading class java/nio/ByteBufferAsCharBufferB done
Event: 13.450 loading class sun/font/FontDesignMetrics$KeyReference
Event: 13.451 loading class sun/font/FontDesignMetrics$KeyReference done
Event: 13.451 loading class sun/java2d/d3d/D3DSurfaceDataProxy
Event: 13.452 loading class sun/java2d/d3d/D3DSurfaceDataProxy done
Event: 13.463 loading class sun/font/SunFontManager$FamilyDescription
Event: 13.463 loading class sun/font/SunFontManager$FamilyDescription done
Event: 13.642 loading class sun/font/SunFontManager$4
Event: 13.642 loading class sun/font/SunFontManager$4 done
Event: 13.712 loading class sun/font/SunFontManager$9
Event: 13.713 loading class sun/font/SunFontManager$9 done
Event: 13.719 loading class sun/font/SunFontManager$10
Event: 13.719 loading class sun/font/SunFontManager$10 done
Event: 14.390 loading class jdk/internal/access/foreign/MemorySegmentProxy
Event: 14.390 loading class jdk/internal/access/foreign/MemorySegmentProxy done


Dynamic libraries:
0x00007ff77a6c0000 - 0x00007ff77a6ce000 	C:\Users\Aouimeur Sabrine\AppData\Local\Programs\Eclipse Adoptium\jdk-17.0.10.7-hotspot\bin\java.exe
0x00007ffa35210000 - 0x00007ffa35427000 	C:\WINDOWS\SYSTEM32\ntdll.dll
0x00007ffa07800000 - 0x00007ffa07819000 	C:\Program Files\AVG\Antivirus\aswhook.dll
0x00007ffa34710000 - 0x00007ffa347d4000 	C:\WINDOWS\System32\KERNEL32.DLL
0x00007ffa326c0000 - 0x00007ffa32a67000 	C:\WINDOWS\System32\KERNELBASE.dll
0x00007ffa32ae0000 - 0x00007ffa32bf1000 	C:\WINDOWS\System32\ucrtbase.dll
0x00007ffa16d50000 - 0x00007ffa16d67000 	C:\Users\Aouimeur Sabrine\AppData\Local\Programs\Eclipse Adoptium\jdk-17.0.10.7-hotspot\bin\jli.dll
0x00007ffa10960000 - 0x00007ffa1097b000 	C:\Users\Aouimeur Sabrine\AppData\Local\Programs\Eclipse Adoptium\jdk-17.0.10.7-hotspot\bin\VCRUNTIME140.dll
0x00007ffa34a00000 - 0x00007ffa34bae000 	C:\WINDOWS\System32\USER32.dll
0x00007ffa325d0000 - 0x00007ffa325f6000 	C:\WINDOWS\System32\win32u.dll
0x00007ffa331b0000 - 0x00007ffa331d9000 	C:\WINDOWS\System32\GDI32.dll
0x00007ffa32da0000 - 0x00007ffa32eb9000 	C:\WINDOWS\System32\gdi32full.dll
0x00007ffa32530000 - 0x00007ffa325ca000 	C:\WINDOWS\System32\msvcp_win.dll
0x00007ffa31710000 - 0x00007ffa319a3000 	C:\WINDOWS\WinSxS\amd64_microsoft.windows.common-controls_6595b64144ccf1df_6.0.22621.3527_none_270e469b73872a76\COMCTL32.dll
0x00007ffa32f50000 - 0x00007ffa32ff7000 	C:\WINDOWS\System32\msvcrt.dll
0x00007ffa34900000 - 0x00007ffa34931000 	C:\WINDOWS\System32\IMM32.DLL
0x00007ffa17030000 - 0x00007ffa1703c000 	C:\Users\Aouimeur Sabrine\AppData\Local\Programs\Eclipse Adoptium\jdk-17.0.10.7-hotspot\bin\vcruntime140_1.dll
0x00007ff9e8950000 - 0x00007ff9e89dd000 	C:\Users\Aouimeur Sabrine\AppData\Local\Programs\Eclipse Adoptium\jdk-17.0.10.7-hotspot\bin\msvcp140.dll
0x00007ff97aee0000 - 0x00007ff97bb42000 	C:\Users\Aouimeur Sabrine\AppData\Local\Programs\Eclipse Adoptium\jdk-17.0.10.7-hotspot\bin\server\jvm.dll
0x00007ffa33480000 - 0x00007ffa33532000 	C:\WINDOWS\System32\ADVAPI32.dll
0x00007ffa34940000 - 0x00007ffa349e8000 	C:\WINDOWS\System32\sechost.dll
0x00007ffa32c00000 - 0x00007ffa32c28000 	C:\WINDOWS\System32\bcrypt.dll
0x00007ffa34f40000 - 0x00007ffa35055000 	C:\WINDOWS\System32\RPCRT4.dll
0x00007ffa323f0000 - 0x00007ffa3243d000 	C:\WINDOWS\SYSTEM32\POWRPROF.dll
0x00007ffa2b840000 - 0x00007ffa2b874000 	C:\WINDOWS\SYSTEM32\WINMM.dll
0x00007ffa1f150000 - 0x00007ffa1f159000 	C:\WINDOWS\SYSTEM32\WSOCK32.dll
0x00007ffa33400000 - 0x00007ffa33471000 	C:\WINDOWS\System32\WS2_32.dll
0x00007ffa2a5d0000 - 0x00007ffa2a5da000 	C:\WINDOWS\SYSTEM32\VERSION.dll
0x00007ffa323d0000 - 0x00007ffa323e3000 	C:\WINDOWS\SYSTEM32\UMPDC.dll
0x00007ffa30d10000 - 0x00007ffa30d28000 	C:\WINDOWS\SYSTEM32\kernel.appcore.dll
0x00007ffa17000000 - 0x00007ffa1700a000 	C:\Users\Aouimeur Sabrine\AppData\Local\Programs\Eclipse Adoptium\jdk-17.0.10.7-hotspot\bin\jimage.dll
0x00007ffa31da0000 - 0x00007ffa31fd2000 	C:\WINDOWS\SYSTEM32\DBGHELP.DLL
0x00007ffa34bb0000 - 0x00007ffa34f38000 	C:\WINDOWS\System32\combase.dll
0x00007ffa34800000 - 0x00007ffa348d7000 	C:\WINDOWS\System32\OLEAUT32.dll
0x00007ffa31c90000 - 0x00007ffa31cc2000 	C:\WINDOWS\SYSTEM32\dbgcore.DLL
0x00007ffa32ec0000 - 0x00007ffa32f39000 	C:\WINDOWS\System32\bcryptPrimitives.dll
0x00007ffa06ab0000 - 0x00007ffa06ad5000 	C:\Users\Aouimeur Sabrine\AppData\Local\Programs\Eclipse Adoptium\jdk-17.0.10.7-hotspot\bin\java.dll
0x00007ff9e7ca0000 - 0x00007ff9e7d77000 	C:\Users\Aouimeur Sabrine\AppData\Local\Programs\Eclipse Adoptium\jdk-17.0.10.7-hotspot\bin\jsvml.dll
0x00007ffa336a0000 - 0x00007ffa33efc000 	C:\WINDOWS\System32\SHELL32.dll
0x00007ffa2fbc0000 - 0x00007ffa304b6000 	C:\WINDOWS\SYSTEM32\windows.storage.dll
0x00007ffa2fa60000 - 0x00007ffa2fb9e000 	C:\WINDOWS\SYSTEM32\wintypes.dll
0x00007ffa335a0000 - 0x00007ffa33695000 	C:\WINDOWS\System32\SHCORE.dll
0x00007ffa33fc0000 - 0x00007ffa3401e000 	C:\WINDOWS\System32\shlwapi.dll
0x00007ffa32460000 - 0x00007ffa32481000 	C:\WINDOWS\SYSTEM32\profapi.dll
0x00007ffa06bf0000 - 0x00007ffa06c09000 	C:\Users\Aouimeur Sabrine\AppData\Local\Programs\Eclipse Adoptium\jdk-17.0.10.7-hotspot\bin\net.dll
0x00007ffa2b600000 - 0x00007ffa2b736000 	C:\WINDOWS\SYSTEM32\WINHTTP.dll
0x00007ffa312a0000 - 0x00007ffa31309000 	C:\WINDOWS\system32\mswsock.dll
0x00007ffa02130000 - 0x00007ffa02146000 	C:\Users\Aouimeur Sabrine\AppData\Local\Programs\Eclipse Adoptium\jdk-17.0.10.7-hotspot\bin\nio.dll
0x00007ff9f9ab0000 - 0x00007ff9f9ac8000 	C:\Users\Aouimeur Sabrine\AppData\Local\Programs\Eclipse Adoptium\jdk-17.0.10.7-hotspot\bin\zip.dll
0x00007ff9b9f00000 - 0x00007ff9ba090000 	C:\Users\Aouimeur Sabrine\AppData\Local\Programs\Eclipse Adoptium\jdk-17.0.10.7-hotspot\bin\awt.dll
0x00007ffa2ed20000 - 0x00007ffa2edb7000 	C:\WINDOWS\SYSTEM32\apphelp.dll
0x00007ffa2f030000 - 0x00007ffa2f05b000 	C:\WINDOWS\system32\DWMAPI.DLL
0x00007ffa2ede0000 - 0x00007ffa2ee8b000 	C:\WINDOWS\system32\uxtheme.dll
0x00007ff9e8140000 - 0x00007ff9e8240000 	C:\WINDOWS\system32\opengl32.dll
0x00007ff9e0520000 - 0x00007ff9e054d000 	C:\WINDOWS\SYSTEM32\GLU32.dll
0x00007ffa2eec0000 - 0x00007ffa2eef9000 	C:\WINDOWS\SYSTEM32\dxcore.dll
0x00007ffa340a0000 - 0x00007ffa341f3000 	C:\WINDOWS\System32\MSCTF.dll
0x00007ffa33000000 - 0x00007ffa331a5000 	C:\WINDOWS\System32\ole32.dll
0x00007ff9f0920000 - 0x00007ff9f0ac9000 	C:\WINDOWS\system32\d3d9.dll
0x00007ffa27000000 - 0x00007ffa271db000 	C:\WINDOWS\System32\DriverStore\FileRepository\u0364341.inf_amd64_c22b73fb0c3a32d3\B364190\aticfx64.dll
0x00007ff9ef270000 - 0x00007ff9ef2a3000 	C:\WINDOWS\System32\DriverStore\FileRepository\u0364341.inf_amd64_c22b73fb0c3a32d3\B364190\atiu9p64.dll
0x00007ff9731a0000 - 0x00007ff973e36000 	C:\WINDOWS\System32\DriverStore\FileRepository\u0364341.inf_amd64_c22b73fb0c3a32d3\B364190\atiumd64.dll
0x00000000660c0000 - 0x0000000066f3d000 	C:\WINDOWS\System32\DriverStore\FileRepository\u0364341.inf_amd64_c22b73fb0c3a32d3\B364190\atiumd6a.dll
0x00007ffa25080000 - 0x00007ffa250af000 	C:\WINDOWS\SYSTEM32\amdihk64.dll
0x00007ffa27230000 - 0x00007ffa2727a000 	C:\WINDOWS\SYSTEM32\directxdatabasehelper.dll
0x00007ffa16e10000 - 0x00007ffa16e19000 	C:\Users\Aouimeur Sabrine\AppData\Local\Programs\Eclipse Adoptium\jdk-17.0.10.7-hotspot\bin\management.dll
0x00007ffa16c40000 - 0x00007ffa16c4b000 	C:\Users\Aouimeur Sabrine\AppData\Local\Programs\Eclipse Adoptium\jdk-17.0.10.7-hotspot\bin\management_ext.dll
0x00007ffa331e0000 - 0x00007ffa331e8000 	C:\WINDOWS\System32\PSAPI.DLL
0x00007ffa30810000 - 0x00007ffa30908000 	C:\WINDOWS\SYSTEM32\DNSAPI.dll
0x00007ffa307e0000 - 0x00007ffa3080d000 	C:\WINDOWS\SYSTEM32\IPHLPAPI.DLL
0x00007ffa33fb0000 - 0x00007ffa33fb9000 	C:\WINDOWS\System32\NSI.dll
0x00007ffa20ff0000 - 0x00007ffa20ffa000 	C:\Windows\System32\rasadhlp.dll
0x00007ffa2a5e0000 - 0x00007ffa2a663000 	C:\WINDOWS\System32\fwpuclnt.dll
0x00007ffa320d0000 - 0x00007ffa320eb000 	C:\WINDOWS\SYSTEM32\CRYPTSP.dll
0x00007ffa30c50000 - 0x00007ffa30c85000 	C:\WINDOWS\system32\rsaenh.dll
0x00007ffa31520000 - 0x00007ffa31548000 	C:\WINDOWS\SYSTEM32\USERENV.dll
0x00007ffa31550000 - 0x00007ffa3155c000 	C:\WINDOWS\SYSTEM32\CRYPTBASE.dll
0x00007ffa2b530000 - 0x00007ffa2b549000 	C:\WINDOWS\SYSTEM32\dhcpcsvc6.DLL
0x00007ffa2b510000 - 0x00007ffa2b52f000 	C:\WINDOWS\SYSTEM32\dhcpcsvc.DLL
0x00007ffa15f50000 - 0x00007ffa15f5e000 	C:\Users\Aouimeur Sabrine\AppData\Local\Programs\Eclipse Adoptium\jdk-17.0.10.7-hotspot\bin\sunmscapi.dll
0x00007ffa32c30000 - 0x00007ffa32d98000 	C:\WINDOWS\System32\CRYPT32.dll
0x00007ffa316e0000 - 0x00007ffa3170e000 	C:\WINDOWS\SYSTEM32\ncrypt.dll
0x00007ffa316a0000 - 0x00007ffa316d7000 	C:\WINDOWS\SYSTEM32\NTASN1.dll
0x00007ff9c8070000 - 0x00007ff9c8078000 	C:\WINDOWS\system32\wshunix.dll
0x00007ffa14100000 - 0x00007ffa14109000 	C:\Users\Aouimeur Sabrine\AppData\Local\Programs\Eclipse Adoptium\jdk-17.0.10.7-hotspot\bin\extnet.dll
0x00007ffa172f0000 - 0x00007ffa17307000 	C:\WINDOWS\system32\napinsp.dll
0x00007ffa172d0000 - 0x00007ffa172eb000 	C:\WINDOWS\system32\pnrpnsp.dll
0x00007ffa172b0000 - 0x00007ffa172c1000 	C:\WINDOWS\System32\winrnr.dll
0x00007ffa17290000 - 0x00007ffa172a5000 	C:\WINDOWS\system32\wshbth.dll
0x00007ffa17260000 - 0x00007ffa17287000 	C:\WINDOWS\system32\nlansp_c.dll
0x00007ff9ef020000 - 0x00007ff9ef04d000 	C:\Users\Aouimeur Sabrine\AppData\Local\Programs\Eclipse Adoptium\jdk-17.0.10.7-hotspot\bin\javajpeg.dll
0x00007ff9bd620000 - 0x00007ff9bd6a7000 	C:\Users\Aouimeur Sabrine\AppData\Local\Programs\Eclipse Adoptium\jdk-17.0.10.7-hotspot\bin\freetype.dll
0x00007ff9bae10000 - 0x00007ff9baee3000 	C:\Users\Aouimeur Sabrine\AppData\Local\Programs\Eclipse Adoptium\jdk-17.0.10.7-hotspot\bin\fontmanager.dll
0x00007ffa33f00000 - 0x00007ffa33fb0000 	C:\WINDOWS\System32\clbcatq.dll
0x00007ffa2d6f0000 - 0x00007ffa2d8a0000 	C:\WINDOWS\SYSTEM32\WindowsCodecs.dll
0x00007ffa11f80000 - 0x00007ffa11fde000 	C:\WINDOWS\system32\dataexchange.dll
0x00007ffa27e00000 - 0x00007ffa2808b000 	C:\WINDOWS\system32\twinapi.appcore.dll
0x00007ffa23950000 - 0x00007ffa23a9b000 	C:\WINDOWS\SYSTEM32\textinputframework.dll
0x00007ffa1f680000 - 0x00007ffa1fac4000 	C:\WINDOWS\SYSTEM32\uiautomationcore.dll
0x00007ffa12f80000 - 0x00007ffa12fe9000 	C:\WINDOWS\SYSTEM32\OLEACC.dll
0x00007ffa22360000 - 0x00007ffa22375000 	C:\Windows\System32\threadpoolwinrt.dll

dbghelp: loaded successfully - version: 4.0.5 - missing functions: none
symbol engine: initialized successfully - sym options: 0x614 - pdb path: .;C:\Users\Aouimeur Sabrine\AppData\Local\Programs\Eclipse Adoptium\jdk-17.0.10.7-hotspot\bin;C:\WINDOWS\SYSTEM32;C:\Program Files\AVG\Antivirus;C:\WINDOWS\WinSxS\amd64_microsoft.windows.common-controls_6595b64144ccf1df_6.0.22621.3527_none_270e469b73872a76;C:\Users\Aouimeur Sabrine\AppData\Local\Programs\Eclipse Adoptium\jdk-17.0.10.7-hotspot\bin\server;C:\WINDOWS\System32\DriverStore\FileRepository\u0364341.inf_amd64_c22b73fb0c3a32d3\B364190

VM Arguments:
jvm_args: -XX:+ShowCodeDetailsInExceptionMessages 
java_command: main.ui.LoginFrame
java_class_path (initial): C:\Users\Aouimeur Sabrine\AppData\Roaming\Code\User\workspaceStorage\71e7c252d79c2a0c943cfb81f7c9264c\redhat.java\jdt_ws\Real-estate-agency-app_b6ae75e9\bin;c:\Users\Aouimeur Sabrine\Downloads\rs2xml.jar;c:\Users\Aouimeur Sabrine\Downloads\ojdbc11.jar;c:\Users\Aouimeur Sabrine\Documents\GitHub\Real-estate-agency-app\AppImmo\lib\smtp-1.4.4.jar
Launcher Type: SUN_STANDARD

[Global flags]
     intx CICompilerCount                          = 2                                         {product} {ergonomic}
     uint ConcGCThreads                            = 1                                         {product} {ergonomic}
     uint G1ConcRefinementThreads                  = 2                                         {product} {ergonomic}
   size_t G1HeapRegionSize                         = 1048576                                   {product} {ergonomic}
    uintx GCDrainStackTargetSize                   = 64                                        {product} {ergonomic}
   size_t InitialHeapSize                          = 58720256                                  {product} {ergonomic}
   size_t MarkStackSize                            = 4194304                                   {product} {ergonomic}
   size_t MaxHeapSize                              = 924844032                                 {product} {ergonomic}
   size_t MaxNewSize                               = 554696704                                 {product} {ergonomic}
   size_t MinHeapDeltaBytes                        = 1048576                                   {product} {ergonomic}
   size_t MinHeapSize                              = 8388608                                   {product} {ergonomic}
    uintx NonNMethodCodeHeapSize                   = 5826188                                {pd product} {ergonomic}
    uintx NonProfiledCodeHeapSize                  = 122916026                              {pd product} {ergonomic}
    uintx ProfiledCodeHeapSize                     = 122916026                              {pd product} {ergonomic}
    uintx ReservedCodeCacheSize                    = 251658240                              {pd product} {ergonomic}
     bool SegmentedCodeCache                       = true                                      {product} {ergonomic}
     bool ShowCodeDetailsInExceptionMessages       = true                                   {manageable} {command line}
   size_t SoftMaxHeapSize                          = 924844032                              {manageable} {ergonomic}
     bool UseCompressedClassPointers               = true                           {product lp64_product} {ergonomic}
     bool UseCompressedOops                        = true                           {product lp64_product} {ergonomic}
     bool UseG1GC                                  = true                                      {product} {ergonomic}
     bool UseLargePagesIndividualAllocation        = false                                  {pd product} {ergonomic}

Logging:
Log output configuration:
 #0: stdout all=warning uptime,level,tags
 #1: stderr all=off uptime,level,tags

Environment Variables:
JAVA_HOME=C:\Users\Aouimeur Sabrine\AppData\Local\Programs\Eclipse Adoptium\jdk-17.0.10.7-hotspot\
PATH=C:\oraclexe\app\oracle\product\11.2.0\server\bin;C:\Program Files (x86)\VMware\VMware Workstation\bin\;C:\WINDOWS\system32;C:\WINDOWS;C:\WINDOWS\System32\Wbem;C:\WINDOWS\System32\WindowsPowerShell\v1.0\;C:\WINDOWS\System32\OpenSSH\;C:\Users\Aouimeur Sabrine\AppData\Local\Programs\Eclipse Adoptium\jdk-17.0.10.7-hotspot\bin;C:\Python\Python312\Scripts\;C:\Python\Python312\;C:\Users\Aouimeur Sabrine\AppData\Local\Microsoft\WindowsApps;C:\Users\Aouimeur Sabrine\AppData\Local\Programs\Microsoft VS Code\bin;C:\Users\Aouimeur Sabrine\AppData\Local\GitHubDesktop\bin
USERNAME=Aouimeur Sabrine
LANG=en_US.UTF-8
OS=Windows_NT
PROCESSOR_IDENTIFIER=AMD64 Family 23 Model 32 Stepping 1, AuthenticAMD
TMP=C:\Users\AOUIME~1\AppData\Local\Temp
TEMP=C:\Users\AOUIME~1\AppData\Local\Temp



Periodic native trim disabled


---------------  S Y S T E M  ---------------

OS:
 Windows 11 , 64 bit Build 22621 (10.0.22621.3527)
OS uptime: 1 days 8:30 hours

CPU: total 2 (initial active 2) (2 cores per cpu, 1 threads per core) family 23 model 32 stepping 1 microcode 0x0, cx8, cmov, fxsr, mmx, 3dnowpref, sse, sse2, sse3, ssse3, sse4a, sse4.1, sse4.2, popcnt, lzcnt, tsc, tscinvbit, avx, avx2, aes, clmul, bmi1, bmi2, adx, sha, fma, vzeroupper, clflush, clflushopt
Processor Information for all 2 processors :
  Max Mhz: 1200, Current Mhz: 1200, Mhz Limit: 1200

Memory: 4k page, system-wide physical 3521M (22M free)
TotalPageFile size 14273M (AvailPageFile size 5M)
current process WorkingSet (physical memory assigned to process): 139M, peak: 139M
current process commit charge ("private bytes"): 189M, peak: 189M

vm_info: OpenJDK 64-Bit Server VM (17.0.10+7) for windows-amd64 JRE (17.0.10+7), built on Jan 16 2024 23:25:11 by "admin" with MS VC++ 16.10 / 16.11 (VS2019)

END.
